CSC000-plane1-SNLKT-ripper
/snlkt/data/_DATA/specialk_cs/2p/raw/CSC000/20220119
20211216_CSE021_plane1_-733.45_raw-134
5.5.64.500
47285
2022-01-24 16:32:26.574 rip:214 INFO Container Started for 20211216_CSE021_plane1_-733.45_raw-134
2022-01-24 16:32:26.574 rip:41 INFO Path available /data/20211216_CSE021_plane1_-733.45_raw-134
2022-01-24 16:32:26.574 rip:43 INFO Ripping to: /tmp/20211216_CSE021_plane1_-733.45_raw-134
2022-01-24 16:32:26.578 rip:66 INFO Ripping from:
 /data/20211216_CSE021_plane1_-733.45_raw-134/20211216_CSE021_plane1_-733.45_raw-134_Cycle00001_VoltageRecording_001_VRFilelist.txt
 /data/20211216_CSE021_plane1_-733.45_raw-134/Cycle00001_Filelist.txt
 /data/20211216_CSE021_plane1_-733.45_raw-134/CYCLE_000001_RAWDATA_002012
 /data/20211216_CSE021_plane1_-733.45_raw-134/CYCLE_000001_RAWDATA_002013
 /data/20211216_CSE021_plane1_-733.45_raw-134/CYCLE_000001_RAWDATA_002014
 /data/20211216_CSE021_plane1_-733.45_raw-134/CYCLE_000001_RAWDATA_002015
 /data/20211216_CSE021_plane1_-733.45_raw-134/CYCLE_000001_RAWDATA_002016
 /data/20211216_CSE021_plane1_-733.45_raw-134/CYCLE_000001_RAWDATA_002017
 /data/20211216_CSE021_plane1_-733.45_raw-134/CYCLE_000001_RAWDATA_002018
 /data/20211216_CSE021_plane1_-733.45_raw-134/CYCLE_000001_RAWDATA_002019
 /data/20211216_CSE021_plane1_-733.45_raw-134/CYCLE_000001_RAWDATA_002020
 /data/20211216_CSE021_plane1_-733.45_raw-134/CYCLE_000001_RAWDATA_002021
 /data/20211216_CSE021_plane1_-733.45_raw-134/CYCLE_000001_RAWDATA_002022
 /data/20211216_CSE021_plane1_-733.45_raw-134/CYCLE_000001_RAWDATA_002023
 /data/20211216_CSE021_plane1_-733.45_raw-134/CYCLE_000001_RAWDATA_002024
 /data/20211216_CSE021_plane1_-733.45_raw-134/CYCLE_000001_RAWDATA_002025
 /data/20211216_CSE021_plane1_-733.45_raw-134/CYCLE_000001_RAWDATA_002026
 /data/20211216_CSE021_plane1_-733.45_raw-134/CYCLE_000001_RAWDATA_002027
 /data/20211216_CSE021_plane1_-733.45_raw-134/CYCLE_000001_RAWDATA_002028
 /data/20211216_CSE021_plane1_-733.45_raw-134/CYCLE_000001_RAWDATA_002029
 /data/20211216_CSE021_plane1_-733.45_raw-134/CYCLE_000001_RAWDATA_002030
 /data/20211216_CSE021_plane1_-733.45_raw-134/CYCLE_000001_RAWDATA_002031
 /data/20211216_CSE021_plane1_-733.45_raw-134/CYCLE_000001_RAWDATA_002032
 /data/20211216_CSE021_plane1_-733.45_raw-134/CYCLE_000001_RAWDATA_002033
 /data/20211216_CSE021_plane1_-733.45_raw-134/CYCLE_000001_RAWDATA_002034
 /data/20211216_CSE021_plane1_-733.45_raw-134/CYCLE_000001_RAWDATA_002035
 /data/20211216_CSE021_plane1_-733.45_raw-134/CYCLE_000001_RAWDATA_002036
 /data/20211216_CSE021_plane1_-733.45_raw-134/CYCLE_000001_RAWDATA_002037
 /data/20211216_CSE021_plane1_-733.45_raw-134/CYCLE_000001_RAWDATA_002038
 /data/20211216_CSE021_plane1_-733.45_raw-134/CYCLE_000001_RAWDATA_002039
 /data/20211216_CSE021_plane1_-733.45_raw-134/CYCLE_000001_RAWDATA_002040
 /data/20211216_CSE021_plane1_-733.45_raw-134/CYCLE_000001_RAWDATA_002041
 /data/20211216_CSE021_plane1_-733.45_raw-134/CYCLE_000001_RAWDATA_002042
 /data/20211216_CSE021_plane1_-733.45_raw-134/CYCLE_000001_RAWDATA_002043
 /data/20211216_CSE021_plane1_-733.45_raw-134/CYCLE_000001_RAWDATA_002044
 /data/20211216_CSE021_plane1_-733.45_raw-134/CYCLE_000001_RAWDATA_002045
 /data/20211216_CSE021_plane1_-733.45_raw-134/CYCLE_000001_RAWDATA_002046
 /data/20211216_CSE021_plane1_-733.45_raw-134/CYCLE_000001_RAWDATA_002047
2022-01-24 16:32:26.595 rip:94 INFO Ripping has started!
CSC000-plane1-SNLKT-ripper
/snlkt/data/_DATA/specialk_cs/2p/raw/CSC000/20220119
20211216_CSE021_plane1_-733.45_raw-134
5.5.64.500
47285
2022-01-24 16:36:45.067 rip:212 INFO Container Started for 20211216_CSE021_plane1_-733.45_raw-134
2022-01-24 16:36:45.068 rip:41 INFO Path available /data/20211216_CSE021_plane1_-733.45_raw-134
2022-01-24 16:36:45.068 rip:43 INFO Ripping to: /tmp/20211216_CSE021_plane1_-733.45_raw-134
2022-01-24 16:36:45.071 rip:66 INFO Ripping from:
 /data/20211216_CSE021_plane1_-733.45_raw-134/20211216_CSE021_plane1_-733.45_raw-134_Cycle00001_VoltageRecording_001_VRFilelist.txt
 /data/20211216_CSE021_plane1_-733.45_raw-134/Cycle00001_Filelist.txt
 /data/20211216_CSE021_plane1_-733.45_raw-134/CYCLE_000001_RAWDATA_002012
 /data/20211216_CSE021_plane1_-733.45_raw-134/CYCLE_000001_RAWDATA_002013
 /data/20211216_CSE021_plane1_-733.45_raw-134/CYCLE_000001_RAWDATA_002014
 /data/20211216_CSE021_plane1_-733.45_raw-134/CYCLE_000001_RAWDATA_002015
 /data/20211216_CSE021_plane1_-733.45_raw-134/CYCLE_000001_RAWDATA_002016
 /data/20211216_CSE021_plane1_-733.45_raw-134/CYCLE_000001_RAWDATA_002017
 /data/20211216_CSE021_plane1_-733.45_raw-134/CYCLE_000001_RAWDATA_002018
 /data/20211216_CSE021_plane1_-733.45_raw-134/CYCLE_000001_RAWDATA_002019
 /data/20211216_CSE021_plane1_-733.45_raw-134/CYCLE_000001_RAWDATA_002020
 /data/20211216_CSE021_plane1_-733.45_raw-134/CYCLE_000001_RAWDATA_002021
 /data/20211216_CSE021_plane1_-733.45_raw-134/CYCLE_000001_RAWDATA_002022
 /data/20211216_CSE021_plane1_-733.45_raw-134/CYCLE_000001_RAWDATA_002023
 /data/20211216_CSE021_plane1_-733.45_raw-134/CYCLE_000001_RAWDATA_002024
 /data/20211216_CSE021_plane1_-733.45_raw-134/CYCLE_000001_RAWDATA_002025
 /data/20211216_CSE021_plane1_-733.45_raw-134/CYCLE_000001_RAWDATA_002026
 /data/20211216_CSE021_plane1_-733.45_raw-134/CYCLE_000001_RAWDATA_002027
 /data/20211216_CSE021_plane1_-733.45_raw-134/CYCLE_000001_RAWDATA_002028
 /data/20211216_CSE021_plane1_-733.45_raw-134/CYCLE_000001_RAWDATA_002029
 /data/20211216_CSE021_plane1_-733.45_raw-134/CYCLE_000001_RAWDATA_002030
 /data/20211216_CSE021_plane1_-733.45_raw-134/CYCLE_000001_RAWDATA_002031
 /data/20211216_CSE021_plane1_-733.45_raw-134/CYCLE_000001_RAWDATA_002032
 /data/20211216_CSE021_plane1_-733.45_raw-134/CYCLE_000001_RAWDATA_002033
 /data/20211216_CSE021_plane1_-733.45_raw-134/CYCLE_000001_RAWDATA_002034
 /data/20211216_CSE021_plane1_-733.45_raw-134/CYCLE_000001_RAWDATA_002035
 /data/20211216_CSE021_plane1_-733.45_raw-134/CYCLE_000001_RAWDATA_002036
 /data/20211216_CSE021_plane1_-733.45_raw-134/CYCLE_000001_RAWDATA_002037
 /data/20211216_CSE021_plane1_-733.45_raw-134/CYCLE_000001_RAWDATA_002038
 /data/20211216_CSE021_plane1_-733.45_raw-134/CYCLE_000001_RAWDATA_002039
 /data/20211216_CSE021_plane1_-733.45_raw-134/CYCLE_000001_RAWDATA_002040
 /data/20211216_CSE021_plane1_-733.45_raw-134/CYCLE_000001_RAWDATA_002041
 /data/20211216_CSE021_plane1_-733.45_raw-134/CYCLE_000001_RAWDATA_002042
 /data/20211216_CSE021_plane1_-733.45_raw-134/CYCLE_000001_RAWDATA_002043
 /data/20211216_CSE021_plane1_-733.45_raw-134/CYCLE_000001_RAWDATA_002044
 /data/20211216_CSE021_plane1_-733.45_raw-134/CYCLE_000001_RAWDATA_002045
 /data/20211216_CSE021_plane1_-733.45_raw-134/CYCLE_000001_RAWDATA_002046
 /data/20211216_CSE021_plane1_-733.45_raw-134/CYCLE_000001_RAWDATA_002047
2022-01-24 16:36:45.089 rip:94 INFO Ripping has started!
CSC000-plane1-SNLKT-ripper
/snlkt/data/_DATA/specialk_cs/2p/raw/CSC000/20220119
20211216_CSE021_plane1_-733.45_raw-134
5.5.64.500
47285
2022-01-24 16:41:19.452 rip:212 INFO Container Started for 20211216_CSE021_plane1_-733.45_raw-134
2022-01-24 16:41:19.452 rip:41 INFO Path available /data/20211216_CSE021_plane1_-733.45_raw-134
2022-01-24 16:41:19.455 rip:64 INFO Ripping from:
 /data/20211216_CSE021_plane1_-733.45_raw-134/20211216_CSE021_plane1_-733.45_raw-134_Cycle00001_VoltageRecording_001_VRFilelist.txt
 /data/20211216_CSE021_plane1_-733.45_raw-134/Cycle00001_Filelist.txt
 /data/20211216_CSE021_plane1_-733.45_raw-134/CYCLE_000001_RAWDATA_002012
 /data/20211216_CSE021_plane1_-733.45_raw-134/CYCLE_000001_RAWDATA_002013
 /data/20211216_CSE021_plane1_-733.45_raw-134/CYCLE_000001_RAWDATA_002014
 /data/20211216_CSE021_plane1_-733.45_raw-134/CYCLE_000001_RAWDATA_002015
 /data/20211216_CSE021_plane1_-733.45_raw-134/CYCLE_000001_RAWDATA_002016
 /data/20211216_CSE021_plane1_-733.45_raw-134/CYCLE_000001_RAWDATA_002017
 /data/20211216_CSE021_plane1_-733.45_raw-134/CYCLE_000001_RAWDATA_002018
 /data/20211216_CSE021_plane1_-733.45_raw-134/CYCLE_000001_RAWDATA_002019
 /data/20211216_CSE021_plane1_-733.45_raw-134/CYCLE_000001_RAWDATA_002020
 /data/20211216_CSE021_plane1_-733.45_raw-134/CYCLE_000001_RAWDATA_002021
 /data/20211216_CSE021_plane1_-733.45_raw-134/CYCLE_000001_RAWDATA_002022
 /data/20211216_CSE021_plane1_-733.45_raw-134/CYCLE_000001_RAWDATA_002023
 /data/20211216_CSE021_plane1_-733.45_raw-134/CYCLE_000001_RAWDATA_002024
 /data/20211216_CSE021_plane1_-733.45_raw-134/CYCLE_000001_RAWDATA_002025
 /data/20211216_CSE021_plane1_-733.45_raw-134/CYCLE_000001_RAWDATA_002026
 /data/20211216_CSE021_plane1_-733.45_raw-134/CYCLE_000001_RAWDATA_002027
 /data/20211216_CSE021_plane1_-733.45_raw-134/CYCLE_000001_RAWDATA_002028
 /data/20211216_CSE021_plane1_-733.45_raw-134/CYCLE_000001_RAWDATA_002029
 /data/20211216_CSE021_plane1_-733.45_raw-134/CYCLE_000001_RAWDATA_002030
 /data/20211216_CSE021_plane1_-733.45_raw-134/CYCLE_000001_RAWDATA_002031
 /data/20211216_CSE021_plane1_-733.45_raw-134/CYCLE_000001_RAWDATA_002032
 /data/20211216_CSE021_plane1_-733.45_raw-134/CYCLE_000001_RAWDATA_002033
 /data/20211216_CSE021_plane1_-733.45_raw-134/CYCLE_000001_RAWDATA_002034
 /data/20211216_CSE021_plane1_-733.45_raw-134/CYCLE_000001_RAWDATA_002035
 /data/20211216_CSE021_plane1_-733.45_raw-134/CYCLE_000001_RAWDATA_002036
 /data/20211216_CSE021_plane1_-733.45_raw-134/CYCLE_000001_RAWDATA_002037
 /data/20211216_CSE021_plane1_-733.45_raw-134/CYCLE_000001_RAWDATA_002038
 /data/20211216_CSE021_plane1_-733.45_raw-134/CYCLE_000001_RAWDATA_002039
 /data/20211216_CSE021_plane1_-733.45_raw-134/CYCLE_000001_RAWDATA_002040
 /data/20211216_CSE021_plane1_-733.45_raw-134/CYCLE_000001_RAWDATA_002041
 /data/20211216_CSE021_plane1_-733.45_raw-134/CYCLE_000001_RAWDATA_002042
 /data/20211216_CSE021_plane1_-733.45_raw-134/CYCLE_000001_RAWDATA_002043
 /data/20211216_CSE021_plane1_-733.45_raw-134/CYCLE_000001_RAWDATA_002044
 /data/20211216_CSE021_plane1_-733.45_raw-134/CYCLE_000001_RAWDATA_002045
 /data/20211216_CSE021_plane1_-733.45_raw-134/CYCLE_000001_RAWDATA_002046
 /data/20211216_CSE021_plane1_-733.45_raw-134/CYCLE_000001_RAWDATA_002047
2022-01-24 16:41:19.455 rip:67 INFO Ripping to: /tmp/20211216_CSE021_plane1_-733.45_raw-134
2022-01-24 16:41:19.471 rip:94 INFO Ripping has started!
2022-01-24 16:41:21.474 rip:109 INFO Found .csv file for behavior: []
CSC000-plane1-SNLKT-ripper
/snlkt/data/_DATA/specialk_cs/2p/raw/CSC000/20220119
20211216_CSE021_plane1_-733.45_raw-134
5.5.64.500
47285
2022-01-24 16:42:37.765 rip:212 INFO Container Started for 20211216_CSE021_plane1_-733.45_raw-134
2022-01-24 16:42:37.765 rip:41 INFO Path available /data/20211216_CSE021_plane1_-733.45_raw-134
2022-01-24 16:42:37.767 rip:64 INFO Ripping from:
 /data/20211216_CSE021_plane1_-733.45_raw-134/20211216_CSE021_plane1_-733.45_raw-134_Cycle00001_VoltageRecording_001_VRFilelist.txt
 /data/20211216_CSE021_plane1_-733.45_raw-134/Cycle00001_Filelist.txt
 /data/20211216_CSE021_plane1_-733.45_raw-134/CYCLE_000001_RAWDATA_002012
 /data/20211216_CSE021_plane1_-733.45_raw-134/CYCLE_000001_RAWDATA_002013
 /data/20211216_CSE021_plane1_-733.45_raw-134/CYCLE_000001_RAWDATA_002014
 /data/20211216_CSE021_plane1_-733.45_raw-134/CYCLE_000001_RAWDATA_002015
 /data/20211216_CSE021_plane1_-733.45_raw-134/CYCLE_000001_RAWDATA_002016
 /data/20211216_CSE021_plane1_-733.45_raw-134/CYCLE_000001_RAWDATA_002017
 /data/20211216_CSE021_plane1_-733.45_raw-134/CYCLE_000001_RAWDATA_002018
 /data/20211216_CSE021_plane1_-733.45_raw-134/CYCLE_000001_RAWDATA_002019
 /data/20211216_CSE021_plane1_-733.45_raw-134/CYCLE_000001_RAWDATA_002020
 /data/20211216_CSE021_plane1_-733.45_raw-134/CYCLE_000001_RAWDATA_002021
 /data/20211216_CSE021_plane1_-733.45_raw-134/CYCLE_000001_RAWDATA_002022
 /data/20211216_CSE021_plane1_-733.45_raw-134/CYCLE_000001_RAWDATA_002023
 /data/20211216_CSE021_plane1_-733.45_raw-134/CYCLE_000001_RAWDATA_002024
 /data/20211216_CSE021_plane1_-733.45_raw-134/CYCLE_000001_RAWDATA_002025
 /data/20211216_CSE021_plane1_-733.45_raw-134/CYCLE_000001_RAWDATA_002026
 /data/20211216_CSE021_plane1_-733.45_raw-134/CYCLE_000001_RAWDATA_002027
 /data/20211216_CSE021_plane1_-733.45_raw-134/CYCLE_000001_RAWDATA_002028
 /data/20211216_CSE021_plane1_-733.45_raw-134/CYCLE_000001_RAWDATA_002029
 /data/20211216_CSE021_plane1_-733.45_raw-134/CYCLE_000001_RAWDATA_002030
 /data/20211216_CSE021_plane1_-733.45_raw-134/CYCLE_000001_RAWDATA_002031
 /data/20211216_CSE021_plane1_-733.45_raw-134/CYCLE_000001_RAWDATA_002032
 /data/20211216_CSE021_plane1_-733.45_raw-134/CYCLE_000001_RAWDATA_002033
 /data/20211216_CSE021_plane1_-733.45_raw-134/CYCLE_000001_RAWDATA_002034
 /data/20211216_CSE021_plane1_-733.45_raw-134/CYCLE_000001_RAWDATA_002035
 /data/20211216_CSE021_plane1_-733.45_raw-134/CYCLE_000001_RAWDATA_002036
 /data/20211216_CSE021_plane1_-733.45_raw-134/CYCLE_000001_RAWDATA_002037
 /data/20211216_CSE021_plane1_-733.45_raw-134/CYCLE_000001_RAWDATA_002038
 /data/20211216_CSE021_plane1_-733.45_raw-134/CYCLE_000001_RAWDATA_002039
 /data/20211216_CSE021_plane1_-733.45_raw-134/CYCLE_000001_RAWDATA_002040
 /data/20211216_CSE021_plane1_-733.45_raw-134/CYCLE_000001_RAWDATA_002041
 /data/20211216_CSE021_plane1_-733.45_raw-134/CYCLE_000001_RAWDATA_002042
 /data/20211216_CSE021_plane1_-733.45_raw-134/CYCLE_000001_RAWDATA_002043
 /data/20211216_CSE021_plane1_-733.45_raw-134/CYCLE_000001_RAWDATA_002044
 /data/20211216_CSE021_plane1_-733.45_raw-134/CYCLE_000001_RAWDATA_002045
 /data/20211216_CSE021_plane1_-733.45_raw-134/CYCLE_000001_RAWDATA_002046
 /data/20211216_CSE021_plane1_-733.45_raw-134/CYCLE_000001_RAWDATA_002047
2022-01-24 16:42:37.767 rip:67 INFO Ripping to: /tmp/20211216_CSE021_plane1_-733.45_raw-134
2022-01-24 16:42:37.783 rip:94 INFO Ripping has started!
2022-01-24 16:42:47.794 rip:109 INFO Found .csv file for behavior: []
CSC000-plane1-SNLKT-ripper
/snlkt/data/_DATA/specialk_cs/2p/raw/CSC000/20220119
20211216_CSE021_plane1_-733.45_raw-134
5.5.64.500
47285
2022-01-24 16:46:15.819 rip:207 INFO Container Started for 20211216_CSE021_plane1_-733.45_raw-134
2022-01-24 16:46:15.820 rip:41 INFO Path available /data/20211216_CSE021_plane1_-733.45_raw-134
2022-01-24 16:46:15.823 rip:64 INFO Ripping from:
 /data/20211216_CSE021_plane1_-733.45_raw-134/20211216_CSE021_plane1_-733.45_raw-134_Cycle00001_VoltageRecording_001_VRFilelist.txt
 /data/20211216_CSE021_plane1_-733.45_raw-134/Cycle00001_Filelist.txt
 /data/20211216_CSE021_plane1_-733.45_raw-134/CYCLE_000001_RAWDATA_002012
 /data/20211216_CSE021_plane1_-733.45_raw-134/CYCLE_000001_RAWDATA_002013
 /data/20211216_CSE021_plane1_-733.45_raw-134/CYCLE_000001_RAWDATA_002014
 /data/20211216_CSE021_plane1_-733.45_raw-134/CYCLE_000001_RAWDATA_002015
 /data/20211216_CSE021_plane1_-733.45_raw-134/CYCLE_000001_RAWDATA_002016
 /data/20211216_CSE021_plane1_-733.45_raw-134/CYCLE_000001_RAWDATA_002017
 /data/20211216_CSE021_plane1_-733.45_raw-134/CYCLE_000001_RAWDATA_002018
 /data/20211216_CSE021_plane1_-733.45_raw-134/CYCLE_000001_RAWDATA_002019
 /data/20211216_CSE021_plane1_-733.45_raw-134/CYCLE_000001_RAWDATA_002020
 /data/20211216_CSE021_plane1_-733.45_raw-134/CYCLE_000001_RAWDATA_002021
 /data/20211216_CSE021_plane1_-733.45_raw-134/CYCLE_000001_RAWDATA_002022
 /data/20211216_CSE021_plane1_-733.45_raw-134/CYCLE_000001_RAWDATA_002023
 /data/20211216_CSE021_plane1_-733.45_raw-134/CYCLE_000001_RAWDATA_002024
 /data/20211216_CSE021_plane1_-733.45_raw-134/CYCLE_000001_RAWDATA_002025
 /data/20211216_CSE021_plane1_-733.45_raw-134/CYCLE_000001_RAWDATA_002026
 /data/20211216_CSE021_plane1_-733.45_raw-134/CYCLE_000001_RAWDATA_002027
 /data/20211216_CSE021_plane1_-733.45_raw-134/CYCLE_000001_RAWDATA_002028
 /data/20211216_CSE021_plane1_-733.45_raw-134/CYCLE_000001_RAWDATA_002029
 /data/20211216_CSE021_plane1_-733.45_raw-134/CYCLE_000001_RAWDATA_002030
 /data/20211216_CSE021_plane1_-733.45_raw-134/CYCLE_000001_RAWDATA_002031
 /data/20211216_CSE021_plane1_-733.45_raw-134/CYCLE_000001_RAWDATA_002032
 /data/20211216_CSE021_plane1_-733.45_raw-134/CYCLE_000001_RAWDATA_002033
 /data/20211216_CSE021_plane1_-733.45_raw-134/CYCLE_000001_RAWDATA_002034
 /data/20211216_CSE021_plane1_-733.45_raw-134/CYCLE_000001_RAWDATA_002035
 /data/20211216_CSE021_plane1_-733.45_raw-134/CYCLE_000001_RAWDATA_002036
 /data/20211216_CSE021_plane1_-733.45_raw-134/CYCLE_000001_RAWDATA_002037
 /data/20211216_CSE021_plane1_-733.45_raw-134/CYCLE_000001_RAWDATA_002038
 /data/20211216_CSE021_plane1_-733.45_raw-134/CYCLE_000001_RAWDATA_002039
 /data/20211216_CSE021_plane1_-733.45_raw-134/CYCLE_000001_RAWDATA_002040
 /data/20211216_CSE021_plane1_-733.45_raw-134/CYCLE_000001_RAWDATA_002041
 /data/20211216_CSE021_plane1_-733.45_raw-134/CYCLE_000001_RAWDATA_002042
 /data/20211216_CSE021_plane1_-733.45_raw-134/CYCLE_000001_RAWDATA_002043
 /data/20211216_CSE021_plane1_-733.45_raw-134/CYCLE_000001_RAWDATA_002044
 /data/20211216_CSE021_plane1_-733.45_raw-134/CYCLE_000001_RAWDATA_002045
 /data/20211216_CSE021_plane1_-733.45_raw-134/CYCLE_000001_RAWDATA_002046
 /data/20211216_CSE021_plane1_-733.45_raw-134/CYCLE_000001_RAWDATA_002047
2022-01-24 16:46:15.823 rip:67 INFO Ripping to: /tmp/20211216_CSE021_plane1_-733.45_raw-134
2022-01-24 16:46:15.841 rip:94 INFO Ripping has started!
2022-01-24 16:46:15.841 rip:137 INFO Voltage .csv Ripping Complete!
2022-01-24 16:46:15.841 rip:158 INFO Starting to rip tiff files...
2022-01-24 16:46:15.841 rip:161 INFO Watching for ripper to finish for 3600 more seconds
2022-01-24 16:46:25.852 rip:169 INFO   Found this many tiff files: 0
2022-01-24 16:46:25.853 rip:161 INFO Watching for ripper to finish for 3590 more seconds
2022-01-24 16:46:35.863 rip:169 INFO   Found this many tiff files: 0
2022-01-24 16:46:35.864 rip:172 INFO Detected ripping is complete
2022-01-24 16:46:45.873 rip:174 INFO Killing ripper
2022-01-24 16:46:45.875 rip:176 INFO Ripper has been killed
2022-01-24 16:46:46.876 rip:151 INFO Cleaned up!
CSC000-plane1-SNLKT-ripper
/snlkt/data/_DATA/specialk_cs/2p/raw/CSC000/20220119
20211216_CSE021_plane1_-733.45_raw-134
5.5.64.500
47285
2022-01-24 16:51:32.356 rip:207 INFO Container Started for 20211216_CSE021_plane1_-733.45_raw-134
2022-01-24 16:51:32.356 rip:41 INFO Path available /data/20211216_CSE021_plane1_-733.45_raw-134
2022-01-24 16:51:32.359 rip:64 INFO Ripping from:
 /data/20211216_CSE021_plane1_-733.45_raw-134/20211216_CSE021_plane1_-733.45_raw-134_Cycle00001_VoltageRecording_001_VRFilelist.txt
 /data/20211216_CSE021_plane1_-733.45_raw-134/Cycle00001_Filelist.txt
 /data/20211216_CSE021_plane1_-733.45_raw-134/CYCLE_000001_RAWDATA_002012
 /data/20211216_CSE021_plane1_-733.45_raw-134/CYCLE_000001_RAWDATA_002013
 /data/20211216_CSE021_plane1_-733.45_raw-134/CYCLE_000001_RAWDATA_002014
 /data/20211216_CSE021_plane1_-733.45_raw-134/CYCLE_000001_RAWDATA_002015
 /data/20211216_CSE021_plane1_-733.45_raw-134/CYCLE_000001_RAWDATA_002016
 /data/20211216_CSE021_plane1_-733.45_raw-134/CYCLE_000001_RAWDATA_002017
 /data/20211216_CSE021_plane1_-733.45_raw-134/CYCLE_000001_RAWDATA_002018
 /data/20211216_CSE021_plane1_-733.45_raw-134/CYCLE_000001_RAWDATA_002019
 /data/20211216_CSE021_plane1_-733.45_raw-134/CYCLE_000001_RAWDATA_002020
 /data/20211216_CSE021_plane1_-733.45_raw-134/CYCLE_000001_RAWDATA_002021
 /data/20211216_CSE021_plane1_-733.45_raw-134/CYCLE_000001_RAWDATA_002022
 /data/20211216_CSE021_plane1_-733.45_raw-134/CYCLE_000001_RAWDATA_002023
 /data/20211216_CSE021_plane1_-733.45_raw-134/CYCLE_000001_RAWDATA_002024
 /data/20211216_CSE021_plane1_-733.45_raw-134/CYCLE_000001_RAWDATA_002025
 /data/20211216_CSE021_plane1_-733.45_raw-134/CYCLE_000001_RAWDATA_002026
 /data/20211216_CSE021_plane1_-733.45_raw-134/CYCLE_000001_RAWDATA_002027
 /data/20211216_CSE021_plane1_-733.45_raw-134/CYCLE_000001_RAWDATA_002028
 /data/20211216_CSE021_plane1_-733.45_raw-134/CYCLE_000001_RAWDATA_002029
 /data/20211216_CSE021_plane1_-733.45_raw-134/CYCLE_000001_RAWDATA_002030
 /data/20211216_CSE021_plane1_-733.45_raw-134/CYCLE_000001_RAWDATA_002031
 /data/20211216_CSE021_plane1_-733.45_raw-134/CYCLE_000001_RAWDATA_002032
 /data/20211216_CSE021_plane1_-733.45_raw-134/CYCLE_000001_RAWDATA_002033
 /data/20211216_CSE021_plane1_-733.45_raw-134/CYCLE_000001_RAWDATA_002034
 /data/20211216_CSE021_plane1_-733.45_raw-134/CYCLE_000001_RAWDATA_002035
 /data/20211216_CSE021_plane1_-733.45_raw-134/CYCLE_000001_RAWDATA_002036
 /data/20211216_CSE021_plane1_-733.45_raw-134/CYCLE_000001_RAWDATA_002037
 /data/20211216_CSE021_plane1_-733.45_raw-134/CYCLE_000001_RAWDATA_002038
 /data/20211216_CSE021_plane1_-733.45_raw-134/CYCLE_000001_RAWDATA_002039
 /data/20211216_CSE021_plane1_-733.45_raw-134/CYCLE_000001_RAWDATA_002040
 /data/20211216_CSE021_plane1_-733.45_raw-134/CYCLE_000001_RAWDATA_002041
 /data/20211216_CSE021_plane1_-733.45_raw-134/CYCLE_000001_RAWDATA_002042
 /data/20211216_CSE021_plane1_-733.45_raw-134/CYCLE_000001_RAWDATA_002043
 /data/20211216_CSE021_plane1_-733.45_raw-134/CYCLE_000001_RAWDATA_002044
 /data/20211216_CSE021_plane1_-733.45_raw-134/CYCLE_000001_RAWDATA_002045
 /data/20211216_CSE021_plane1_-733.45_raw-134/CYCLE_000001_RAWDATA_002046
 /data/20211216_CSE021_plane1_-733.45_raw-134/CYCLE_000001_RAWDATA_002047
2022-01-24 16:51:32.359 rip:67 INFO Ripping to: /tmp/20211216_CSE021_plane1_-733.45_raw-134
2022-01-24 16:51:32.374 rip:94 INFO Ripping has started!
2022-01-24 16:51:42.384 rip:109 INFO Found .csv file for behavior: []
CSC000-plane1-SNLKT-ripper
/snlkt/data/_DATA/specialk_cs/2p/raw/CSC000/20220119
20211216_CSE021_plane1_-733.45_raw-134
5.5.64.500
47285
2022-01-24 16:55:54.954 rip:207 INFO Container Started for 20211216_CSE021_plane1_-733.45_raw-134
2022-01-24 16:55:54.954 rip:41 INFO Path available /data/20211216_CSE021_plane1_-733.45_raw-134
2022-01-24 16:55:54.957 rip:64 INFO Ripping from:
 /data/20211216_CSE021_plane1_-733.45_raw-134/20211216_CSE021_plane1_-733.45_raw-134_Cycle00001_VoltageRecording_001_VRFilelist.txt
 /data/20211216_CSE021_plane1_-733.45_raw-134/Cycle00001_Filelist.txt
 /data/20211216_CSE021_plane1_-733.45_raw-134/CYCLE_000001_RAWDATA_002012
 /data/20211216_CSE021_plane1_-733.45_raw-134/CYCLE_000001_RAWDATA_002013
 /data/20211216_CSE021_plane1_-733.45_raw-134/CYCLE_000001_RAWDATA_002014
 /data/20211216_CSE021_plane1_-733.45_raw-134/CYCLE_000001_RAWDATA_002015
 /data/20211216_CSE021_plane1_-733.45_raw-134/CYCLE_000001_RAWDATA_002016
 /data/20211216_CSE021_plane1_-733.45_raw-134/CYCLE_000001_RAWDATA_002017
 /data/20211216_CSE021_plane1_-733.45_raw-134/CYCLE_000001_RAWDATA_002018
 /data/20211216_CSE021_plane1_-733.45_raw-134/CYCLE_000001_RAWDATA_002019
 /data/20211216_CSE021_plane1_-733.45_raw-134/CYCLE_000001_RAWDATA_002020
 /data/20211216_CSE021_plane1_-733.45_raw-134/CYCLE_000001_RAWDATA_002021
 /data/20211216_CSE021_plane1_-733.45_raw-134/CYCLE_000001_RAWDATA_002022
 /data/20211216_CSE021_plane1_-733.45_raw-134/CYCLE_000001_RAWDATA_002023
 /data/20211216_CSE021_plane1_-733.45_raw-134/CYCLE_000001_RAWDATA_002024
 /data/20211216_CSE021_plane1_-733.45_raw-134/CYCLE_000001_RAWDATA_002025
 /data/20211216_CSE021_plane1_-733.45_raw-134/CYCLE_000001_RAWDATA_002026
 /data/20211216_CSE021_plane1_-733.45_raw-134/CYCLE_000001_RAWDATA_002027
 /data/20211216_CSE021_plane1_-733.45_raw-134/CYCLE_000001_RAWDATA_002028
 /data/20211216_CSE021_plane1_-733.45_raw-134/CYCLE_000001_RAWDATA_002029
 /data/20211216_CSE021_plane1_-733.45_raw-134/CYCLE_000001_RAWDATA_002030
 /data/20211216_CSE021_plane1_-733.45_raw-134/CYCLE_000001_RAWDATA_002031
 /data/20211216_CSE021_plane1_-733.45_raw-134/CYCLE_000001_RAWDATA_002032
 /data/20211216_CSE021_plane1_-733.45_raw-134/CYCLE_000001_RAWDATA_002033
 /data/20211216_CSE021_plane1_-733.45_raw-134/CYCLE_000001_RAWDATA_002034
 /data/20211216_CSE021_plane1_-733.45_raw-134/CYCLE_000001_RAWDATA_002035
 /data/20211216_CSE021_plane1_-733.45_raw-134/CYCLE_000001_RAWDATA_002036
 /data/20211216_CSE021_plane1_-733.45_raw-134/CYCLE_000001_RAWDATA_002037
 /data/20211216_CSE021_plane1_-733.45_raw-134/CYCLE_000001_RAWDATA_002038
 /data/20211216_CSE021_plane1_-733.45_raw-134/CYCLE_000001_RAWDATA_002039
 /data/20211216_CSE021_plane1_-733.45_raw-134/CYCLE_000001_RAWDATA_002040
 /data/20211216_CSE021_plane1_-733.45_raw-134/CYCLE_000001_RAWDATA_002041
 /data/20211216_CSE021_plane1_-733.45_raw-134/CYCLE_000001_RAWDATA_002042
 /data/20211216_CSE021_plane1_-733.45_raw-134/CYCLE_000001_RAWDATA_002043
 /data/20211216_CSE021_plane1_-733.45_raw-134/CYCLE_000001_RAWDATA_002044
 /data/20211216_CSE021_plane1_-733.45_raw-134/CYCLE_000001_RAWDATA_002045
 /data/20211216_CSE021_plane1_-733.45_raw-134/CYCLE_000001_RAWDATA_002046
 /data/20211216_CSE021_plane1_-733.45_raw-134/CYCLE_000001_RAWDATA_002047
2022-01-24 16:55:54.957 rip:67 INFO Ripping to: /temp/20211216_CSE021_plane1_-733.45_raw-134
2022-01-24 16:55:54.973 rip:94 INFO Ripping has started!
2022-01-24 16:55:54.974 rip:107 INFO Found .csv file for behavior: [PosixPath('/temp/20211216_CSE021_plane1_-733.45_raw-134/20211216_CSE021_plane1_-733.45_raw-134_Cycle00001_VoltageRecording_001.csv')]
CSC000-plane1-SNLKT-ripper
/snlkt/data/_DATA/specialk_cs/2p/raw/CSC000/20220119
20211216_CSE021_plane1_-733.45_raw-134
5.5.64.500
47285
2022-01-24 16:57:19.991 rip:207 INFO Container Started for 20211216_CSE021_plane1_-733.45_raw-134
2022-01-24 16:57:19.992 rip:41 INFO Path available /data/20211216_CSE021_plane1_-733.45_raw-134
2022-01-24 16:57:19.996 rip:64 INFO Ripping from:
 /data/20211216_CSE021_plane1_-733.45_raw-134/20211216_CSE021_plane1_-733.45_raw-134_Cycle00001_VoltageRecording_001_VRFilelist.txt
 /data/20211216_CSE021_plane1_-733.45_raw-134/Cycle00001_Filelist.txt
 /data/20211216_CSE021_plane1_-733.45_raw-134/CYCLE_000001_RAWDATA_002012
 /data/20211216_CSE021_plane1_-733.45_raw-134/CYCLE_000001_RAWDATA_002013
 /data/20211216_CSE021_plane1_-733.45_raw-134/CYCLE_000001_RAWDATA_002014
 /data/20211216_CSE021_plane1_-733.45_raw-134/CYCLE_000001_RAWDATA_002015
 /data/20211216_CSE021_plane1_-733.45_raw-134/CYCLE_000001_RAWDATA_002016
 /data/20211216_CSE021_plane1_-733.45_raw-134/CYCLE_000001_RAWDATA_002017
 /data/20211216_CSE021_plane1_-733.45_raw-134/CYCLE_000001_RAWDATA_002018
 /data/20211216_CSE021_plane1_-733.45_raw-134/CYCLE_000001_RAWDATA_002019
 /data/20211216_CSE021_plane1_-733.45_raw-134/CYCLE_000001_RAWDATA_002020
 /data/20211216_CSE021_plane1_-733.45_raw-134/CYCLE_000001_RAWDATA_002021
 /data/20211216_CSE021_plane1_-733.45_raw-134/CYCLE_000001_RAWDATA_002022
 /data/20211216_CSE021_plane1_-733.45_raw-134/CYCLE_000001_RAWDATA_002023
 /data/20211216_CSE021_plane1_-733.45_raw-134/CYCLE_000001_RAWDATA_002024
 /data/20211216_CSE021_plane1_-733.45_raw-134/CYCLE_000001_RAWDATA_002025
 /data/20211216_CSE021_plane1_-733.45_raw-134/CYCLE_000001_RAWDATA_002026
 /data/20211216_CSE021_plane1_-733.45_raw-134/CYCLE_000001_RAWDATA_002027
 /data/20211216_CSE021_plane1_-733.45_raw-134/CYCLE_000001_RAWDATA_002028
 /data/20211216_CSE021_plane1_-733.45_raw-134/CYCLE_000001_RAWDATA_002029
 /data/20211216_CSE021_plane1_-733.45_raw-134/CYCLE_000001_RAWDATA_002030
 /data/20211216_CSE021_plane1_-733.45_raw-134/CYCLE_000001_RAWDATA_002031
 /data/20211216_CSE021_plane1_-733.45_raw-134/CYCLE_000001_RAWDATA_002032
 /data/20211216_CSE021_plane1_-733.45_raw-134/CYCLE_000001_RAWDATA_002033
 /data/20211216_CSE021_plane1_-733.45_raw-134/CYCLE_000001_RAWDATA_002034
 /data/20211216_CSE021_plane1_-733.45_raw-134/CYCLE_000001_RAWDATA_002035
 /data/20211216_CSE021_plane1_-733.45_raw-134/CYCLE_000001_RAWDATA_002036
 /data/20211216_CSE021_plane1_-733.45_raw-134/CYCLE_000001_RAWDATA_002037
 /data/20211216_CSE021_plane1_-733.45_raw-134/CYCLE_000001_RAWDATA_002038
 /data/20211216_CSE021_plane1_-733.45_raw-134/CYCLE_000001_RAWDATA_002039
 /data/20211216_CSE021_plane1_-733.45_raw-134/CYCLE_000001_RAWDATA_002040
 /data/20211216_CSE021_plane1_-733.45_raw-134/CYCLE_000001_RAWDATA_002041
 /data/20211216_CSE021_plane1_-733.45_raw-134/CYCLE_000001_RAWDATA_002042
 /data/20211216_CSE021_plane1_-733.45_raw-134/CYCLE_000001_RAWDATA_002043
 /data/20211216_CSE021_plane1_-733.45_raw-134/CYCLE_000001_RAWDATA_002044
 /data/20211216_CSE021_plane1_-733.45_raw-134/CYCLE_000001_RAWDATA_002045
 /data/20211216_CSE021_plane1_-733.45_raw-134/CYCLE_000001_RAWDATA_002046
 /data/20211216_CSE021_plane1_-733.45_raw-134/CYCLE_000001_RAWDATA_002047
2022-01-24 16:57:19.996 rip:67 INFO Ripping to: /temp/20211216_CSE021_plane1_-733.45_raw-134
2022-01-24 16:57:20.018 rip:94 INFO Ripping has started!
2022-01-24 16:57:20.019 rip:107 INFO Found .csv file for behavior: []
CSC000-plane1-SNLKT-ripper
/snlkt/data/_DATA/specialk_cs/2p/raw/CSC000/20220119
20211216_CSE021_plane1_-733.45_raw-134
5.5.64.500
47285
2022-01-24 16:58:55.585 rip:207 INFO Container Started for 20211216_CSE021_plane1_-733.45_raw-134
2022-01-24 16:58:55.585 rip:41 INFO Path available /data/20211216_CSE021_plane1_-733.45_raw-134
2022-01-24 16:58:55.589 rip:64 INFO Ripping from:
 /data/20211216_CSE021_plane1_-733.45_raw-134/20211216_CSE021_plane1_-733.45_raw-134_Cycle00001_VoltageRecording_001_VRFilelist.txt
 /data/20211216_CSE021_plane1_-733.45_raw-134/Cycle00001_Filelist.txt
 /data/20211216_CSE021_plane1_-733.45_raw-134/CYCLE_000001_RAWDATA_002012
 /data/20211216_CSE021_plane1_-733.45_raw-134/CYCLE_000001_RAWDATA_002013
 /data/20211216_CSE021_plane1_-733.45_raw-134/CYCLE_000001_RAWDATA_002014
 /data/20211216_CSE021_plane1_-733.45_raw-134/CYCLE_000001_RAWDATA_002015
 /data/20211216_CSE021_plane1_-733.45_raw-134/CYCLE_000001_RAWDATA_002016
 /data/20211216_CSE021_plane1_-733.45_raw-134/CYCLE_000001_RAWDATA_002017
 /data/20211216_CSE021_plane1_-733.45_raw-134/CYCLE_000001_RAWDATA_002018
 /data/20211216_CSE021_plane1_-733.45_raw-134/CYCLE_000001_RAWDATA_002019
 /data/20211216_CSE021_plane1_-733.45_raw-134/CYCLE_000001_RAWDATA_002020
 /data/20211216_CSE021_plane1_-733.45_raw-134/CYCLE_000001_RAWDATA_002021
 /data/20211216_CSE021_plane1_-733.45_raw-134/CYCLE_000001_RAWDATA_002022
 /data/20211216_CSE021_plane1_-733.45_raw-134/CYCLE_000001_RAWDATA_002023
 /data/20211216_CSE021_plane1_-733.45_raw-134/CYCLE_000001_RAWDATA_002024
 /data/20211216_CSE021_plane1_-733.45_raw-134/CYCLE_000001_RAWDATA_002025
 /data/20211216_CSE021_plane1_-733.45_raw-134/CYCLE_000001_RAWDATA_002026
 /data/20211216_CSE021_plane1_-733.45_raw-134/CYCLE_000001_RAWDATA_002027
 /data/20211216_CSE021_plane1_-733.45_raw-134/CYCLE_000001_RAWDATA_002028
 /data/20211216_CSE021_plane1_-733.45_raw-134/CYCLE_000001_RAWDATA_002029
 /data/20211216_CSE021_plane1_-733.45_raw-134/CYCLE_000001_RAWDATA_002030
 /data/20211216_CSE021_plane1_-733.45_raw-134/CYCLE_000001_RAWDATA_002031
 /data/20211216_CSE021_plane1_-733.45_raw-134/CYCLE_000001_RAWDATA_002032
 /data/20211216_CSE021_plane1_-733.45_raw-134/CYCLE_000001_RAWDATA_002033
 /data/20211216_CSE021_plane1_-733.45_raw-134/CYCLE_000001_RAWDATA_002034
 /data/20211216_CSE021_plane1_-733.45_raw-134/CYCLE_000001_RAWDATA_002035
 /data/20211216_CSE021_plane1_-733.45_raw-134/CYCLE_000001_RAWDATA_002036
 /data/20211216_CSE021_plane1_-733.45_raw-134/CYCLE_000001_RAWDATA_002037
 /data/20211216_CSE021_plane1_-733.45_raw-134/CYCLE_000001_RAWDATA_002038
 /data/20211216_CSE021_plane1_-733.45_raw-134/CYCLE_000001_RAWDATA_002039
 /data/20211216_CSE021_plane1_-733.45_raw-134/CYCLE_000001_RAWDATA_002040
 /data/20211216_CSE021_plane1_-733.45_raw-134/CYCLE_000001_RAWDATA_002041
 /data/20211216_CSE021_plane1_-733.45_raw-134/CYCLE_000001_RAWDATA_002042
 /data/20211216_CSE021_plane1_-733.45_raw-134/CYCLE_000001_RAWDATA_002043
 /data/20211216_CSE021_plane1_-733.45_raw-134/CYCLE_000001_RAWDATA_002044
 /data/20211216_CSE021_plane1_-733.45_raw-134/CYCLE_000001_RAWDATA_002045
 /data/20211216_CSE021_plane1_-733.45_raw-134/CYCLE_000001_RAWDATA_002046
 /data/20211216_CSE021_plane1_-733.45_raw-134/CYCLE_000001_RAWDATA_002047
2022-01-24 16:58:55.589 rip:67 INFO Ripping to: /temp/20211216_CSE021_plane1_-733.45_raw-134
2022-01-24 16:58:55.606 rip:94 INFO Ripping has started!
2022-01-24 16:59:05.613 rip:109 INFO Found .csv file for behavior: [PosixPath('/temp/20211216_CSE021_plane1_-733.45_raw-134/20211216_CSE021_plane1_-733.45_raw-134_Cycle00001_VoltageRecording_001.csv')]
CSC000-plane1-SNLKT-ripper
/snlkt/data/_DATA/specialk_cs/2p/raw/CSC000/20220119
20211216_CSE021_plane1_-733.45_raw-134
5.5.64.500
47285
2022-01-24 17:01:17.990 rip:209 INFO Container Started for 20211216_CSE021_plane1_-733.45_raw-134
2022-01-24 17:01:17.990 rip:41 INFO Path available /data/20211216_CSE021_plane1_-733.45_raw-134
2022-01-24 17:01:17.995 rip:64 INFO Ripping from:
 /data/20211216_CSE021_plane1_-733.45_raw-134/20211216_CSE021_plane1_-733.45_raw-134_Cycle00001_VoltageRecording_001_VRFilelist.txt
 /data/20211216_CSE021_plane1_-733.45_raw-134/Cycle00001_Filelist.txt
 /data/20211216_CSE021_plane1_-733.45_raw-134/CYCLE_000001_RAWDATA_002012
 /data/20211216_CSE021_plane1_-733.45_raw-134/CYCLE_000001_RAWDATA_002013
 /data/20211216_CSE021_plane1_-733.45_raw-134/CYCLE_000001_RAWDATA_002014
 /data/20211216_CSE021_plane1_-733.45_raw-134/CYCLE_000001_RAWDATA_002015
 /data/20211216_CSE021_plane1_-733.45_raw-134/CYCLE_000001_RAWDATA_002016
 /data/20211216_CSE021_plane1_-733.45_raw-134/CYCLE_000001_RAWDATA_002017
 /data/20211216_CSE021_plane1_-733.45_raw-134/CYCLE_000001_RAWDATA_002018
 /data/20211216_CSE021_plane1_-733.45_raw-134/CYCLE_000001_RAWDATA_002019
 /data/20211216_CSE021_plane1_-733.45_raw-134/CYCLE_000001_RAWDATA_002020
 /data/20211216_CSE021_plane1_-733.45_raw-134/CYCLE_000001_RAWDATA_002021
 /data/20211216_CSE021_plane1_-733.45_raw-134/CYCLE_000001_RAWDATA_002022
 /data/20211216_CSE021_plane1_-733.45_raw-134/CYCLE_000001_RAWDATA_002023
 /data/20211216_CSE021_plane1_-733.45_raw-134/CYCLE_000001_RAWDATA_002024
 /data/20211216_CSE021_plane1_-733.45_raw-134/CYCLE_000001_RAWDATA_002025
 /data/20211216_CSE021_plane1_-733.45_raw-134/CYCLE_000001_RAWDATA_002026
 /data/20211216_CSE021_plane1_-733.45_raw-134/CYCLE_000001_RAWDATA_002027
 /data/20211216_CSE021_plane1_-733.45_raw-134/CYCLE_000001_RAWDATA_002028
 /data/20211216_CSE021_plane1_-733.45_raw-134/CYCLE_000001_RAWDATA_002029
 /data/20211216_CSE021_plane1_-733.45_raw-134/CYCLE_000001_RAWDATA_002030
 /data/20211216_CSE021_plane1_-733.45_raw-134/CYCLE_000001_RAWDATA_002031
 /data/20211216_CSE021_plane1_-733.45_raw-134/CYCLE_000001_RAWDATA_002032
 /data/20211216_CSE021_plane1_-733.45_raw-134/CYCLE_000001_RAWDATA_002033
 /data/20211216_CSE021_plane1_-733.45_raw-134/CYCLE_000001_RAWDATA_002034
 /data/20211216_CSE021_plane1_-733.45_raw-134/CYCLE_000001_RAWDATA_002035
 /data/20211216_CSE021_plane1_-733.45_raw-134/CYCLE_000001_RAWDATA_002036
 /data/20211216_CSE021_plane1_-733.45_raw-134/CYCLE_000001_RAWDATA_002037
 /data/20211216_CSE021_plane1_-733.45_raw-134/CYCLE_000001_RAWDATA_002038
 /data/20211216_CSE021_plane1_-733.45_raw-134/CYCLE_000001_RAWDATA_002039
 /data/20211216_CSE021_plane1_-733.45_raw-134/CYCLE_000001_RAWDATA_002040
 /data/20211216_CSE021_plane1_-733.45_raw-134/CYCLE_000001_RAWDATA_002041
 /data/20211216_CSE021_plane1_-733.45_raw-134/CYCLE_000001_RAWDATA_002042
 /data/20211216_CSE021_plane1_-733.45_raw-134/CYCLE_000001_RAWDATA_002043
 /data/20211216_CSE021_plane1_-733.45_raw-134/CYCLE_000001_RAWDATA_002044
 /data/20211216_CSE021_plane1_-733.45_raw-134/CYCLE_000001_RAWDATA_002045
 /data/20211216_CSE021_plane1_-733.45_raw-134/CYCLE_000001_RAWDATA_002046
 /data/20211216_CSE021_plane1_-733.45_raw-134/CYCLE_000001_RAWDATA_002047
2022-01-24 17:01:17.995 rip:67 INFO Ripping to: /temp/20211216_CSE021_plane1_-733.45_raw-134
2022-01-24 17:01:18.010 rip:94 INFO Ripping has started!
2022-01-24 17:01:23.016 rip:111 INFO Found .csv file for behavior: /temp/20211216_CSE021_plane1_-733.45_raw-134/20211216_CSE021_plane1_-733.45_raw-134_Cycle00001_VoltageRecording_001.csv
CSC000-plane1-SNLKT-ripper
/snlkt/data/_DATA/specialk_cs/2p/raw/CSC000/20220119
20211216_CSE021_plane1_-733.45_raw-134
5.5.64.500
47285
2022-01-24 17:01:53.621 rip:209 INFO Container Started for 20211216_CSE021_plane1_-733.45_raw-134
2022-01-24 17:01:53.622 rip:41 INFO Path available /data/20211216_CSE021_plane1_-733.45_raw-134
2022-01-24 17:01:53.626 rip:64 INFO Ripping from:
 /data/20211216_CSE021_plane1_-733.45_raw-134/20211216_CSE021_plane1_-733.45_raw-134_Cycle00001_VoltageRecording_001_VRFilelist.txt
 /data/20211216_CSE021_plane1_-733.45_raw-134/Cycle00001_Filelist.txt
 /data/20211216_CSE021_plane1_-733.45_raw-134/CYCLE_000001_RAWDATA_002012
 /data/20211216_CSE021_plane1_-733.45_raw-134/CYCLE_000001_RAWDATA_002013
 /data/20211216_CSE021_plane1_-733.45_raw-134/CYCLE_000001_RAWDATA_002014
 /data/20211216_CSE021_plane1_-733.45_raw-134/CYCLE_000001_RAWDATA_002015
 /data/20211216_CSE021_plane1_-733.45_raw-134/CYCLE_000001_RAWDATA_002016
 /data/20211216_CSE021_plane1_-733.45_raw-134/CYCLE_000001_RAWDATA_002017
 /data/20211216_CSE021_plane1_-733.45_raw-134/CYCLE_000001_RAWDATA_002018
 /data/20211216_CSE021_plane1_-733.45_raw-134/CYCLE_000001_RAWDATA_002019
 /data/20211216_CSE021_plane1_-733.45_raw-134/CYCLE_000001_RAWDATA_002020
 /data/20211216_CSE021_plane1_-733.45_raw-134/CYCLE_000001_RAWDATA_002021
 /data/20211216_CSE021_plane1_-733.45_raw-134/CYCLE_000001_RAWDATA_002022
 /data/20211216_CSE021_plane1_-733.45_raw-134/CYCLE_000001_RAWDATA_002023
 /data/20211216_CSE021_plane1_-733.45_raw-134/CYCLE_000001_RAWDATA_002024
 /data/20211216_CSE021_plane1_-733.45_raw-134/CYCLE_000001_RAWDATA_002025
 /data/20211216_CSE021_plane1_-733.45_raw-134/CYCLE_000001_RAWDATA_002026
 /data/20211216_CSE021_plane1_-733.45_raw-134/CYCLE_000001_RAWDATA_002027
 /data/20211216_CSE021_plane1_-733.45_raw-134/CYCLE_000001_RAWDATA_002028
 /data/20211216_CSE021_plane1_-733.45_raw-134/CYCLE_000001_RAWDATA_002029
 /data/20211216_CSE021_plane1_-733.45_raw-134/CYCLE_000001_RAWDATA_002030
 /data/20211216_CSE021_plane1_-733.45_raw-134/CYCLE_000001_RAWDATA_002031
 /data/20211216_CSE021_plane1_-733.45_raw-134/CYCLE_000001_RAWDATA_002032
 /data/20211216_CSE021_plane1_-733.45_raw-134/CYCLE_000001_RAWDATA_002033
 /data/20211216_CSE021_plane1_-733.45_raw-134/CYCLE_000001_RAWDATA_002034
 /data/20211216_CSE021_plane1_-733.45_raw-134/CYCLE_000001_RAWDATA_002035
 /data/20211216_CSE021_plane1_-733.45_raw-134/CYCLE_000001_RAWDATA_002036
 /data/20211216_CSE021_plane1_-733.45_raw-134/CYCLE_000001_RAWDATA_002037
 /data/20211216_CSE021_plane1_-733.45_raw-134/CYCLE_000001_RAWDATA_002038
 /data/20211216_CSE021_plane1_-733.45_raw-134/CYCLE_000001_RAWDATA_002039
 /data/20211216_CSE021_plane1_-733.45_raw-134/CYCLE_000001_RAWDATA_002040
 /data/20211216_CSE021_plane1_-733.45_raw-134/CYCLE_000001_RAWDATA_002041
 /data/20211216_CSE021_plane1_-733.45_raw-134/CYCLE_000001_RAWDATA_002042
 /data/20211216_CSE021_plane1_-733.45_raw-134/CYCLE_000001_RAWDATA_002043
 /data/20211216_CSE021_plane1_-733.45_raw-134/CYCLE_000001_RAWDATA_002044
 /data/20211216_CSE021_plane1_-733.45_raw-134/CYCLE_000001_RAWDATA_002045
 /data/20211216_CSE021_plane1_-733.45_raw-134/CYCLE_000001_RAWDATA_002046
 /data/20211216_CSE021_plane1_-733.45_raw-134/CYCLE_000001_RAWDATA_002047
2022-01-24 17:01:53.626 rip:67 INFO Ripping to: /temp/20211216_CSE021_plane1_-733.45_raw-134
2022-01-24 17:01:53.645 rip:94 INFO Ripping has started!
2022-01-24 17:01:58.651 rip:111 INFO Found .csv file for behavior: /temp/20211216_CSE021_plane1_-733.45_raw-134/20211216_CSE021_plane1_-733.45_raw-134_Cycle00001_VoltageRecording_001.csv
2022-01-24 17:01:58.654 rip:139 INFO Voltage .csv Ripping Complete!
2022-01-24 17:01:58.654 rip:160 INFO Starting to rip tiff files...
2022-01-24 17:01:58.654 rip:163 INFO Watching for ripper to finish for 3600 more seconds
2022-01-24 17:02:08.665 rip:171 INFO   Found this many tiff files: 0
2022-01-24 17:02:08.666 rip:163 INFO Watching for ripper to finish for 3590 more seconds
2022-01-24 17:02:18.676 rip:171 INFO   Found this many tiff files: 0
2022-01-24 17:02:18.677 rip:174 INFO Detected ripping is complete
2022-01-24 17:02:28.687 rip:176 INFO Killing ripper
2022-01-24 17:02:28.688 rip:178 INFO Ripper has been killed
2022-01-24 17:02:29.690 rip:153 INFO Cleaned up!
CSC000-plane1-SNLKT-ripper
/snlkt/data/_DATA/specialk_cs/2p/raw/CSC000/20220119
20211216_CSE021_plane1_-733.45_raw-134
5.5.64.500
47285
2022-01-24 17:08:20.483 rip:209 INFO Container Started for 20211216_CSE021_plane1_-733.45_raw-134
2022-01-24 17:08:20.483 rip:41 INFO Path available /data/20211216_CSE021_plane1_-733.45_raw-134
2022-01-24 17:08:20.486 rip:64 INFO Ripping from:
 /data/20211216_CSE021_plane1_-733.45_raw-134/20211216_CSE021_plane1_-733.45_raw-134_Cycle00001_VoltageRecording_001_VRFilelist.txt
 /data/20211216_CSE021_plane1_-733.45_raw-134/Cycle00001_Filelist.txt
 /data/20211216_CSE021_plane1_-733.45_raw-134/CYCLE_000001_RAWDATA_002012
 /data/20211216_CSE021_plane1_-733.45_raw-134/CYCLE_000001_RAWDATA_002013
 /data/20211216_CSE021_plane1_-733.45_raw-134/CYCLE_000001_RAWDATA_002014
 /data/20211216_CSE021_plane1_-733.45_raw-134/CYCLE_000001_RAWDATA_002015
 /data/20211216_CSE021_plane1_-733.45_raw-134/CYCLE_000001_RAWDATA_002016
 /data/20211216_CSE021_plane1_-733.45_raw-134/CYCLE_000001_RAWDATA_002017
 /data/20211216_CSE021_plane1_-733.45_raw-134/CYCLE_000001_RAWDATA_002018
 /data/20211216_CSE021_plane1_-733.45_raw-134/CYCLE_000001_RAWDATA_002019
 /data/20211216_CSE021_plane1_-733.45_raw-134/CYCLE_000001_RAWDATA_002020
 /data/20211216_CSE021_plane1_-733.45_raw-134/CYCLE_000001_RAWDATA_002021
 /data/20211216_CSE021_plane1_-733.45_raw-134/CYCLE_000001_RAWDATA_002022
 /data/20211216_CSE021_plane1_-733.45_raw-134/CYCLE_000001_RAWDATA_002023
 /data/20211216_CSE021_plane1_-733.45_raw-134/CYCLE_000001_RAWDATA_002024
 /data/20211216_CSE021_plane1_-733.45_raw-134/CYCLE_000001_RAWDATA_002025
 /data/20211216_CSE021_plane1_-733.45_raw-134/CYCLE_000001_RAWDATA_002026
 /data/20211216_CSE021_plane1_-733.45_raw-134/CYCLE_000001_RAWDATA_002027
 /data/20211216_CSE021_plane1_-733.45_raw-134/CYCLE_000001_RAWDATA_002028
 /data/20211216_CSE021_plane1_-733.45_raw-134/CYCLE_000001_RAWDATA_002029
 /data/20211216_CSE021_plane1_-733.45_raw-134/CYCLE_000001_RAWDATA_002030
 /data/20211216_CSE021_plane1_-733.45_raw-134/CYCLE_000001_RAWDATA_002031
 /data/20211216_CSE021_plane1_-733.45_raw-134/CYCLE_000001_RAWDATA_002032
 /data/20211216_CSE021_plane1_-733.45_raw-134/CYCLE_000001_RAWDATA_002033
 /data/20211216_CSE021_plane1_-733.45_raw-134/CYCLE_000001_RAWDATA_002034
 /data/20211216_CSE021_plane1_-733.45_raw-134/CYCLE_000001_RAWDATA_002035
 /data/20211216_CSE021_plane1_-733.45_raw-134/CYCLE_000001_RAWDATA_002036
 /data/20211216_CSE021_plane1_-733.45_raw-134/CYCLE_000001_RAWDATA_002037
 /data/20211216_CSE021_plane1_-733.45_raw-134/CYCLE_000001_RAWDATA_002038
 /data/20211216_CSE021_plane1_-733.45_raw-134/CYCLE_000001_RAWDATA_002039
 /data/20211216_CSE021_plane1_-733.45_raw-134/CYCLE_000001_RAWDATA_002040
 /data/20211216_CSE021_plane1_-733.45_raw-134/CYCLE_000001_RAWDATA_002041
 /data/20211216_CSE021_plane1_-733.45_raw-134/CYCLE_000001_RAWDATA_002042
 /data/20211216_CSE021_plane1_-733.45_raw-134/CYCLE_000001_RAWDATA_002043
 /data/20211216_CSE021_plane1_-733.45_raw-134/CYCLE_000001_RAWDATA_002044
 /data/20211216_CSE021_plane1_-733.45_raw-134/CYCLE_000001_RAWDATA_002045
 /data/20211216_CSE021_plane1_-733.45_raw-134/CYCLE_000001_RAWDATA_002046
 /data/20211216_CSE021_plane1_-733.45_raw-134/CYCLE_000001_RAWDATA_002047
2022-01-24 17:08:20.486 rip:67 INFO Ripping to: /temp/20211216_CSE021_plane1_-733.45_raw-134
2022-01-24 17:08:20.506 rip:94 INFO Ripping has started!
2022-01-24 17:08:25.512 rip:111 INFO Found .csv file for behavior: /temp/20211216_CSE021_plane1_-733.45_raw-134/20211216_CSE021_plane1_-733.45_raw-134_Cycle00001_VoltageRecording_001.csv
2022-01-24 17:08:25.513 rip:117 INFO Voltage Recording .csv size: 25979411
2022-01-24 17:08:25.513 rip:129 INFO Still ripping voltage recording...
2022-01-24 17:08:25.513 rip:131 INFO Voltage Recording .csv size: 25979411 
2022-01-24 17:08:35.524 rip:139 INFO Voltage .csv Ripping Complete!
2022-01-24 17:08:35.525 rip:160 INFO Starting to rip tiff files...
2022-01-24 17:08:35.525 rip:163 INFO Watching for ripper to finish for 3600 more seconds
2022-01-24 17:08:45.536 rip:171 INFO   Found this many tiff files: 0
2022-01-24 17:08:45.537 rip:163 INFO Watching for ripper to finish for 3590 more seconds
2022-01-24 17:08:55.547 rip:171 INFO   Found this many tiff files: 0
2022-01-24 17:08:55.548 rip:174 INFO Detected ripping is complete
2022-01-24 17:09:05.558 rip:176 INFO Killing ripper
2022-01-24 17:09:05.559 rip:178 INFO Ripper has been killed
2022-01-24 17:09:06.560 rip:153 INFO Cleaned up!
CSC000-plane1-SNLKT-ripper
/snlkt/data/_DATA/specialk_cs/2p/raw/CSC000/20220119
20211216_CSE021_plane1_-733.45_raw-134
5.5.64.500
47285
2022-01-24 17:11:47.816 rip:209 INFO Container Started for 20211216_CSE021_plane1_-733.45_raw-134
2022-01-24 17:11:47.817 rip:41 INFO Path available /data/20211216_CSE021_plane1_-733.45_raw-134
2022-01-24 17:11:47.820 rip:64 INFO Ripping from:
 /data/20211216_CSE021_plane1_-733.45_raw-134/20211216_CSE021_plane1_-733.45_raw-134_Cycle00001_VoltageRecording_001_VRFilelist.txt
 /data/20211216_CSE021_plane1_-733.45_raw-134/Cycle00001_Filelist.txt
 /data/20211216_CSE021_plane1_-733.45_raw-134/CYCLE_000001_RAWDATA_002012
 /data/20211216_CSE021_plane1_-733.45_raw-134/CYCLE_000001_RAWDATA_002013
 /data/20211216_CSE021_plane1_-733.45_raw-134/CYCLE_000001_RAWDATA_002014
 /data/20211216_CSE021_plane1_-733.45_raw-134/CYCLE_000001_RAWDATA_002015
 /data/20211216_CSE021_plane1_-733.45_raw-134/CYCLE_000001_RAWDATA_002016
 /data/20211216_CSE021_plane1_-733.45_raw-134/CYCLE_000001_RAWDATA_002017
 /data/20211216_CSE021_plane1_-733.45_raw-134/CYCLE_000001_RAWDATA_002018
 /data/20211216_CSE021_plane1_-733.45_raw-134/CYCLE_000001_RAWDATA_002019
 /data/20211216_CSE021_plane1_-733.45_raw-134/CYCLE_000001_RAWDATA_002020
 /data/20211216_CSE021_plane1_-733.45_raw-134/CYCLE_000001_RAWDATA_002021
 /data/20211216_CSE021_plane1_-733.45_raw-134/CYCLE_000001_RAWDATA_002022
 /data/20211216_CSE021_plane1_-733.45_raw-134/CYCLE_000001_RAWDATA_002023
 /data/20211216_CSE021_plane1_-733.45_raw-134/CYCLE_000001_RAWDATA_002024
 /data/20211216_CSE021_plane1_-733.45_raw-134/CYCLE_000001_RAWDATA_002025
 /data/20211216_CSE021_plane1_-733.45_raw-134/CYCLE_000001_RAWDATA_002026
 /data/20211216_CSE021_plane1_-733.45_raw-134/CYCLE_000001_RAWDATA_002027
 /data/20211216_CSE021_plane1_-733.45_raw-134/CYCLE_000001_RAWDATA_002028
 /data/20211216_CSE021_plane1_-733.45_raw-134/CYCLE_000001_RAWDATA_002029
 /data/20211216_CSE021_plane1_-733.45_raw-134/CYCLE_000001_RAWDATA_002030
 /data/20211216_CSE021_plane1_-733.45_raw-134/CYCLE_000001_RAWDATA_002031
 /data/20211216_CSE021_plane1_-733.45_raw-134/CYCLE_000001_RAWDATA_002032
 /data/20211216_CSE021_plane1_-733.45_raw-134/CYCLE_000001_RAWDATA_002033
 /data/20211216_CSE021_plane1_-733.45_raw-134/CYCLE_000001_RAWDATA_002034
 /data/20211216_CSE021_plane1_-733.45_raw-134/CYCLE_000001_RAWDATA_002035
 /data/20211216_CSE021_plane1_-733.45_raw-134/CYCLE_000001_RAWDATA_002036
 /data/20211216_CSE021_plane1_-733.45_raw-134/CYCLE_000001_RAWDATA_002037
 /data/20211216_CSE021_plane1_-733.45_raw-134/CYCLE_000001_RAWDATA_002038
 /data/20211216_CSE021_plane1_-733.45_raw-134/CYCLE_000001_RAWDATA_002039
 /data/20211216_CSE021_plane1_-733.45_raw-134/CYCLE_000001_RAWDATA_002040
 /data/20211216_CSE021_plane1_-733.45_raw-134/CYCLE_000001_RAWDATA_002041
 /data/20211216_CSE021_plane1_-733.45_raw-134/CYCLE_000001_RAWDATA_002042
 /data/20211216_CSE021_plane1_-733.45_raw-134/CYCLE_000001_RAWDATA_002043
 /data/20211216_CSE021_plane1_-733.45_raw-134/CYCLE_000001_RAWDATA_002044
 /data/20211216_CSE021_plane1_-733.45_raw-134/CYCLE_000001_RAWDATA_002045
 /data/20211216_CSE021_plane1_-733.45_raw-134/CYCLE_000001_RAWDATA_002046
 /data/20211216_CSE021_plane1_-733.45_raw-134/CYCLE_000001_RAWDATA_002047
2022-01-24 17:11:47.820 rip:67 INFO Ripping to: /temp/20211216_CSE021_plane1_-733.45_raw-134
2022-01-24 17:11:47.836 rip:94 INFO Ripping has started!
2022-01-24 17:11:52.842 rip:111 INFO Found .csv file for behavior: /temp/20211216_CSE021_plane1_-733.45_raw-134/20211216_CSE021_plane1_-733.45_raw-134_Cycle00001_VoltageRecording_001.csv
2022-01-24 17:11:52.843 rip:117 INFO Voltage Recording .csv size: 26818093
2022-01-24 17:12:02.853 rip:125 INFO Voltage Recording .csv size: 121589028
2022-01-24 17:12:02.854 rip:139 INFO Voltage .csv Ripping Complete!
2022-01-24 17:12:02.854 rip:160 INFO Starting to rip tiff files...
2022-01-24 17:12:02.854 rip:163 INFO Watching for ripper to finish for 3600 more seconds
2022-01-24 17:12:12.864 rip:171 INFO   Found this many tiff files: 0
2022-01-24 17:12:12.865 rip:163 INFO Watching for ripper to finish for 3590 more seconds
2022-01-24 17:12:22.876 rip:171 INFO   Found this many tiff files: 0
2022-01-24 17:12:22.878 rip:174 INFO Detected ripping is complete
2022-01-24 17:12:32.888 rip:176 INFO Killing ripper
2022-01-24 17:12:32.888 rip:178 INFO Ripper has been killed
2022-01-24 17:12:33.890 rip:153 INFO Cleaned up!
CSC000-plane1-SNLKT-ripper
/snlkt/data/_DATA/specialk_cs/2p/raw/CSC000/20220119
20211216_CSE021_plane1_-733.45_raw-134
5.5.64.500
47285
2022-01-24 17:17:24.628 rip:209 INFO Container Started for 20211216_CSE021_plane1_-733.45_raw-134
2022-01-24 17:17:24.628 rip:41 INFO Path available /data/20211216_CSE021_plane1_-733.45_raw-134
2022-01-24 17:17:24.631 rip:64 INFO Ripping from:
 /data/20211216_CSE021_plane1_-733.45_raw-134/20211216_CSE021_plane1_-733.45_raw-134_Cycle00001_VoltageRecording_001_VRFilelist.txt
 /data/20211216_CSE021_plane1_-733.45_raw-134/Cycle00001_Filelist.txt
 /data/20211216_CSE021_plane1_-733.45_raw-134/CYCLE_000001_RAWDATA_002012
 /data/20211216_CSE021_plane1_-733.45_raw-134/CYCLE_000001_RAWDATA_002013
 /data/20211216_CSE021_plane1_-733.45_raw-134/CYCLE_000001_RAWDATA_002014
 /data/20211216_CSE021_plane1_-733.45_raw-134/CYCLE_000001_RAWDATA_002015
 /data/20211216_CSE021_plane1_-733.45_raw-134/CYCLE_000001_RAWDATA_002016
 /data/20211216_CSE021_plane1_-733.45_raw-134/CYCLE_000001_RAWDATA_002017
 /data/20211216_CSE021_plane1_-733.45_raw-134/CYCLE_000001_RAWDATA_002018
 /data/20211216_CSE021_plane1_-733.45_raw-134/CYCLE_000001_RAWDATA_002019
 /data/20211216_CSE021_plane1_-733.45_raw-134/CYCLE_000001_RAWDATA_002020
 /data/20211216_CSE021_plane1_-733.45_raw-134/CYCLE_000001_RAWDATA_002021
 /data/20211216_CSE021_plane1_-733.45_raw-134/CYCLE_000001_RAWDATA_002022
 /data/20211216_CSE021_plane1_-733.45_raw-134/CYCLE_000001_RAWDATA_002023
 /data/20211216_CSE021_plane1_-733.45_raw-134/CYCLE_000001_RAWDATA_002024
 /data/20211216_CSE021_plane1_-733.45_raw-134/CYCLE_000001_RAWDATA_002025
 /data/20211216_CSE021_plane1_-733.45_raw-134/CYCLE_000001_RAWDATA_002026
 /data/20211216_CSE021_plane1_-733.45_raw-134/CYCLE_000001_RAWDATA_002027
 /data/20211216_CSE021_plane1_-733.45_raw-134/CYCLE_000001_RAWDATA_002028
 /data/20211216_CSE021_plane1_-733.45_raw-134/CYCLE_000001_RAWDATA_002029
 /data/20211216_CSE021_plane1_-733.45_raw-134/CYCLE_000001_RAWDATA_002030
 /data/20211216_CSE021_plane1_-733.45_raw-134/CYCLE_000001_RAWDATA_002031
 /data/20211216_CSE021_plane1_-733.45_raw-134/CYCLE_000001_RAWDATA_002032
 /data/20211216_CSE021_plane1_-733.45_raw-134/CYCLE_000001_RAWDATA_002033
 /data/20211216_CSE021_plane1_-733.45_raw-134/CYCLE_000001_RAWDATA_002034
 /data/20211216_CSE021_plane1_-733.45_raw-134/CYCLE_000001_RAWDATA_002035
 /data/20211216_CSE021_plane1_-733.45_raw-134/CYCLE_000001_RAWDATA_002036
 /data/20211216_CSE021_plane1_-733.45_raw-134/CYCLE_000001_RAWDATA_002037
 /data/20211216_CSE021_plane1_-733.45_raw-134/CYCLE_000001_RAWDATA_002038
 /data/20211216_CSE021_plane1_-733.45_raw-134/CYCLE_000001_RAWDATA_002039
 /data/20211216_CSE021_plane1_-733.45_raw-134/CYCLE_000001_RAWDATA_002040
 /data/20211216_CSE021_plane1_-733.45_raw-134/CYCLE_000001_RAWDATA_002041
 /data/20211216_CSE021_plane1_-733.45_raw-134/CYCLE_000001_RAWDATA_002042
 /data/20211216_CSE021_plane1_-733.45_raw-134/CYCLE_000001_RAWDATA_002043
 /data/20211216_CSE021_plane1_-733.45_raw-134/CYCLE_000001_RAWDATA_002044
 /data/20211216_CSE021_plane1_-733.45_raw-134/CYCLE_000001_RAWDATA_002045
 /data/20211216_CSE021_plane1_-733.45_raw-134/CYCLE_000001_RAWDATA_002046
 /data/20211216_CSE021_plane1_-733.45_raw-134/CYCLE_000001_RAWDATA_002047
2022-01-24 17:17:24.631 rip:67 INFO Ripping to: /temp/20211216_CSE021_plane1_-733.45_raw-134
2022-01-24 17:17:24.648 rip:94 INFO Ripping has started!
2022-01-24 17:17:29.654 rip:111 INFO Found .csv file for behavior: /temp/20211216_CSE021_plane1_-733.45_raw-134/20211216_CSE021_plane1_-733.45_raw-134_Cycle00001_VoltageRecording_001.csv
2022-01-24 17:17:29.655 rip:117 INFO Voltage Recording .csv size: 24008722
2022-01-24 17:17:39.665 rip:125 INFO Voltage Recording .csv size: 124906327
2022-01-24 17:17:39.666 rip:133 INFO Still ripping voltage recording...
2022-01-24 17:17:49.673 rip:125 INFO Voltage Recording .csv size: 223083117
2022-01-24 17:17:49.674 rip:133 INFO Still ripping voltage recording...
2022-01-24 17:17:59.684 rip:125 INFO Voltage Recording .csv size: 321668836
2022-01-24 17:17:59.685 rip:133 INFO Still ripping voltage recording...
2022-01-24 17:18:09.695 rip:125 INFO Voltage Recording .csv size: 416577254
2022-01-24 17:18:09.696 rip:133 INFO Still ripping voltage recording...
2022-01-24 17:18:19.705 rip:125 INFO Voltage Recording .csv size: 508218490
2022-01-24 17:18:19.706 rip:133 INFO Still ripping voltage recording...
2022-01-24 17:18:29.716 rip:125 INFO Voltage Recording .csv size: 608675660
2022-01-24 17:18:29.718 rip:133 INFO Still ripping voltage recording...
2022-01-24 17:18:39.728 rip:125 INFO Voltage Recording .csv size: 709380430
2022-01-24 17:18:39.730 rip:133 INFO Still ripping voltage recording...
2022-01-24 17:18:49.740 rip:125 INFO Voltage Recording .csv size: 800173936
2022-01-24 17:18:49.741 rip:133 INFO Still ripping voltage recording...
2022-01-24 17:18:59.745 rip:125 INFO Voltage Recording .csv size: 899288057
2022-01-24 17:18:59.746 rip:133 INFO Still ripping voltage recording...
2022-01-24 17:19:09.756 rip:125 INFO Voltage Recording .csv size: 992127112
2022-01-24 17:19:09.757 rip:133 INFO Still ripping voltage recording...
2022-01-24 17:19:19.767 rip:125 INFO Voltage Recording .csv size: 1079331513
2022-01-24 17:19:19.769 rip:133 INFO Still ripping voltage recording...
2022-01-24 17:19:29.779 rip:125 INFO Voltage Recording .csv size: 1172947533
2022-01-24 17:19:29.779 rip:133 INFO Still ripping voltage recording...
2022-01-24 17:19:39.789 rip:125 INFO Voltage Recording .csv size: 1266424760
2022-01-24 17:19:39.790 rip:133 INFO Still ripping voltage recording...
2022-01-24 17:19:49.791 rip:125 INFO Voltage Recording .csv size: 1358117343
2022-01-24 17:19:49.792 rip:133 INFO Still ripping voltage recording...
2022-01-24 17:19:59.799 rip:125 INFO Voltage Recording .csv size: 1449933791
2022-01-24 17:19:59.800 rip:133 INFO Still ripping voltage recording...
2022-01-24 17:20:09.810 rip:125 INFO Voltage Recording .csv size: 1548780895
2022-01-24 17:20:09.811 rip:133 INFO Still ripping voltage recording...
2022-01-24 17:20:19.821 rip:125 INFO Voltage Recording .csv size: 1643757366
2022-01-24 17:20:19.823 rip:133 INFO Still ripping voltage recording...
2022-01-24 17:20:29.825 rip:125 INFO Voltage Recording .csv size: 1738701132
2022-01-24 17:20:29.826 rip:133 INFO Still ripping voltage recording...
2022-01-24 17:20:39.836 rip:125 INFO Voltage Recording .csv size: 1839250341
2022-01-24 17:20:39.837 rip:133 INFO Still ripping voltage recording...
2022-01-24 17:20:49.847 rip:125 INFO Voltage Recording .csv size: 1894249255
2022-01-24 17:20:49.848 rip:133 INFO Still ripping voltage recording...
2022-01-24 17:20:59.858 rip:125 INFO Voltage Recording .csv size: 1894249255
2022-01-24 17:20:59.861 rip:139 INFO Voltage .csv Ripping Complete!
2022-01-24 17:20:59.861 rip:160 INFO Starting to rip tiff files...
2022-01-24 17:20:59.861 rip:163 INFO Watching for ripper to finish for 3600 more seconds
2022-01-24 17:21:09.892 rip:171 INFO   Found this many tiff files: 2043
2022-01-24 17:21:09.893 rip:163 INFO Watching for ripper to finish for 3590 more seconds
2022-01-24 17:21:19.928 rip:171 INFO   Found this many tiff files: 2808
2022-01-24 17:21:19.930 rip:163 INFO Watching for ripper to finish for 3580 more seconds
2022-01-24 17:21:29.975 rip:171 INFO   Found this many tiff files: 3606
2022-01-24 17:21:29.976 rip:163 INFO Watching for ripper to finish for 3570 more seconds
2022-01-24 17:21:40.028 rip:171 INFO   Found this many tiff files: 4337
2022-01-24 17:21:40.029 rip:163 INFO Watching for ripper to finish for 3560 more seconds
2022-01-24 17:21:50.087 rip:171 INFO   Found this many tiff files: 5075
2022-01-24 17:21:50.088 rip:163 INFO Watching for ripper to finish for 3550 more seconds
2022-01-24 17:22:00.151 rip:171 INFO   Found this many tiff files: 5783
2022-01-24 17:22:00.152 rip:163 INFO Watching for ripper to finish for 3540 more seconds
2022-01-24 17:22:10.220 rip:171 INFO   Found this many tiff files: 6474
2022-01-24 17:22:10.221 rip:163 INFO Watching for ripper to finish for 3530 more seconds
2022-01-24 17:22:20.296 rip:171 INFO   Found this many tiff files: 7056
2022-01-24 17:22:20.297 rip:163 INFO Watching for ripper to finish for 3520 more seconds
2022-01-24 17:22:30.382 rip:171 INFO   Found this many tiff files: 7689
2022-01-24 17:22:30.383 rip:163 INFO Watching for ripper to finish for 3510 more seconds
2022-01-24 17:22:40.467 rip:171 INFO   Found this many tiff files: 8298
2022-01-24 17:22:40.468 rip:163 INFO Watching for ripper to finish for 3500 more seconds
2022-01-24 17:22:50.550 rip:171 INFO   Found this many tiff files: 8862
2022-01-24 17:22:50.552 rip:163 INFO Watching for ripper to finish for 3490 more seconds
2022-01-24 17:23:00.648 rip:171 INFO   Found this many tiff files: 9436
2022-01-24 17:23:00.650 rip:163 INFO Watching for ripper to finish for 3480 more seconds
2022-01-24 17:23:10.743 rip:171 INFO   Found this many tiff files: 10007
2022-01-24 17:23:10.745 rip:163 INFO Watching for ripper to finish for 3470 more seconds
2022-01-24 17:23:20.861 rip:171 INFO   Found this many tiff files: 10573
2022-01-24 17:23:20.862 rip:163 INFO Watching for ripper to finish for 3460 more seconds
2022-01-24 17:23:30.964 rip:171 INFO   Found this many tiff files: 11051
2022-01-24 17:23:30.965 rip:163 INFO Watching for ripper to finish for 3450 more seconds
2022-01-24 17:23:41.079 rip:171 INFO   Found this many tiff files: 11495
2022-01-24 17:23:41.080 rip:163 INFO Watching for ripper to finish for 3440 more seconds
2022-01-24 17:23:51.189 rip:171 INFO   Found this many tiff files: 12018
2022-01-24 17:23:51.190 rip:163 INFO Watching for ripper to finish for 3430 more seconds
2022-01-24 17:24:01.310 rip:171 INFO   Found this many tiff files: 12546
2022-01-24 17:24:01.311 rip:163 INFO Watching for ripper to finish for 3420 more seconds
2022-01-24 17:24:11.426 rip:171 INFO   Found this many tiff files: 13062
2022-01-24 17:24:11.427 rip:163 INFO Watching for ripper to finish for 3410 more seconds
2022-01-24 17:24:21.546 rip:171 INFO   Found this many tiff files: 13551
2022-01-24 17:24:21.547 rip:163 INFO Watching for ripper to finish for 3400 more seconds
2022-01-24 17:24:31.669 rip:171 INFO   Found this many tiff files: 14055
2022-01-24 17:24:31.670 rip:163 INFO Watching for ripper to finish for 3390 more seconds
2022-01-24 17:24:41.797 rip:171 INFO   Found this many tiff files: 14536
2022-01-24 17:24:41.799 rip:163 INFO Watching for ripper to finish for 3380 more seconds
2022-01-24 17:24:51.927 rip:171 INFO   Found this many tiff files: 15010
2022-01-24 17:24:51.930 rip:163 INFO Watching for ripper to finish for 3370 more seconds
2022-01-24 17:25:02.043 rip:171 INFO   Found this many tiff files: 15485
2022-01-24 17:25:02.044 rip:163 INFO Watching for ripper to finish for 3360 more seconds
2022-01-24 17:25:12.182 rip:171 INFO   Found this many tiff files: 15956
2022-01-24 17:25:12.183 rip:163 INFO Watching for ripper to finish for 3350 more seconds
2022-01-24 17:25:22.326 rip:171 INFO   Found this many tiff files: 16401
2022-01-24 17:25:22.328 rip:163 INFO Watching for ripper to finish for 3340 more seconds
2022-01-24 17:25:32.469 rip:171 INFO   Found this many tiff files: 16844
2022-01-24 17:25:32.470 rip:163 INFO Watching for ripper to finish for 3330 more seconds
2022-01-24 17:25:42.619 rip:171 INFO   Found this many tiff files: 17272
2022-01-24 17:25:42.621 rip:163 INFO Watching for ripper to finish for 3320 more seconds
2022-01-24 17:25:52.757 rip:171 INFO   Found this many tiff files: 17697
2022-01-24 17:25:52.758 rip:163 INFO Watching for ripper to finish for 3310 more seconds
2022-01-24 17:26:02.921 rip:171 INFO   Found this many tiff files: 18117
2022-01-24 17:26:02.922 rip:163 INFO Watching for ripper to finish for 3300 more seconds
2022-01-24 17:26:13.067 rip:171 INFO   Found this many tiff files: 18543
2022-01-24 17:26:13.067 rip:163 INFO Watching for ripper to finish for 3290 more seconds
2022-01-24 17:26:23.229 rip:171 INFO   Found this many tiff files: 18955
2022-01-24 17:26:23.230 rip:163 INFO Watching for ripper to finish for 3280 more seconds
2022-01-24 17:26:33.401 rip:171 INFO   Found this many tiff files: 19374
2022-01-24 17:26:33.402 rip:163 INFO Watching for ripper to finish for 3270 more seconds
2022-01-24 17:26:43.565 rip:171 INFO   Found this many tiff files: 19786
2022-01-24 17:26:43.566 rip:163 INFO Watching for ripper to finish for 3260 more seconds
2022-01-24 17:26:53.738 rip:171 INFO   Found this many tiff files: 20170
2022-01-24 17:26:53.739 rip:163 INFO Watching for ripper to finish for 3250 more seconds
2022-01-24 17:27:03.932 rip:171 INFO   Found this many tiff files: 20568
2022-01-24 17:27:03.933 rip:163 INFO Watching for ripper to finish for 3240 more seconds
2022-01-24 17:27:14.109 rip:171 INFO   Found this many tiff files: 20938
2022-01-24 17:27:14.110 rip:163 INFO Watching for ripper to finish for 3230 more seconds
2022-01-24 17:27:24.289 rip:171 INFO   Found this many tiff files: 21315
2022-01-24 17:27:24.290 rip:163 INFO Watching for ripper to finish for 3220 more seconds
2022-01-24 17:27:34.435 rip:171 INFO   Found this many tiff files: 21697
2022-01-24 17:27:34.438 rip:163 INFO Watching for ripper to finish for 3210 more seconds
2022-01-24 17:27:44.624 rip:171 INFO   Found this many tiff files: 22070
2022-01-24 17:27:44.627 rip:163 INFO Watching for ripper to finish for 3200 more seconds
2022-01-24 17:27:54.743 rip:171 INFO   Found this many tiff files: 22433
2022-01-24 17:27:54.744 rip:163 INFO Watching for ripper to finish for 3190 more seconds
2022-01-24 17:28:04.902 rip:171 INFO   Found this many tiff files: 22790
2022-01-24 17:28:04.903 rip:163 INFO Watching for ripper to finish for 3180 more seconds
2022-01-24 17:28:15.081 rip:171 INFO   Found this many tiff files: 23164
2022-01-24 17:28:15.082 rip:163 INFO Watching for ripper to finish for 3170 more seconds
2022-01-24 17:28:25.271 rip:171 INFO   Found this many tiff files: 23529
2022-01-24 17:28:25.273 rip:163 INFO Watching for ripper to finish for 3160 more seconds
2022-01-24 17:28:35.454 rip:171 INFO   Found this many tiff files: 23883
2022-01-24 17:28:35.454 rip:163 INFO Watching for ripper to finish for 3150 more seconds
2022-01-24 17:28:45.644 rip:171 INFO   Found this many tiff files: 24234
2022-01-24 17:28:45.645 rip:163 INFO Watching for ripper to finish for 3140 more seconds
2022-01-24 17:28:55.842 rip:171 INFO   Found this many tiff files: 24599
2022-01-24 17:28:55.844 rip:163 INFO Watching for ripper to finish for 3130 more seconds
2022-01-24 17:29:06.028 rip:171 INFO   Found this many tiff files: 24972
2022-01-24 17:29:06.029 rip:163 INFO Watching for ripper to finish for 3120 more seconds
2022-01-24 17:29:16.222 rip:171 INFO   Found this many tiff files: 25328
2022-01-24 17:29:16.223 rip:163 INFO Watching for ripper to finish for 3110 more seconds
2022-01-24 17:29:26.412 rip:171 INFO   Found this many tiff files: 25685
2022-01-24 17:29:26.414 rip:163 INFO Watching for ripper to finish for 3100 more seconds
2022-01-24 17:29:36.612 rip:171 INFO   Found this many tiff files: 26042
2022-01-24 17:29:36.613 rip:163 INFO Watching for ripper to finish for 3090 more seconds
2022-01-24 17:29:46.800 rip:171 INFO   Found this many tiff files: 26396
2022-01-24 17:29:46.800 rip:163 INFO Watching for ripper to finish for 3080 more seconds
2022-01-24 17:29:57.006 rip:171 INFO   Found this many tiff files: 26747
2022-01-24 17:29:57.007 rip:163 INFO Watching for ripper to finish for 3070 more seconds
2022-01-24 17:30:07.197 rip:171 INFO   Found this many tiff files: 27100
2022-01-24 17:30:07.197 rip:163 INFO Watching for ripper to finish for 3060 more seconds
2022-01-24 17:30:17.407 rip:171 INFO   Found this many tiff files: 27433
2022-01-24 17:30:17.408 rip:163 INFO Watching for ripper to finish for 3050 more seconds
2022-01-24 17:30:27.622 rip:171 INFO   Found this many tiff files: 27777
2022-01-24 17:30:27.623 rip:163 INFO Watching for ripper to finish for 3040 more seconds
2022-01-24 17:30:37.826 rip:171 INFO   Found this many tiff files: 28106
2022-01-24 17:30:37.827 rip:163 INFO Watching for ripper to finish for 3030 more seconds
2022-01-24 17:30:48.043 rip:171 INFO   Found this many tiff files: 28431
2022-01-24 17:30:48.045 rip:163 INFO Watching for ripper to finish for 3020 more seconds
2022-01-24 17:30:58.229 rip:171 INFO   Found this many tiff files: 28764
2022-01-24 17:30:58.230 rip:163 INFO Watching for ripper to finish for 3010 more seconds
2022-01-24 17:31:08.431 rip:171 INFO   Found this many tiff files: 29101
2022-01-24 17:31:08.432 rip:163 INFO Watching for ripper to finish for 3000 more seconds
2022-01-24 17:31:18.637 rip:171 INFO   Found this many tiff files: 29429
2022-01-24 17:31:18.638 rip:163 INFO Watching for ripper to finish for 2990 more seconds
2022-01-24 17:31:28.848 rip:171 INFO   Found this many tiff files: 29754
2022-01-24 17:31:28.848 rip:163 INFO Watching for ripper to finish for 2980 more seconds
2022-01-24 17:31:39.073 rip:171 INFO   Found this many tiff files: 30081
2022-01-24 17:31:39.075 rip:163 INFO Watching for ripper to finish for 2970 more seconds
2022-01-24 17:31:49.304 rip:171 INFO   Found this many tiff files: 30395
2022-01-24 17:31:49.305 rip:163 INFO Watching for ripper to finish for 2960 more seconds
2022-01-24 17:31:59.518 rip:171 INFO   Found this many tiff files: 30682
2022-01-24 17:31:59.519 rip:163 INFO Watching for ripper to finish for 2950 more seconds
2022-01-24 17:32:09.774 rip:171 INFO   Found this many tiff files: 31009
2022-01-24 17:32:09.777 rip:163 INFO Watching for ripper to finish for 2940 more seconds
2022-01-24 17:32:20.011 rip:171 INFO   Found this many tiff files: 31322
2022-01-24 17:32:20.011 rip:163 INFO Watching for ripper to finish for 2930 more seconds
2022-01-24 17:32:30.227 rip:171 INFO   Found this many tiff files: 31627
2022-01-24 17:32:30.229 rip:163 INFO Watching for ripper to finish for 2920 more seconds
2022-01-24 17:32:40.463 rip:171 INFO   Found this many tiff files: 31927
2022-01-24 17:32:40.464 rip:163 INFO Watching for ripper to finish for 2910 more seconds
2022-01-24 17:32:50.699 rip:171 INFO   Found this many tiff files: 32210
2022-01-24 17:32:50.700 rip:163 INFO Watching for ripper to finish for 2900 more seconds
2022-01-24 17:33:00.922 rip:171 INFO   Found this many tiff files: 32514
2022-01-24 17:33:00.924 rip:163 INFO Watching for ripper to finish for 2890 more seconds
2022-01-24 17:33:11.161 rip:171 INFO   Found this many tiff files: 32803
2022-01-24 17:33:11.162 rip:163 INFO Watching for ripper to finish for 2880 more seconds
2022-01-24 17:33:21.402 rip:171 INFO   Found this many tiff files: 33096
2022-01-24 17:33:21.403 rip:163 INFO Watching for ripper to finish for 2870 more seconds
2022-01-24 17:33:31.630 rip:171 INFO   Found this many tiff files: 33383
2022-01-24 17:33:31.633 rip:163 INFO Watching for ripper to finish for 2860 more seconds
2022-01-24 17:33:41.872 rip:171 INFO   Found this many tiff files: 33678
2022-01-24 17:33:41.873 rip:163 INFO Watching for ripper to finish for 2850 more seconds
2022-01-24 17:33:52.116 rip:171 INFO   Found this many tiff files: 33969
2022-01-24 17:33:52.118 rip:163 INFO Watching for ripper to finish for 2840 more seconds
2022-01-24 17:34:02.368 rip:171 INFO   Found this many tiff files: 34268
2022-01-24 17:34:02.369 rip:163 INFO Watching for ripper to finish for 2830 more seconds
2022-01-24 17:34:12.603 rip:171 INFO   Found this many tiff files: 34562
2022-01-24 17:34:12.603 rip:163 INFO Watching for ripper to finish for 2820 more seconds
2022-01-24 17:34:22.847 rip:171 INFO   Found this many tiff files: 34837
2022-01-24 17:34:22.848 rip:163 INFO Watching for ripper to finish for 2810 more seconds
2022-01-24 17:34:33.097 rip:171 INFO   Found this many tiff files: 35133
2022-01-24 17:34:33.098 rip:163 INFO Watching for ripper to finish for 2800 more seconds
2022-01-24 17:34:43.356 rip:171 INFO   Found this many tiff files: 35428
2022-01-24 17:34:43.357 rip:163 INFO Watching for ripper to finish for 2790 more seconds
2022-01-24 17:34:53.589 rip:171 INFO   Found this many tiff files: 35723
2022-01-24 17:34:53.590 rip:163 INFO Watching for ripper to finish for 2780 more seconds
2022-01-24 17:35:03.842 rip:171 INFO   Found this many tiff files: 36012
2022-01-24 17:35:03.846 rip:163 INFO Watching for ripper to finish for 2770 more seconds
2022-01-24 17:35:14.102 rip:171 INFO   Found this many tiff files: 36301
2022-01-24 17:35:14.102 rip:163 INFO Watching for ripper to finish for 2760 more seconds
2022-01-24 17:35:24.363 rip:171 INFO   Found this many tiff files: 36588
2022-01-24 17:35:24.363 rip:163 INFO Watching for ripper to finish for 2750 more seconds
2022-01-24 17:35:34.627 rip:171 INFO   Found this many tiff files: 36874
2022-01-24 17:35:34.629 rip:163 INFO Watching for ripper to finish for 2740 more seconds
2022-01-24 17:35:44.872 rip:171 INFO   Found this many tiff files: 37157
2022-01-24 17:35:44.873 rip:163 INFO Watching for ripper to finish for 2730 more seconds
2022-01-24 17:35:55.134 rip:171 INFO   Found this many tiff files: 37440
2022-01-24 17:35:55.135 rip:163 INFO Watching for ripper to finish for 2720 more seconds
2022-01-24 17:36:05.401 rip:171 INFO   Found this many tiff files: 37721
2022-01-24 17:36:05.403 rip:163 INFO Watching for ripper to finish for 2710 more seconds
2022-01-24 17:36:15.630 rip:171 INFO   Found this many tiff files: 37987
2022-01-24 17:36:15.631 rip:163 INFO Watching for ripper to finish for 2700 more seconds
2022-01-24 17:36:25.907 rip:171 INFO   Found this many tiff files: 38246
2022-01-24 17:36:25.910 rip:163 INFO Watching for ripper to finish for 2690 more seconds
2022-01-24 17:36:36.150 rip:171 INFO   Found this many tiff files: 38512
2022-01-24 17:36:36.152 rip:163 INFO Watching for ripper to finish for 2680 more seconds
2022-01-24 17:36:46.419 rip:171 INFO   Found this many tiff files: 38777
2022-01-24 17:36:46.421 rip:163 INFO Watching for ripper to finish for 2670 more seconds
2022-01-24 17:36:56.698 rip:171 INFO   Found this many tiff files: 39052
2022-01-24 17:36:56.700 rip:163 INFO Watching for ripper to finish for 2660 more seconds
2022-01-24 17:37:06.974 rip:171 INFO   Found this many tiff files: 39326
2022-01-24 17:37:06.974 rip:163 INFO Watching for ripper to finish for 2650 more seconds
2022-01-24 17:37:17.253 rip:171 INFO   Found this many tiff files: 39585
2022-01-24 17:37:17.254 rip:163 INFO Watching for ripper to finish for 2640 more seconds
2022-01-24 17:37:27.537 rip:171 INFO   Found this many tiff files: 39856
2022-01-24 17:37:27.537 rip:163 INFO Watching for ripper to finish for 2630 more seconds
2022-01-24 17:37:37.824 rip:171 INFO   Found this many tiff files: 40126
2022-01-24 17:37:37.824 rip:163 INFO Watching for ripper to finish for 2620 more seconds
2022-01-24 17:37:48.081 rip:171 INFO   Found this many tiff files: 40392
2022-01-24 17:37:48.082 rip:163 INFO Watching for ripper to finish for 2610 more seconds
2022-01-24 17:37:58.355 rip:171 INFO   Found this many tiff files: 40658
2022-01-24 17:37:58.356 rip:163 INFO Watching for ripper to finish for 2600 more seconds
2022-01-24 17:38:08.637 rip:171 INFO   Found this many tiff files: 40924
2022-01-24 17:38:08.640 rip:163 INFO Watching for ripper to finish for 2590 more seconds
2022-01-24 17:38:18.926 rip:171 INFO   Found this many tiff files: 41175
2022-01-24 17:38:18.927 rip:163 INFO Watching for ripper to finish for 2580 more seconds
2022-01-24 17:38:29.218 rip:171 INFO   Found this many tiff files: 41438
2022-01-24 17:38:29.219 rip:163 INFO Watching for ripper to finish for 2570 more seconds
2022-01-24 17:38:39.521 rip:171 INFO   Found this many tiff files: 41701
2022-01-24 17:38:39.523 rip:163 INFO Watching for ripper to finish for 2560 more seconds
2022-01-24 17:38:49.808 rip:171 INFO   Found this many tiff files: 41960
2022-01-24 17:38:49.810 rip:163 INFO Watching for ripper to finish for 2550 more seconds
2022-01-24 17:39:00.108 rip:171 INFO   Found this many tiff files: 42221
2022-01-24 17:39:00.109 rip:163 INFO Watching for ripper to finish for 2540 more seconds
2022-01-24 17:39:10.408 rip:171 INFO   Found this many tiff files: 42477
2022-01-24 17:39:10.409 rip:163 INFO Watching for ripper to finish for 2530 more seconds
2022-01-24 17:39:20.685 rip:171 INFO   Found this many tiff files: 42734
2022-01-24 17:39:20.685 rip:163 INFO Watching for ripper to finish for 2520 more seconds
2022-01-24 17:39:30.978 rip:171 INFO   Found this many tiff files: 42988
2022-01-24 17:39:30.979 rip:163 INFO Watching for ripper to finish for 2510 more seconds
2022-01-24 17:39:41.276 rip:171 INFO   Found this many tiff files: 43236
2022-01-24 17:39:41.276 rip:163 INFO Watching for ripper to finish for 2500 more seconds
2022-01-24 17:39:51.556 rip:171 INFO   Found this many tiff files: 43481
2022-01-24 17:39:51.557 rip:163 INFO Watching for ripper to finish for 2490 more seconds
2022-01-24 17:40:01.862 rip:171 INFO   Found this many tiff files: 43731
2022-01-24 17:40:01.863 rip:163 INFO Watching for ripper to finish for 2480 more seconds
2022-01-24 17:40:12.165 rip:171 INFO   Found this many tiff files: 43981
2022-01-24 17:40:12.167 rip:163 INFO Watching for ripper to finish for 2470 more seconds
2022-01-24 17:40:22.471 rip:171 INFO   Found this many tiff files: 44232
2022-01-24 17:40:22.473 rip:163 INFO Watching for ripper to finish for 2460 more seconds
2022-01-24 17:40:32.770 rip:171 INFO   Found this many tiff files: 44471
2022-01-24 17:40:32.771 rip:163 INFO Watching for ripper to finish for 2450 more seconds
2022-01-24 17:40:43.074 rip:171 INFO   Found this many tiff files: 44716
2022-01-24 17:40:43.075 rip:163 INFO Watching for ripper to finish for 2440 more seconds
2022-01-24 17:40:53.388 rip:171 INFO   Found this many tiff files: 44960
2022-01-24 17:40:53.389 rip:163 INFO Watching for ripper to finish for 2430 more seconds
2022-01-24 17:41:03.702 rip:171 INFO   Found this many tiff files: 45201
2022-01-24 17:41:03.703 rip:163 INFO Watching for ripper to finish for 2420 more seconds
2022-01-24 17:41:14.021 rip:171 INFO   Found this many tiff files: 45447
2022-01-24 17:41:14.022 rip:163 INFO Watching for ripper to finish for 2410 more seconds
2022-01-24 17:41:24.339 rip:171 INFO   Found this many tiff files: 45674
2022-01-24 17:41:24.340 rip:163 INFO Watching for ripper to finish for 2400 more seconds
2022-01-24 17:41:34.703 rip:171 INFO   Found this many tiff files: 45902
2022-01-24 17:41:34.704 rip:163 INFO Watching for ripper to finish for 2390 more seconds
2022-01-24 17:41:45.022 rip:171 INFO   Found this many tiff files: 46148
2022-01-24 17:41:45.023 rip:163 INFO Watching for ripper to finish for 2380 more seconds
2022-01-24 17:41:55.340 rip:171 INFO   Found this many tiff files: 46377
2022-01-24 17:41:55.341 rip:163 INFO Watching for ripper to finish for 2370 more seconds
2022-01-24 17:42:05.670 rip:171 INFO   Found this many tiff files: 46599
2022-01-24 17:42:05.671 rip:163 INFO Watching for ripper to finish for 2360 more seconds
2022-01-24 17:42:15.992 rip:171 INFO   Found this many tiff files: 46840
2022-01-24 17:42:15.994 rip:163 INFO Watching for ripper to finish for 2350 more seconds
2022-01-24 17:42:26.315 rip:171 INFO   Found this many tiff files: 47078
2022-01-24 17:42:26.315 rip:163 INFO Watching for ripper to finish for 2340 more seconds
2022-01-24 17:42:36.636 rip:171 INFO   Found this many tiff files: 47285
2022-01-24 17:42:36.637 rip:163 INFO Watching for ripper to finish for 2330 more seconds
2022-01-24 17:42:47.001 rip:171 INFO   Found this many tiff files: 47285
2022-01-24 17:42:47.004 rip:174 INFO Detected ripping is complete
2022-01-24 17:42:57.014 rip:176 INFO Killing ripper
2022-01-24 17:42:57.015 rip:178 INFO Ripper has been killed
2022-01-24 17:42:57.052 rip:153 INFO Cleaned up!
