CSE012-plane1-20211119-SNLKT-ripper
/snlkt/data/_DATA/specialk_cs/2p/raw/CSE012/20211119
20211119_CSE012_plane1_-257.25_raw-053
5.5.64.500
46356
2022-01-24 19:31:32.666 rip:209 INFO Container Started for 20211119_CSE012_plane1_-257.25_raw-053
2022-01-24 19:31:32.667 rip:41 INFO Path available /data/20211119_CSE012_plane1_-257.25_raw-053
2022-01-24 19:31:32.672 rip:64 INFO Ripping from:
 /data/20211119_CSE012_plane1_-257.25_raw-053/20211119_CSE012_plane1_-257.25_raw-053_Cycle00001_VoltageRecording_001_VRFilelist.txt
 /data/20211119_CSE012_plane1_-257.25_raw-053/Cycle00001_Filelist.txt
 /data/20211119_CSE012_plane1_-257.25_raw-053/CYCLE_000001_RAWDATA_002009
 /data/20211119_CSE012_plane1_-257.25_raw-053/CYCLE_000001_RAWDATA_002010
 /data/20211119_CSE012_plane1_-257.25_raw-053/CYCLE_000001_RAWDATA_002011
 /data/20211119_CSE012_plane1_-257.25_raw-053/CYCLE_000001_RAWDATA_002012
 /data/20211119_CSE012_plane1_-257.25_raw-053/CYCLE_000001_RAWDATA_002013
 /data/20211119_CSE012_plane1_-257.25_raw-053/CYCLE_000001_RAWDATA_002014
 /data/20211119_CSE012_plane1_-257.25_raw-053/CYCLE_000001_RAWDATA_002015
 /data/20211119_CSE012_plane1_-257.25_raw-053/CYCLE_000001_RAWDATA_002016
 /data/20211119_CSE012_plane1_-257.25_raw-053/CYCLE_000001_RAWDATA_002017
 /data/20211119_CSE012_plane1_-257.25_raw-053/CYCLE_000001_RAWDATA_002018
 /data/20211119_CSE012_plane1_-257.25_raw-053/CYCLE_000001_RAWDATA_002019
 /data/20211119_CSE012_plane1_-257.25_raw-053/CYCLE_000001_RAWDATA_002020
 /data/20211119_CSE012_plane1_-257.25_raw-053/CYCLE_000001_RAWDATA_002021
 /data/20211119_CSE012_plane1_-257.25_raw-053/CYCLE_000001_RAWDATA_002022
 /data/20211119_CSE012_plane1_-257.25_raw-053/CYCLE_000001_RAWDATA_002023
 /data/20211119_CSE012_plane1_-257.25_raw-053/CYCLE_000001_RAWDATA_002024
 /data/20211119_CSE012_plane1_-257.25_raw-053/CYCLE_000001_RAWDATA_002025
 /data/20211119_CSE012_plane1_-257.25_raw-053/CYCLE_000001_RAWDATA_002026
 /data/20211119_CSE012_plane1_-257.25_raw-053/CYCLE_000001_RAWDATA_002027
 /data/20211119_CSE012_plane1_-257.25_raw-053/CYCLE_000001_RAWDATA_002028
 /data/20211119_CSE012_plane1_-257.25_raw-053/CYCLE_000001_RAWDATA_002029
 /data/20211119_CSE012_plane1_-257.25_raw-053/CYCLE_000001_RAWDATA_002030
 /data/20211119_CSE012_plane1_-257.25_raw-053/CYCLE_000001_RAWDATA_002031
 /data/20211119_CSE012_plane1_-257.25_raw-053/CYCLE_000001_RAWDATA_002032
 /data/20211119_CSE012_plane1_-257.25_raw-053/CYCLE_000001_RAWDATA_002033
 /data/20211119_CSE012_plane1_-257.25_raw-053/CYCLE_000001_RAWDATA_002034
 /data/20211119_CSE012_plane1_-257.25_raw-053/CYCLE_000001_RAWDATA_002035
 /data/20211119_CSE012_plane1_-257.25_raw-053/CYCLE_000001_RAWDATA_002036
 /data/20211119_CSE012_plane1_-257.25_raw-053/CYCLE_000001_RAWDATA_002037
 /data/20211119_CSE012_plane1_-257.25_raw-053/CYCLE_000001_RAWDATA_002038
 /data/20211119_CSE012_plane1_-257.25_raw-053/CYCLE_000001_RAWDATA_002039
 /data/20211119_CSE012_plane1_-257.25_raw-053/CYCLE_000001_RAWDATA_002040
 /data/20211119_CSE012_plane1_-257.25_raw-053/CYCLE_000001_RAWDATA_002041
 /data/20211119_CSE012_plane1_-257.25_raw-053/CYCLE_000001_RAWDATA_002042
 /data/20211119_CSE012_plane1_-257.25_raw-053/CYCLE_000001_RAWDATA_002043
2022-01-24 19:31:32.672 rip:67 INFO Ripping to: /temp/20211119_CSE012_plane1_-257.25_raw-053
2022-01-24 19:31:32.679 rip:94 INFO Ripping has started!
2022-01-24 19:31:37.686 rip:111 INFO Found .csv file for behavior: /temp/20211119_CSE012_plane1_-257.25_raw-053/20211119_CSE012_plane1_-257.25_raw-053_Cycle00001_VoltageRecording_001.csv
2022-01-24 19:31:37.686 rip:117 INFO Voltage Recording .csv size: 22492317
2022-01-24 19:31:47.696 rip:125 INFO Voltage Recording .csv size: 112354109
2022-01-24 19:31:47.697 rip:133 INFO Still ripping voltage recording...
2022-01-24 19:31:57.707 rip:125 INFO Voltage Recording .csv size: 199607289
2022-01-24 19:31:57.708 rip:133 INFO Still ripping voltage recording...
2022-01-24 19:32:07.712 rip:125 INFO Voltage Recording .csv size: 287153618
2022-01-24 19:32:07.714 rip:133 INFO Still ripping voltage recording...
2022-01-24 19:32:17.719 rip:125 INFO Voltage Recording .csv size: 376810847
2022-01-24 19:32:17.720 rip:133 INFO Still ripping voltage recording...
2022-01-24 19:32:27.730 rip:125 INFO Voltage Recording .csv size: 462241877
2022-01-24 19:32:27.731 rip:133 INFO Still ripping voltage recording...
2022-01-24 19:32:37.741 rip:125 INFO Voltage Recording .csv size: 551473107
2022-01-24 19:32:37.742 rip:133 INFO Still ripping voltage recording...
2022-01-24 19:32:47.745 rip:125 INFO Voltage Recording .csv size: 639390804
2022-01-24 19:32:47.745 rip:133 INFO Still ripping voltage recording...
2022-01-24 19:32:57.756 rip:125 INFO Voltage Recording .csv size: 728712905
2022-01-24 19:32:57.756 rip:133 INFO Still ripping voltage recording...
2022-01-24 19:33:07.762 rip:125 INFO Voltage Recording .csv size: 820608947
2022-01-24 19:33:07.763 rip:133 INFO Still ripping voltage recording...
2022-01-24 19:33:17.767 rip:125 INFO Voltage Recording .csv size: 905151543
2022-01-24 19:33:17.769 rip:133 INFO Still ripping voltage recording...
2022-01-24 19:33:27.779 rip:125 INFO Voltage Recording .csv size: 990520055
2022-01-24 19:33:27.780 rip:133 INFO Still ripping voltage recording...
2022-01-24 19:33:37.791 rip:125 INFO Voltage Recording .csv size: 1077561703
2022-01-24 19:33:37.791 rip:133 INFO Still ripping voltage recording...
2022-01-24 19:33:47.802 rip:125 INFO Voltage Recording .csv size: 1166235176
2022-01-24 19:33:47.803 rip:133 INFO Still ripping voltage recording...
2022-01-24 19:33:57.812 rip:125 INFO Voltage Recording .csv size: 1255242402
2022-01-24 19:33:57.813 rip:133 INFO Still ripping voltage recording...
2022-01-24 19:34:07.821 rip:125 INFO Voltage Recording .csv size: 1342443372
2022-01-24 19:34:07.822 rip:133 INFO Still ripping voltage recording...
2022-01-24 19:34:17.832 rip:125 INFO Voltage Recording .csv size: 1429049546
2022-01-24 19:34:17.833 rip:133 INFO Still ripping voltage recording...
2022-01-24 19:34:27.843 rip:125 INFO Voltage Recording .csv size: 1514474586
2022-01-24 19:34:27.844 rip:133 INFO Still ripping voltage recording...
2022-01-24 19:34:37.854 rip:125 INFO Voltage Recording .csv size: 1600668030
2022-01-24 19:34:37.856 rip:133 INFO Still ripping voltage recording...
2022-01-24 19:34:47.866 rip:125 INFO Voltage Recording .csv size: 1691475403
2022-01-24 19:34:47.867 rip:133 INFO Still ripping voltage recording...
2022-01-24 19:34:57.877 rip:125 INFO Voltage Recording .csv size: 1780221542
2022-01-24 19:34:57.878 rip:133 INFO Still ripping voltage recording...
2022-01-24 19:35:07.888 rip:125 INFO Voltage Recording .csv size: 1859679022
2022-01-24 19:35:07.889 rip:133 INFO Still ripping voltage recording...
2022-01-24 19:35:17.899 rip:125 INFO Voltage Recording .csv size: 1859679022
2022-01-24 19:35:17.906 rip:139 INFO Voltage .csv Ripping Complete!
2022-01-24 19:35:17.907 rip:160 INFO Starting to rip tiff files...
2022-01-24 19:35:17.907 rip:163 INFO Watching for ripper to finish for 3600 more seconds
2022-01-24 19:35:27.926 rip:171 INFO   Found this many tiff files: 615
2022-01-24 19:35:27.927 rip:163 INFO Watching for ripper to finish for 3590 more seconds
2022-01-24 19:35:37.947 rip:171 INFO   Found this many tiff files: 910
2022-01-24 19:35:37.952 rip:163 INFO Watching for ripper to finish for 3580 more seconds
2022-01-24 19:35:47.974 rip:171 INFO   Found this many tiff files: 1162
2022-01-24 19:35:47.976 rip:163 INFO Watching for ripper to finish for 3570 more seconds
2022-01-24 19:35:57.996 rip:171 INFO   Found this many tiff files: 1333
2022-01-24 19:35:57.999 rip:163 INFO Watching for ripper to finish for 3560 more seconds
2022-01-24 19:36:08.025 rip:171 INFO   Found this many tiff files: 1525
2022-01-24 19:36:08.028 rip:163 INFO Watching for ripper to finish for 3550 more seconds
2022-01-24 19:36:18.054 rip:171 INFO   Found this many tiff files: 1734
2022-01-24 19:36:18.055 rip:163 INFO Watching for ripper to finish for 3540 more seconds
2022-01-24 19:36:28.084 rip:171 INFO   Found this many tiff files: 1964
2022-01-24 19:36:28.089 rip:163 INFO Watching for ripper to finish for 3530 more seconds
2022-01-24 19:36:38.122 rip:171 INFO   Found this many tiff files: 2157
2022-01-24 19:36:38.125 rip:163 INFO Watching for ripper to finish for 3520 more seconds
2022-01-24 19:36:48.160 rip:171 INFO   Found this many tiff files: 2463
2022-01-24 19:36:48.185 rip:163 INFO Watching for ripper to finish for 3510 more seconds
2022-01-24 19:36:58.223 rip:171 INFO   Found this many tiff files: 2713
2022-01-24 19:36:58.236 rip:163 INFO Watching for ripper to finish for 3500 more seconds
2022-01-24 19:37:08.266 rip:171 INFO   Found this many tiff files: 2996
2022-01-24 19:37:08.271 rip:163 INFO Watching for ripper to finish for 3490 more seconds
2022-01-24 19:37:18.314 rip:171 INFO   Found this many tiff files: 3275
2022-01-24 19:37:18.316 rip:163 INFO Watching for ripper to finish for 3480 more seconds
2022-01-24 19:37:28.359 rip:171 INFO   Found this many tiff files: 3546
2022-01-24 19:37:28.376 rip:163 INFO Watching for ripper to finish for 3470 more seconds
2022-01-24 19:37:38.423 rip:171 INFO   Found this many tiff files: 3821
2022-01-24 19:37:38.426 rip:163 INFO Watching for ripper to finish for 3460 more seconds
2022-01-24 19:37:48.478 rip:171 INFO   Found this many tiff files: 4125
2022-01-24 19:37:48.482 rip:163 INFO Watching for ripper to finish for 3450 more seconds
2022-01-24 19:37:59.404 rip:171 INFO   Found this many tiff files: 4380
2022-01-24 19:37:59.410 rip:163 INFO Watching for ripper to finish for 3440 more seconds
2022-01-24 19:38:09.472 rip:171 INFO   Found this many tiff files: 4633
2022-01-24 19:38:09.473 rip:163 INFO Watching for ripper to finish for 3430 more seconds
2022-01-24 19:38:19.530 rip:171 INFO   Found this many tiff files: 4885
2022-01-24 19:38:19.535 rip:163 INFO Watching for ripper to finish for 3420 more seconds
2022-01-24 19:38:29.596 rip:171 INFO   Found this many tiff files: 5137
2022-01-24 19:38:29.601 rip:163 INFO Watching for ripper to finish for 3410 more seconds
2022-01-24 19:38:39.659 rip:171 INFO   Found this many tiff files: 5407
2022-01-24 19:38:39.684 rip:163 INFO Watching for ripper to finish for 3400 more seconds
2022-01-24 19:38:49.749 rip:171 INFO   Found this many tiff files: 5672
2022-01-24 19:38:49.753 rip:163 INFO Watching for ripper to finish for 3390 more seconds
2022-01-24 19:38:59.820 rip:171 INFO   Found this many tiff files: 5947
2022-01-24 19:38:59.824 rip:163 INFO Watching for ripper to finish for 3380 more seconds
2022-01-24 19:39:09.878 rip:171 INFO   Found this many tiff files: 6206
2022-01-24 19:39:09.910 rip:163 INFO Watching for ripper to finish for 3370 more seconds
2022-01-24 19:39:19.956 rip:171 INFO   Found this many tiff files: 6502
2022-01-24 19:39:19.962 rip:163 INFO Watching for ripper to finish for 3360 more seconds
2022-01-24 19:39:30.050 rip:171 INFO   Found this many tiff files: 6770
2022-01-24 19:39:30.051 rip:163 INFO Watching for ripper to finish for 3350 more seconds
2022-01-24 19:39:40.121 rip:171 INFO   Found this many tiff files: 7021
2022-01-24 19:39:40.140 rip:163 INFO Watching for ripper to finish for 3340 more seconds
2022-01-24 19:39:50.216 rip:171 INFO   Found this many tiff files: 7276
2022-01-24 19:39:50.224 rip:163 INFO Watching for ripper to finish for 3330 more seconds
2022-01-24 19:40:00.294 rip:171 INFO   Found this many tiff files: 7542
2022-01-24 19:40:00.295 rip:163 INFO Watching for ripper to finish for 3320 more seconds
2022-01-24 19:40:10.371 rip:171 INFO   Found this many tiff files: 7811
2022-01-24 19:40:10.394 rip:163 INFO Watching for ripper to finish for 3310 more seconds
2022-01-24 19:40:20.471 rip:171 INFO   Found this many tiff files: 8065
2022-01-24 19:40:20.472 rip:163 INFO Watching for ripper to finish for 3300 more seconds
2022-01-24 19:40:30.528 rip:171 INFO   Found this many tiff files: 8356
2022-01-24 19:40:30.540 rip:163 INFO Watching for ripper to finish for 3290 more seconds
2022-01-24 19:40:40.605 rip:171 INFO   Found this many tiff files: 8642
2022-01-24 19:40:40.612 rip:163 INFO Watching for ripper to finish for 3280 more seconds
2022-01-24 19:40:50.675 rip:171 INFO   Found this many tiff files: 8866
2022-01-24 19:40:50.676 rip:163 INFO Watching for ripper to finish for 3270 more seconds
2022-01-24 19:41:00.949 rip:171 INFO   Found this many tiff files: 9100
2022-01-24 19:41:00.951 rip:163 INFO Watching for ripper to finish for 3260 more seconds
2022-01-24 19:41:11.042 rip:171 INFO   Found this many tiff files: 9376
2022-01-24 19:41:11.042 rip:163 INFO Watching for ripper to finish for 3250 more seconds
2022-01-24 19:41:21.138 rip:171 INFO   Found this many tiff files: 9638
2022-01-24 19:41:21.141 rip:163 INFO Watching for ripper to finish for 3240 more seconds
2022-01-24 19:41:31.289 rip:171 INFO   Found this many tiff files: 9840
2022-01-24 19:41:31.290 rip:163 INFO Watching for ripper to finish for 3230 more seconds
2022-01-24 19:41:41.732 rip:171 INFO   Found this many tiff files: 10010
2022-01-24 19:41:41.734 rip:163 INFO Watching for ripper to finish for 3220 more seconds
2022-01-24 19:41:52.613 rip:171 INFO   Found this many tiff files: 10205
2022-01-24 19:41:52.626 rip:163 INFO Watching for ripper to finish for 3210 more seconds
2022-01-24 19:42:02.725 rip:171 INFO   Found this many tiff files: 10430
2022-01-24 19:42:02.728 rip:163 INFO Watching for ripper to finish for 3200 more seconds
2022-01-24 19:42:12.837 rip:171 INFO   Found this many tiff files: 10695
2022-01-24 19:42:12.842 rip:163 INFO Watching for ripper to finish for 3190 more seconds
2022-01-24 19:42:22.943 rip:171 INFO   Found this many tiff files: 10960
2022-01-24 19:42:22.946 rip:163 INFO Watching for ripper to finish for 3180 more seconds
2022-01-24 19:42:33.038 rip:171 INFO   Found this many tiff files: 11198
2022-01-24 19:42:33.040 rip:163 INFO Watching for ripper to finish for 3170 more seconds
2022-01-24 19:42:43.145 rip:171 INFO   Found this many tiff files: 11466
2022-01-24 19:42:43.148 rip:163 INFO Watching for ripper to finish for 3160 more seconds
2022-01-24 19:42:53.255 rip:171 INFO   Found this many tiff files: 11706
2022-01-24 19:42:53.256 rip:163 INFO Watching for ripper to finish for 3150 more seconds
2022-01-24 19:43:03.371 rip:171 INFO   Found this many tiff files: 11949
2022-01-24 19:43:03.375 rip:163 INFO Watching for ripper to finish for 3140 more seconds
2022-01-24 19:43:13.487 rip:171 INFO   Found this many tiff files: 12205
2022-01-24 19:43:13.509 rip:163 INFO Watching for ripper to finish for 3130 more seconds
2022-01-24 19:43:23.598 rip:171 INFO   Found this many tiff files: 12437
2022-01-24 19:43:23.601 rip:163 INFO Watching for ripper to finish for 3120 more seconds
2022-01-24 19:43:33.721 rip:171 INFO   Found this many tiff files: 12686
2022-01-24 19:43:33.722 rip:163 INFO Watching for ripper to finish for 3110 more seconds
2022-01-24 19:43:43.849 rip:171 INFO   Found this many tiff files: 12941
2022-01-24 19:43:43.853 rip:163 INFO Watching for ripper to finish for 3100 more seconds
2022-01-24 19:43:53.972 rip:171 INFO   Found this many tiff files: 13183
2022-01-24 19:43:53.975 rip:163 INFO Watching for ripper to finish for 3090 more seconds
2022-01-24 19:44:04.085 rip:171 INFO   Found this many tiff files: 13404
2022-01-24 19:44:04.087 rip:163 INFO Watching for ripper to finish for 3080 more seconds
2022-01-24 19:44:14.206 rip:171 INFO   Found this many tiff files: 13692
2022-01-24 19:44:14.210 rip:163 INFO Watching for ripper to finish for 3070 more seconds
2022-01-24 19:44:24.329 rip:171 INFO   Found this many tiff files: 13904
2022-01-24 19:44:24.330 rip:163 INFO Watching for ripper to finish for 3060 more seconds
2022-01-24 19:44:34.453 rip:171 INFO   Found this many tiff files: 14137
2022-01-24 19:44:34.468 rip:163 INFO Watching for ripper to finish for 3050 more seconds
2022-01-24 19:44:44.600 rip:171 INFO   Found this many tiff files: 14358
2022-01-24 19:44:44.604 rip:163 INFO Watching for ripper to finish for 3040 more seconds
2022-01-24 19:44:54.731 rip:171 INFO   Found this many tiff files: 14625
2022-01-24 19:44:54.732 rip:163 INFO Watching for ripper to finish for 3030 more seconds
2022-01-24 19:45:04.854 rip:171 INFO   Found this many tiff files: 14915
2022-01-24 19:45:04.856 rip:163 INFO Watching for ripper to finish for 3020 more seconds
2022-01-24 19:45:15.016 rip:171 INFO   Found this many tiff files: 15157
2022-01-24 19:45:15.022 rip:163 INFO Watching for ripper to finish for 3010 more seconds
2022-01-24 19:45:25.384 rip:171 INFO   Found this many tiff files: 15406
2022-01-24 19:45:25.386 rip:163 INFO Watching for ripper to finish for 3000 more seconds
2022-01-24 19:45:35.520 rip:171 INFO   Found this many tiff files: 15659
2022-01-24 19:45:35.522 rip:163 INFO Watching for ripper to finish for 2990 more seconds
2022-01-24 19:45:45.720 rip:171 INFO   Found this many tiff files: 15918
2022-01-24 19:45:45.728 rip:163 INFO Watching for ripper to finish for 2980 more seconds
2022-01-24 19:45:55.863 rip:171 INFO   Found this many tiff files: 16186
2022-01-24 19:45:55.869 rip:163 INFO Watching for ripper to finish for 2970 more seconds
2022-01-24 19:46:06.002 rip:171 INFO   Found this many tiff files: 16479
2022-01-24 19:46:06.006 rip:163 INFO Watching for ripper to finish for 2960 more seconds
2022-01-24 19:46:16.150 rip:171 INFO   Found this many tiff files: 16765
2022-01-24 19:46:16.153 rip:163 INFO Watching for ripper to finish for 2950 more seconds
2022-01-24 19:46:26.317 rip:171 INFO   Found this many tiff files: 17027
2022-01-24 19:46:26.328 rip:163 INFO Watching for ripper to finish for 2940 more seconds
2022-01-24 19:46:36.469 rip:171 INFO   Found this many tiff files: 17281
2022-01-24 19:46:36.472 rip:163 INFO Watching for ripper to finish for 2930 more seconds
2022-01-24 19:46:46.623 rip:171 INFO   Found this many tiff files: 17517
2022-01-24 19:46:46.625 rip:163 INFO Watching for ripper to finish for 2920 more seconds
2022-01-24 19:46:56.773 rip:171 INFO   Found this many tiff files: 17772
2022-01-24 19:46:56.778 rip:163 INFO Watching for ripper to finish for 2910 more seconds
2022-01-24 19:47:06.925 rip:171 INFO   Found this many tiff files: 18030
2022-01-24 19:47:06.926 rip:163 INFO Watching for ripper to finish for 2900 more seconds
2022-01-24 19:47:17.085 rip:171 INFO   Found this many tiff files: 18287
2022-01-24 19:47:17.088 rip:163 INFO Watching for ripper to finish for 2890 more seconds
2022-01-24 19:47:27.214 rip:171 INFO   Found this many tiff files: 18546
2022-01-24 19:47:27.216 rip:163 INFO Watching for ripper to finish for 2880 more seconds
2022-01-24 19:47:37.316 rip:171 INFO   Found this many tiff files: 18830
2022-01-24 19:47:37.325 rip:163 INFO Watching for ripper to finish for 2870 more seconds
2022-01-24 19:47:47.462 rip:171 INFO   Found this many tiff files: 19073
2022-01-24 19:47:47.465 rip:163 INFO Watching for ripper to finish for 2860 more seconds
2022-01-24 19:47:57.568 rip:171 INFO   Found this many tiff files: 19293
2022-01-24 19:47:57.569 rip:163 INFO Watching for ripper to finish for 2850 more seconds
2022-01-24 19:48:07.731 rip:171 INFO   Found this many tiff files: 19529
2022-01-24 19:48:07.740 rip:163 INFO Watching for ripper to finish for 2840 more seconds
2022-01-24 19:48:17.901 rip:171 INFO   Found this many tiff files: 19785
2022-01-24 19:48:17.911 rip:163 INFO Watching for ripper to finish for 2830 more seconds
2022-01-24 19:48:28.085 rip:171 INFO   Found this many tiff files: 20032
2022-01-24 19:48:28.086 rip:163 INFO Watching for ripper to finish for 2820 more seconds
2022-01-24 19:48:38.246 rip:171 INFO   Found this many tiff files: 20290
2022-01-24 19:48:38.248 rip:163 INFO Watching for ripper to finish for 2810 more seconds
2022-01-24 19:48:48.422 rip:171 INFO   Found this many tiff files: 20544
2022-01-24 19:48:48.425 rip:163 INFO Watching for ripper to finish for 2800 more seconds
2022-01-24 19:48:58.590 rip:171 INFO   Found this many tiff files: 20750
2022-01-24 19:48:58.595 rip:163 INFO Watching for ripper to finish for 2790 more seconds
2022-01-24 19:49:08.750 rip:171 INFO   Found this many tiff files: 20999
2022-01-24 19:49:08.755 rip:163 INFO Watching for ripper to finish for 2780 more seconds
2022-01-24 19:49:18.917 rip:171 INFO   Found this many tiff files: 21238
2022-01-24 19:49:18.919 rip:163 INFO Watching for ripper to finish for 2770 more seconds
2022-01-24 19:49:29.087 rip:171 INFO   Found this many tiff files: 21472
2022-01-24 19:49:29.088 rip:163 INFO Watching for ripper to finish for 2760 more seconds
2022-01-24 19:49:39.268 rip:171 INFO   Found this many tiff files: 21713
2022-01-24 19:49:39.269 rip:163 INFO Watching for ripper to finish for 2750 more seconds
2022-01-24 19:49:49.436 rip:171 INFO   Found this many tiff files: 21947
2022-01-24 19:49:49.447 rip:163 INFO Watching for ripper to finish for 2740 more seconds
2022-01-24 19:49:59.615 rip:171 INFO   Found this many tiff files: 22188
2022-01-24 19:49:59.617 rip:163 INFO Watching for ripper to finish for 2730 more seconds
2022-01-24 19:50:09.790 rip:171 INFO   Found this many tiff files: 22442
2022-01-24 19:50:09.794 rip:163 INFO Watching for ripper to finish for 2720 more seconds
2022-01-24 19:50:19.983 rip:171 INFO   Found this many tiff files: 22681
2022-01-24 19:50:19.985 rip:163 INFO Watching for ripper to finish for 2710 more seconds
2022-01-24 19:50:30.152 rip:171 INFO   Found this many tiff files: 22947
2022-01-24 19:50:30.179 rip:163 INFO Watching for ripper to finish for 2700 more seconds
2022-01-24 19:50:40.361 rip:171 INFO   Found this many tiff files: 23179
2022-01-24 19:50:40.362 rip:163 INFO Watching for ripper to finish for 2690 more seconds
2022-01-24 19:50:50.540 rip:171 INFO   Found this many tiff files: 23402
2022-01-24 19:50:50.543 rip:163 INFO Watching for ripper to finish for 2680 more seconds
2022-01-24 19:51:00.720 rip:171 INFO   Found this many tiff files: 23638
2022-01-24 19:51:00.721 rip:163 INFO Watching for ripper to finish for 2670 more seconds
2022-01-24 19:51:10.916 rip:171 INFO   Found this many tiff files: 23862
2022-01-24 19:51:10.917 rip:163 INFO Watching for ripper to finish for 2660 more seconds
2022-01-24 19:51:21.118 rip:171 INFO   Found this many tiff files: 24097
2022-01-24 19:51:21.122 rip:163 INFO Watching for ripper to finish for 2650 more seconds
2022-01-24 19:51:31.311 rip:171 INFO   Found this many tiff files: 24310
2022-01-24 19:51:31.315 rip:163 INFO Watching for ripper to finish for 2640 more seconds
2022-01-24 19:51:41.518 rip:171 INFO   Found this many tiff files: 24519
2022-01-24 19:51:41.521 rip:163 INFO Watching for ripper to finish for 2630 more seconds
2022-01-24 19:51:51.704 rip:171 INFO   Found this many tiff files: 24743
2022-01-24 19:51:51.716 rip:163 INFO Watching for ripper to finish for 2620 more seconds
2022-01-24 19:52:01.919 rip:171 INFO   Found this many tiff files: 24952
2022-01-24 19:52:01.921 rip:163 INFO Watching for ripper to finish for 2610 more seconds
2022-01-24 19:52:12.105 rip:171 INFO   Found this many tiff files: 25191
2022-01-24 19:52:12.106 rip:163 INFO Watching for ripper to finish for 2600 more seconds
2022-01-24 19:52:22.312 rip:171 INFO   Found this many tiff files: 25424
2022-01-24 19:52:22.317 rip:163 INFO Watching for ripper to finish for 2590 more seconds
2022-01-24 19:52:32.522 rip:171 INFO   Found this many tiff files: 25653
2022-01-24 19:52:32.524 rip:163 INFO Watching for ripper to finish for 2580 more seconds
2022-01-24 19:52:42.718 rip:171 INFO   Found this many tiff files: 25875
2022-01-24 19:52:42.719 rip:163 INFO Watching for ripper to finish for 2570 more seconds
2022-01-24 19:52:52.931 rip:171 INFO   Found this many tiff files: 26116
2022-01-24 19:52:52.932 rip:163 INFO Watching for ripper to finish for 2560 more seconds
2022-01-24 19:53:03.128 rip:171 INFO   Found this many tiff files: 26339
2022-01-24 19:53:03.130 rip:163 INFO Watching for ripper to finish for 2550 more seconds
2022-01-24 19:53:13.330 rip:171 INFO   Found this many tiff files: 26546
2022-01-24 19:53:13.331 rip:163 INFO Watching for ripper to finish for 2540 more seconds
2022-01-24 19:53:23.502 rip:171 INFO   Found this many tiff files: 26763
2022-01-24 19:53:23.507 rip:163 INFO Watching for ripper to finish for 2530 more seconds
2022-01-24 19:53:33.693 rip:171 INFO   Found this many tiff files: 26977
2022-01-24 19:53:33.698 rip:163 INFO Watching for ripper to finish for 2520 more seconds
2022-01-24 19:53:43.965 rip:171 INFO   Found this many tiff files: 27205
2022-01-24 19:53:43.966 rip:163 INFO Watching for ripper to finish for 2510 more seconds
2022-01-24 19:53:54.119 rip:171 INFO   Found this many tiff files: 27429
2022-01-24 19:53:54.121 rip:163 INFO Watching for ripper to finish for 2500 more seconds
2022-01-24 19:54:04.271 rip:171 INFO   Found this many tiff files: 27650
2022-01-24 19:54:04.272 rip:163 INFO Watching for ripper to finish for 2490 more seconds
2022-01-24 19:54:14.441 rip:171 INFO   Found this many tiff files: 27870
2022-01-24 19:54:14.441 rip:163 INFO Watching for ripper to finish for 2480 more seconds
2022-01-24 19:54:24.657 rip:171 INFO   Found this many tiff files: 28089
2022-01-24 19:54:24.658 rip:163 INFO Watching for ripper to finish for 2470 more seconds
2022-01-24 19:54:34.887 rip:171 INFO   Found this many tiff files: 28298
2022-01-24 19:54:34.889 rip:163 INFO Watching for ripper to finish for 2460 more seconds
2022-01-24 19:54:45.095 rip:171 INFO   Found this many tiff files: 28521
2022-01-24 19:54:45.098 rip:163 INFO Watching for ripper to finish for 2450 more seconds
2022-01-24 19:54:55.352 rip:171 INFO   Found this many tiff files: 28735
2022-01-24 19:54:55.362 rip:163 INFO Watching for ripper to finish for 2440 more seconds
2022-01-24 19:55:05.548 rip:171 INFO   Found this many tiff files: 28975
2022-01-24 19:55:05.549 rip:163 INFO Watching for ripper to finish for 2430 more seconds
2022-01-24 19:55:15.780 rip:171 INFO   Found this many tiff files: 29196
2022-01-24 19:55:15.783 rip:163 INFO Watching for ripper to finish for 2420 more seconds
2022-01-24 19:55:26.012 rip:171 INFO   Found this many tiff files: 29408
2022-01-24 19:55:26.014 rip:163 INFO Watching for ripper to finish for 2410 more seconds
2022-01-24 19:55:36.230 rip:171 INFO   Found this many tiff files: 29636
2022-01-24 19:55:36.233 rip:163 INFO Watching for ripper to finish for 2400 more seconds
2022-01-24 19:55:46.462 rip:171 INFO   Found this many tiff files: 29864
2022-01-24 19:55:46.466 rip:163 INFO Watching for ripper to finish for 2390 more seconds
2022-01-24 19:55:56.712 rip:171 INFO   Found this many tiff files: 30082
2022-01-24 19:55:56.714 rip:163 INFO Watching for ripper to finish for 2380 more seconds
2022-01-24 19:56:06.904 rip:171 INFO   Found this many tiff files: 30314
2022-01-24 19:56:06.906 rip:163 INFO Watching for ripper to finish for 2370 more seconds
2022-01-24 19:56:17.146 rip:171 INFO   Found this many tiff files: 30532
2022-01-24 19:56:17.146 rip:163 INFO Watching for ripper to finish for 2360 more seconds
2022-01-24 19:56:27.393 rip:171 INFO   Found this many tiff files: 30747
2022-01-24 19:56:27.394 rip:163 INFO Watching for ripper to finish for 2350 more seconds
2022-01-24 19:56:37.886 rip:171 INFO   Found this many tiff files: 30970
2022-01-24 19:56:37.887 rip:163 INFO Watching for ripper to finish for 2340 more seconds
2022-01-24 19:56:48.130 rip:171 INFO   Found this many tiff files: 31174
2022-01-24 19:56:48.141 rip:163 INFO Watching for ripper to finish for 2330 more seconds
2022-01-24 19:56:58.400 rip:171 INFO   Found this many tiff files: 31371
2022-01-24 19:56:58.405 rip:163 INFO Watching for ripper to finish for 2320 more seconds
2022-01-24 19:57:08.633 rip:171 INFO   Found this many tiff files: 31581
2022-01-24 19:57:08.633 rip:163 INFO Watching for ripper to finish for 2310 more seconds
2022-01-24 19:57:18.889 rip:171 INFO   Found this many tiff files: 31790
2022-01-24 19:57:18.890 rip:163 INFO Watching for ripper to finish for 2300 more seconds
2022-01-24 19:57:29.144 rip:171 INFO   Found this many tiff files: 32005
2022-01-24 19:57:29.147 rip:163 INFO Watching for ripper to finish for 2290 more seconds
2022-01-24 19:57:39.374 rip:171 INFO   Found this many tiff files: 32219
2022-01-24 19:57:39.376 rip:163 INFO Watching for ripper to finish for 2280 more seconds
2022-01-24 19:57:49.624 rip:171 INFO   Found this many tiff files: 32404
2022-01-24 19:57:49.632 rip:163 INFO Watching for ripper to finish for 2270 more seconds
2022-01-24 19:57:59.876 rip:171 INFO   Found this many tiff files: 32609
2022-01-24 19:57:59.877 rip:163 INFO Watching for ripper to finish for 2260 more seconds
2022-01-24 19:58:10.098 rip:171 INFO   Found this many tiff files: 32802
2022-01-24 19:58:10.102 rip:163 INFO Watching for ripper to finish for 2250 more seconds
2022-01-24 19:58:20.303 rip:171 INFO   Found this many tiff files: 32994
2022-01-24 19:58:20.307 rip:163 INFO Watching for ripper to finish for 2240 more seconds
2022-01-24 19:58:30.547 rip:171 INFO   Found this many tiff files: 33198
2022-01-24 19:58:30.550 rip:163 INFO Watching for ripper to finish for 2230 more seconds
2022-01-24 19:58:40.718 rip:171 INFO   Found this many tiff files: 33391
2022-01-24 19:58:40.724 rip:163 INFO Watching for ripper to finish for 2220 more seconds
2022-01-24 19:58:50.957 rip:171 INFO   Found this many tiff files: 33625
2022-01-24 19:58:50.960 rip:163 INFO Watching for ripper to finish for 2210 more seconds
2022-01-24 19:59:01.248 rip:171 INFO   Found this many tiff files: 33832
2022-01-24 19:59:01.252 rip:163 INFO Watching for ripper to finish for 2200 more seconds
2022-01-24 19:59:11.494 rip:171 INFO   Found this many tiff files: 34037
2022-01-24 19:59:11.499 rip:163 INFO Watching for ripper to finish for 2190 more seconds
2022-01-24 19:59:21.741 rip:171 INFO   Found this many tiff files: 34267
2022-01-24 19:59:21.752 rip:163 INFO Watching for ripper to finish for 2180 more seconds
2022-01-24 19:59:32.001 rip:171 INFO   Found this many tiff files: 34479
2022-01-24 19:59:32.002 rip:163 INFO Watching for ripper to finish for 2170 more seconds
2022-01-24 19:59:42.256 rip:171 INFO   Found this many tiff files: 34675
2022-01-24 19:59:42.282 rip:163 INFO Watching for ripper to finish for 2160 more seconds
2022-01-24 19:59:52.513 rip:171 INFO   Found this many tiff files: 34887
2022-01-24 19:59:52.515 rip:163 INFO Watching for ripper to finish for 2150 more seconds
2022-01-24 20:00:02.825 rip:171 INFO   Found this many tiff files: 35077
2022-01-24 20:00:02.828 rip:163 INFO Watching for ripper to finish for 2140 more seconds
2022-01-24 20:00:13.084 rip:171 INFO   Found this many tiff files: 35288
2022-01-24 20:00:13.095 rip:163 INFO Watching for ripper to finish for 2130 more seconds
2022-01-24 20:00:23.354 rip:171 INFO   Found this many tiff files: 35496
2022-01-24 20:00:23.359 rip:163 INFO Watching for ripper to finish for 2120 more seconds
2022-01-24 20:00:33.634 rip:171 INFO   Found this many tiff files: 35696
2022-01-24 20:00:33.643 rip:163 INFO Watching for ripper to finish for 2110 more seconds
2022-01-24 20:00:43.934 rip:171 INFO   Found this many tiff files: 35883
2022-01-24 20:00:43.942 rip:163 INFO Watching for ripper to finish for 2100 more seconds
2022-01-24 20:00:54.245 rip:171 INFO   Found this many tiff files: 36078
2022-01-24 20:00:54.248 rip:163 INFO Watching for ripper to finish for 2090 more seconds
2022-01-24 20:01:04.511 rip:171 INFO   Found this many tiff files: 36270
2022-01-24 20:01:04.516 rip:163 INFO Watching for ripper to finish for 2080 more seconds
2022-01-24 20:01:14.794 rip:171 INFO   Found this many tiff files: 36453
2022-01-24 20:01:14.796 rip:163 INFO Watching for ripper to finish for 2070 more seconds
2022-01-24 20:01:25.038 rip:171 INFO   Found this many tiff files: 36644
2022-01-24 20:01:25.046 rip:163 INFO Watching for ripper to finish for 2060 more seconds
2022-01-24 20:01:35.301 rip:171 INFO   Found this many tiff files: 36843
2022-01-24 20:01:35.303 rip:163 INFO Watching for ripper to finish for 2050 more seconds
2022-01-24 20:01:45.562 rip:171 INFO   Found this many tiff files: 37034
2022-01-24 20:01:45.563 rip:163 INFO Watching for ripper to finish for 2040 more seconds
2022-01-24 20:01:55.822 rip:171 INFO   Found this many tiff files: 37217
2022-01-24 20:01:55.823 rip:163 INFO Watching for ripper to finish for 2030 more seconds
2022-01-24 20:02:06.059 rip:171 INFO   Found this many tiff files: 37423
2022-01-24 20:02:06.060 rip:163 INFO Watching for ripper to finish for 2020 more seconds
2022-01-24 20:02:16.347 rip:171 INFO   Found this many tiff files: 37607
2022-01-24 20:02:16.348 rip:163 INFO Watching for ripper to finish for 2010 more seconds
2022-01-24 20:02:26.602 rip:171 INFO   Found this many tiff files: 37799
2022-01-24 20:02:26.603 rip:163 INFO Watching for ripper to finish for 2000 more seconds
2022-01-24 20:02:36.880 rip:171 INFO   Found this many tiff files: 37993
2022-01-24 20:02:36.880 rip:163 INFO Watching for ripper to finish for 1990 more seconds
2022-01-24 20:02:47.142 rip:171 INFO   Found this many tiff files: 38205
2022-01-24 20:02:47.142 rip:163 INFO Watching for ripper to finish for 1980 more seconds
2022-01-24 20:02:57.449 rip:171 INFO   Found this many tiff files: 38403
2022-01-24 20:02:57.452 rip:163 INFO Watching for ripper to finish for 1970 more seconds
2022-01-24 20:03:07.794 rip:171 INFO   Found this many tiff files: 38585
2022-01-24 20:03:07.797 rip:163 INFO Watching for ripper to finish for 1960 more seconds
2022-01-24 20:03:18.214 rip:171 INFO   Found this many tiff files: 38773
2022-01-24 20:03:18.215 rip:163 INFO Watching for ripper to finish for 1950 more seconds
2022-01-24 20:03:28.421 rip:171 INFO   Found this many tiff files: 38969
2022-01-24 20:03:28.425 rip:163 INFO Watching for ripper to finish for 1940 more seconds
2022-01-24 20:03:38.725 rip:171 INFO   Found this many tiff files: 39178
2022-01-24 20:03:38.726 rip:163 INFO Watching for ripper to finish for 1930 more seconds
2022-01-24 20:03:49.011 rip:171 INFO   Found this many tiff files: 39371
2022-01-24 20:03:49.012 rip:163 INFO Watching for ripper to finish for 1920 more seconds
2022-01-24 20:03:59.314 rip:171 INFO   Found this many tiff files: 39563
2022-01-24 20:03:59.315 rip:163 INFO Watching for ripper to finish for 1910 more seconds
2022-01-24 20:04:09.618 rip:171 INFO   Found this many tiff files: 39760
2022-01-24 20:04:09.623 rip:163 INFO Watching for ripper to finish for 1900 more seconds
2022-01-24 20:04:19.923 rip:171 INFO   Found this many tiff files: 39946
2022-01-24 20:04:19.923 rip:163 INFO Watching for ripper to finish for 1890 more seconds
2022-01-24 20:04:30.182 rip:171 INFO   Found this many tiff files: 40133
2022-01-24 20:04:30.195 rip:163 INFO Watching for ripper to finish for 1880 more seconds
2022-01-24 20:04:40.485 rip:171 INFO   Found this many tiff files: 40321
2022-01-24 20:04:40.485 rip:163 INFO Watching for ripper to finish for 1870 more seconds
2022-01-24 20:04:50.769 rip:171 INFO   Found this many tiff files: 40511
2022-01-24 20:04:50.773 rip:163 INFO Watching for ripper to finish for 1860 more seconds
2022-01-24 20:05:01.070 rip:171 INFO   Found this many tiff files: 40696
2022-01-24 20:05:01.074 rip:163 INFO Watching for ripper to finish for 1850 more seconds
2022-01-24 20:05:11.366 rip:171 INFO   Found this many tiff files: 40865
2022-01-24 20:05:11.366 rip:163 INFO Watching for ripper to finish for 1840 more seconds
2022-01-24 20:05:21.660 rip:171 INFO   Found this many tiff files: 41056
2022-01-24 20:05:21.673 rip:163 INFO Watching for ripper to finish for 1830 more seconds
2022-01-24 20:05:31.972 rip:171 INFO   Found this many tiff files: 41241
2022-01-24 20:05:31.974 rip:163 INFO Watching for ripper to finish for 1820 more seconds
2022-01-24 20:05:42.271 rip:171 INFO   Found this many tiff files: 41440
2022-01-24 20:05:42.271 rip:163 INFO Watching for ripper to finish for 1810 more seconds
2022-01-24 20:05:52.576 rip:171 INFO   Found this many tiff files: 41638
2022-01-24 20:05:52.578 rip:163 INFO Watching for ripper to finish for 1800 more seconds
2022-01-24 20:06:02.856 rip:171 INFO   Found this many tiff files: 41823
2022-01-24 20:06:02.856 rip:163 INFO Watching for ripper to finish for 1790 more seconds
2022-01-24 20:06:13.147 rip:171 INFO   Found this many tiff files: 41993
2022-01-24 20:06:13.149 rip:163 INFO Watching for ripper to finish for 1780 more seconds
2022-01-24 20:06:23.437 rip:171 INFO   Found this many tiff files: 42184
2022-01-24 20:06:23.438 rip:163 INFO Watching for ripper to finish for 1770 more seconds
2022-01-24 20:06:33.735 rip:171 INFO   Found this many tiff files: 42376
2022-01-24 20:06:33.743 rip:163 INFO Watching for ripper to finish for 1760 more seconds
2022-01-24 20:06:44.064 rip:171 INFO   Found this many tiff files: 42565
2022-01-24 20:06:44.064 rip:163 INFO Watching for ripper to finish for 1750 more seconds
2022-01-24 20:06:54.397 rip:171 INFO   Found this many tiff files: 42762
2022-01-24 20:06:54.397 rip:163 INFO Watching for ripper to finish for 1740 more seconds
2022-01-24 20:07:04.712 rip:171 INFO   Found this many tiff files: 42957
2022-01-24 20:07:04.716 rip:163 INFO Watching for ripper to finish for 1730 more seconds
2022-01-24 20:07:15.015 rip:171 INFO   Found this many tiff files: 43133
2022-01-24 20:07:15.019 rip:163 INFO Watching for ripper to finish for 1720 more seconds
2022-01-24 20:07:25.344 rip:171 INFO   Found this many tiff files: 43321
2022-01-24 20:07:25.345 rip:163 INFO Watching for ripper to finish for 1710 more seconds
2022-01-24 20:07:35.662 rip:171 INFO   Found this many tiff files: 43505
2022-01-24 20:07:35.667 rip:163 INFO Watching for ripper to finish for 1700 more seconds
2022-01-24 20:07:45.975 rip:171 INFO   Found this many tiff files: 43684
2022-01-24 20:07:45.977 rip:163 INFO Watching for ripper to finish for 1690 more seconds
2022-01-24 20:07:56.288 rip:171 INFO   Found this many tiff files: 43870
2022-01-24 20:07:56.289 rip:163 INFO Watching for ripper to finish for 1680 more seconds
2022-01-24 20:08:06.608 rip:171 INFO   Found this many tiff files: 44059
2022-01-24 20:08:06.610 rip:163 INFO Watching for ripper to finish for 1670 more seconds
2022-01-24 20:08:16.891 rip:171 INFO   Found this many tiff files: 44235
2022-01-24 20:08:16.892 rip:163 INFO Watching for ripper to finish for 1660 more seconds
2022-01-24 20:08:27.195 rip:171 INFO   Found this many tiff files: 44389
2022-01-24 20:08:27.202 rip:163 INFO Watching for ripper to finish for 1650 more seconds
2022-01-24 20:08:37.505 rip:171 INFO   Found this many tiff files: 44581
2022-01-24 20:08:37.511 rip:163 INFO Watching for ripper to finish for 1640 more seconds
2022-01-24 20:08:47.827 rip:171 INFO   Found this many tiff files: 44758
2022-01-24 20:08:47.829 rip:163 INFO Watching for ripper to finish for 1630 more seconds
2022-01-24 20:08:58.138 rip:171 INFO   Found this many tiff files: 44937
2022-01-24 20:08:58.142 rip:163 INFO Watching for ripper to finish for 1620 more seconds
2022-01-24 20:09:08.449 rip:171 INFO   Found this many tiff files: 45117
2022-01-24 20:09:08.450 rip:163 INFO Watching for ripper to finish for 1610 more seconds
2022-01-24 20:09:18.764 rip:171 INFO   Found this many tiff files: 45293
2022-01-24 20:09:18.766 rip:163 INFO Watching for ripper to finish for 1600 more seconds
2022-01-24 20:09:29.088 rip:171 INFO   Found this many tiff files: 45479
2022-01-24 20:09:29.091 rip:163 INFO Watching for ripper to finish for 1590 more seconds
2022-01-24 20:09:39.448 rip:171 INFO   Found this many tiff files: 45662
2022-01-24 20:09:39.452 rip:163 INFO Watching for ripper to finish for 1580 more seconds
2022-01-24 20:09:49.770 rip:171 INFO   Found this many tiff files: 45859
2022-01-24 20:09:49.774 rip:163 INFO Watching for ripper to finish for 1570 more seconds
2022-01-24 20:10:00.079 rip:171 INFO   Found this many tiff files: 46035
2022-01-24 20:10:00.079 rip:163 INFO Watching for ripper to finish for 1560 more seconds
2022-01-24 20:10:10.389 rip:171 INFO   Found this many tiff files: 46235
2022-01-24 20:10:10.393 rip:163 INFO Watching for ripper to finish for 1550 more seconds
2022-01-24 20:10:20.715 rip:171 INFO   Found this many tiff files: 46356
2022-01-24 20:10:20.716 rip:163 INFO Watching for ripper to finish for 1540 more seconds
2022-01-24 20:10:31.076 rip:171 INFO   Found this many tiff files: 46356
2022-01-24 20:10:31.077 rip:174 INFO Detected ripping is complete
2022-01-24 20:10:41.087 rip:176 INFO Killing ripper
2022-01-24 20:10:41.089 rip:178 INFO Ripper has been killed
2022-01-24 20:10:41.138 rip:153 INFO Cleaned up!
