CSE012-plane1-20211210-SNLKT-ripper
/snlkt/data/_DATA/specialk_cs/2p/raw/CSE012/20211210
20211210_CSE012_plane1_-281.275_raw-109
5.5.64.500
47282
2022-01-24 19:31:34.568 rip:209 INFO Container Started for 20211210_CSE012_plane1_-281.275_raw-109
2022-01-24 19:31:34.568 rip:41 INFO Path available /data/20211210_CSE012_plane1_-281.275_raw-109
2022-01-24 19:31:34.574 rip:64 INFO Ripping from:
 /data/20211210_CSE012_plane1_-281.275_raw-109/20211210_CSE012_plane1_-281.275_raw-109_Cycle00001_VoltageRecording_001_VRFilelist.txt
 /data/20211210_CSE012_plane1_-281.275_raw-109/Cycle00001_Filelist.txt
 /data/20211210_CSE012_plane1_-281.275_raw-109/CYCLE_000001_RAWDATA_002012
 /data/20211210_CSE012_plane1_-281.275_raw-109/CYCLE_000001_RAWDATA_002013
 /data/20211210_CSE012_plane1_-281.275_raw-109/CYCLE_000001_RAWDATA_002014
 /data/20211210_CSE012_plane1_-281.275_raw-109/CYCLE_000001_RAWDATA_002015
 /data/20211210_CSE012_plane1_-281.275_raw-109/CYCLE_000001_RAWDATA_002016
 /data/20211210_CSE012_plane1_-281.275_raw-109/CYCLE_000001_RAWDATA_002017
 /data/20211210_CSE012_plane1_-281.275_raw-109/CYCLE_000001_RAWDATA_002018
 /data/20211210_CSE012_plane1_-281.275_raw-109/CYCLE_000001_RAWDATA_002019
 /data/20211210_CSE012_plane1_-281.275_raw-109/CYCLE_000001_RAWDATA_002020
 /data/20211210_CSE012_plane1_-281.275_raw-109/CYCLE_000001_RAWDATA_002021
 /data/20211210_CSE012_plane1_-281.275_raw-109/CYCLE_000001_RAWDATA_002022
 /data/20211210_CSE012_plane1_-281.275_raw-109/CYCLE_000001_RAWDATA_002023
 /data/20211210_CSE012_plane1_-281.275_raw-109/CYCLE_000001_RAWDATA_002024
 /data/20211210_CSE012_plane1_-281.275_raw-109/CYCLE_000001_RAWDATA_002025
 /data/20211210_CSE012_plane1_-281.275_raw-109/CYCLE_000001_RAWDATA_002026
 /data/20211210_CSE012_plane1_-281.275_raw-109/CYCLE_000001_RAWDATA_002027
 /data/20211210_CSE012_plane1_-281.275_raw-109/CYCLE_000001_RAWDATA_002028
 /data/20211210_CSE012_plane1_-281.275_raw-109/CYCLE_000001_RAWDATA_002029
 /data/20211210_CSE012_plane1_-281.275_raw-109/CYCLE_000001_RAWDATA_002030
 /data/20211210_CSE012_plane1_-281.275_raw-109/CYCLE_000001_RAWDATA_002031
 /data/20211210_CSE012_plane1_-281.275_raw-109/CYCLE_000001_RAWDATA_002032
 /data/20211210_CSE012_plane1_-281.275_raw-109/CYCLE_000001_RAWDATA_002033
 /data/20211210_CSE012_plane1_-281.275_raw-109/CYCLE_000001_RAWDATA_002034
 /data/20211210_CSE012_plane1_-281.275_raw-109/CYCLE_000001_RAWDATA_002035
 /data/20211210_CSE012_plane1_-281.275_raw-109/CYCLE_000001_RAWDATA_002036
 /data/20211210_CSE012_plane1_-281.275_raw-109/CYCLE_000001_RAWDATA_002037
 /data/20211210_CSE012_plane1_-281.275_raw-109/CYCLE_000001_RAWDATA_002038
 /data/20211210_CSE012_plane1_-281.275_raw-109/CYCLE_000001_RAWDATA_002039
 /data/20211210_CSE012_plane1_-281.275_raw-109/CYCLE_000001_RAWDATA_002040
 /data/20211210_CSE012_plane1_-281.275_raw-109/CYCLE_000001_RAWDATA_002041
 /data/20211210_CSE012_plane1_-281.275_raw-109/CYCLE_000001_RAWDATA_002042
 /data/20211210_CSE012_plane1_-281.275_raw-109/CYCLE_000001_RAWDATA_002043
 /data/20211210_CSE012_plane1_-281.275_raw-109/CYCLE_000001_RAWDATA_002044
 /data/20211210_CSE012_plane1_-281.275_raw-109/CYCLE_000001_RAWDATA_002045
 /data/20211210_CSE012_plane1_-281.275_raw-109/CYCLE_000001_RAWDATA_002046
 /data/20211210_CSE012_plane1_-281.275_raw-109/CYCLE_000001_RAWDATA_002047
2022-01-24 19:31:34.574 rip:67 INFO Ripping to: /temp/20211210_CSE012_plane1_-281.275_raw-109
2022-01-24 19:31:34.580 rip:94 INFO Ripping has started!
2022-01-24 19:31:39.586 rip:111 INFO Found .csv file for behavior: /temp/20211210_CSE012_plane1_-281.275_raw-109/20211210_CSE012_plane1_-281.275_raw-109_Cycle00001_VoltageRecording_001.csv
2022-01-24 19:31:39.586 rip:117 INFO Voltage Recording .csv size: 20901526
2022-01-24 19:31:49.596 rip:125 INFO Voltage Recording .csv size: 112568590
2022-01-24 19:31:49.597 rip:133 INFO Still ripping voltage recording...
2022-01-24 19:31:59.605 rip:125 INFO Voltage Recording .csv size: 205695733
2022-01-24 19:31:59.606 rip:133 INFO Still ripping voltage recording...
2022-01-24 19:32:09.607 rip:125 INFO Voltage Recording .csv size: 291246154
2022-01-24 19:32:09.609 rip:133 INFO Still ripping voltage recording...
2022-01-24 19:32:19.619 rip:125 INFO Voltage Recording .csv size: 382059835
2022-01-24 19:32:19.621 rip:133 INFO Still ripping voltage recording...
2022-01-24 19:32:29.631 rip:125 INFO Voltage Recording .csv size: 472960047
2022-01-24 19:32:29.632 rip:133 INFO Still ripping voltage recording...
2022-01-24 19:32:39.642 rip:125 INFO Voltage Recording .csv size: 567503839
2022-01-24 19:32:39.643 rip:133 INFO Still ripping voltage recording...
2022-01-24 19:32:49.653 rip:125 INFO Voltage Recording .csv size: 658684783
2022-01-24 19:32:49.655 rip:133 INFO Still ripping voltage recording...
2022-01-24 19:32:59.665 rip:125 INFO Voltage Recording .csv size: 749399333
2022-01-24 19:32:59.666 rip:133 INFO Still ripping voltage recording...
2022-01-24 19:33:09.676 rip:125 INFO Voltage Recording .csv size: 840312143
2022-01-24 19:33:09.677 rip:133 INFO Still ripping voltage recording...
2022-01-24 19:33:19.687 rip:125 INFO Voltage Recording .csv size: 926598480
2022-01-24 19:33:19.689 rip:133 INFO Still ripping voltage recording...
2022-01-24 19:33:29.699 rip:125 INFO Voltage Recording .csv size: 1013805662
2022-01-24 19:33:29.700 rip:133 INFO Still ripping voltage recording...
2022-01-24 19:33:39.710 rip:125 INFO Voltage Recording .csv size: 1104512314
2022-01-24 19:33:39.711 rip:133 INFO Still ripping voltage recording...
2022-01-24 19:33:49.721 rip:125 INFO Voltage Recording .csv size: 1193631820
2022-01-24 19:33:49.722 rip:133 INFO Still ripping voltage recording...
2022-01-24 19:33:59.733 rip:125 INFO Voltage Recording .csv size: 1283939593
2022-01-24 19:33:59.737 rip:133 INFO Still ripping voltage recording...
2022-01-24 19:34:09.748 rip:125 INFO Voltage Recording .csv size: 1369662450
2022-01-24 19:34:09.749 rip:133 INFO Still ripping voltage recording...
2022-01-24 19:34:19.759 rip:125 INFO Voltage Recording .csv size: 1455203227
2022-01-24 19:34:19.759 rip:133 INFO Still ripping voltage recording...
2022-01-24 19:34:29.761 rip:125 INFO Voltage Recording .csv size: 1542875525
2022-01-24 19:34:29.762 rip:133 INFO Still ripping voltage recording...
2022-01-24 19:34:39.772 rip:125 INFO Voltage Recording .csv size: 1634711498
2022-01-24 19:34:39.774 rip:133 INFO Still ripping voltage recording...
2022-01-24 19:34:49.784 rip:125 INFO Voltage Recording .csv size: 1726093154
2022-01-24 19:34:49.787 rip:133 INFO Still ripping voltage recording...
2022-01-24 19:34:59.797 rip:125 INFO Voltage Recording .csv size: 1816471057
2022-01-24 19:34:59.797 rip:133 INFO Still ripping voltage recording...
2022-01-24 19:35:09.807 rip:125 INFO Voltage Recording .csv size: 1896921151
2022-01-24 19:35:09.816 rip:133 INFO Still ripping voltage recording...
2022-01-24 19:35:19.825 rip:125 INFO Voltage Recording .csv size: 1896921151
2022-01-24 19:35:19.833 rip:139 INFO Voltage .csv Ripping Complete!
2022-01-24 19:35:19.833 rip:160 INFO Starting to rip tiff files...
2022-01-24 19:35:19.833 rip:163 INFO Watching for ripper to finish for 3600 more seconds
2022-01-24 19:35:29.852 rip:171 INFO   Found this many tiff files: 561
2022-01-24 19:35:29.859 rip:163 INFO Watching for ripper to finish for 3590 more seconds
2022-01-24 19:35:39.877 rip:171 INFO   Found this many tiff files: 801
2022-01-24 19:35:39.882 rip:163 INFO Watching for ripper to finish for 3580 more seconds
2022-01-24 19:35:50.208 rip:171 INFO   Found this many tiff files: 1015
2022-01-24 19:35:50.213 rip:163 INFO Watching for ripper to finish for 3570 more seconds
2022-01-24 19:36:00.236 rip:171 INFO   Found this many tiff files: 1210
2022-01-24 19:36:00.239 rip:163 INFO Watching for ripper to finish for 3560 more seconds
2022-01-24 19:36:10.263 rip:171 INFO   Found this many tiff files: 1393
2022-01-24 19:36:10.264 rip:163 INFO Watching for ripper to finish for 3550 more seconds
2022-01-24 19:36:20.287 rip:171 INFO   Found this many tiff files: 1622
2022-01-24 19:36:20.290 rip:163 INFO Watching for ripper to finish for 3540 more seconds
2022-01-24 19:36:30.979 rip:171 INFO   Found this many tiff files: 1832
2022-01-24 19:36:30.983 rip:163 INFO Watching for ripper to finish for 3530 more seconds
2022-01-24 19:36:41.016 rip:171 INFO   Found this many tiff files: 2086
2022-01-24 19:36:41.018 rip:163 INFO Watching for ripper to finish for 3520 more seconds
2022-01-24 19:36:51.053 rip:171 INFO   Found this many tiff files: 2390
2022-01-24 19:36:51.072 rip:163 INFO Watching for ripper to finish for 3510 more seconds
2022-01-24 19:37:01.129 rip:171 INFO   Found this many tiff files: 2673
2022-01-24 19:37:01.130 rip:163 INFO Watching for ripper to finish for 3500 more seconds
2022-01-24 19:37:11.163 rip:171 INFO   Found this many tiff files: 2978
2022-01-24 19:37:11.165 rip:163 INFO Watching for ripper to finish for 3490 more seconds
2022-01-24 19:37:21.207 rip:171 INFO   Found this many tiff files: 3285
2022-01-24 19:37:21.209 rip:163 INFO Watching for ripper to finish for 3480 more seconds
2022-01-24 19:37:31.256 rip:171 INFO   Found this many tiff files: 3597
2022-01-24 19:37:31.260 rip:163 INFO Watching for ripper to finish for 3470 more seconds
2022-01-24 19:37:41.308 rip:171 INFO   Found this many tiff files: 3880
2022-01-24 19:37:41.317 rip:163 INFO Watching for ripper to finish for 3460 more seconds
2022-01-24 19:37:51.369 rip:171 INFO   Found this many tiff files: 4188
2022-01-24 19:37:51.372 rip:163 INFO Watching for ripper to finish for 3450 more seconds
2022-01-24 19:38:01.405 rip:171 INFO   Found this many tiff files: 4452
2022-01-24 19:38:01.408 rip:163 INFO Watching for ripper to finish for 3440 more seconds
2022-01-24 19:38:11.447 rip:171 INFO   Found this many tiff files: 4745
2022-01-24 19:38:11.448 rip:163 INFO Watching for ripper to finish for 3430 more seconds
2022-01-24 19:38:21.504 rip:171 INFO   Found this many tiff files: 5015
2022-01-24 19:38:21.522 rip:163 INFO Watching for ripper to finish for 3420 more seconds
2022-01-24 19:38:31.583 rip:171 INFO   Found this many tiff files: 5292
2022-01-24 19:38:31.611 rip:163 INFO Watching for ripper to finish for 3410 more seconds
2022-01-24 19:38:41.670 rip:171 INFO   Found this many tiff files: 5568
2022-01-24 19:38:41.682 rip:163 INFO Watching for ripper to finish for 3400 more seconds
2022-01-24 19:38:51.748 rip:171 INFO   Found this many tiff files: 5847
2022-01-24 19:38:51.751 rip:163 INFO Watching for ripper to finish for 3390 more seconds
2022-01-24 19:39:01.809 rip:171 INFO   Found this many tiff files: 6117
2022-01-24 19:39:01.815 rip:163 INFO Watching for ripper to finish for 3380 more seconds
2022-01-24 19:39:11.885 rip:171 INFO   Found this many tiff files: 6384
2022-01-24 19:39:11.888 rip:163 INFO Watching for ripper to finish for 3370 more seconds
2022-01-24 19:39:21.945 rip:171 INFO   Found this many tiff files: 6665
2022-01-24 19:39:21.980 rip:163 INFO Watching for ripper to finish for 3360 more seconds
2022-01-24 19:39:32.061 rip:171 INFO   Found this many tiff files: 6943
2022-01-24 19:39:32.083 rip:163 INFO Watching for ripper to finish for 3350 more seconds
2022-01-24 19:39:42.153 rip:171 INFO   Found this many tiff files: 7199
2022-01-24 19:39:42.195 rip:163 INFO Watching for ripper to finish for 3340 more seconds
2022-01-24 19:39:52.271 rip:171 INFO   Found this many tiff files: 7482
2022-01-24 19:39:52.293 rip:163 INFO Watching for ripper to finish for 3330 more seconds
2022-01-24 19:40:02.373 rip:171 INFO   Found this many tiff files: 7768
2022-01-24 19:40:02.426 rip:163 INFO Watching for ripper to finish for 3320 more seconds
2022-01-24 19:40:12.508 rip:171 INFO   Found this many tiff files: 8035
2022-01-24 19:40:12.520 rip:163 INFO Watching for ripper to finish for 3310 more seconds
2022-01-24 19:40:22.596 rip:171 INFO   Found this many tiff files: 8288
2022-01-24 19:40:22.599 rip:163 INFO Watching for ripper to finish for 3300 more seconds
2022-01-24 19:40:32.693 rip:171 INFO   Found this many tiff files: 8591
2022-01-24 19:40:32.702 rip:163 INFO Watching for ripper to finish for 3290 more seconds
2022-01-24 19:40:42.790 rip:171 INFO   Found this many tiff files: 8873
2022-01-24 19:40:42.808 rip:163 INFO Watching for ripper to finish for 3280 more seconds
2022-01-24 19:40:52.872 rip:171 INFO   Found this many tiff files: 9094
2022-01-24 19:40:52.873 rip:163 INFO Watching for ripper to finish for 3270 more seconds
2022-01-24 19:41:02.963 rip:171 INFO   Found this many tiff files: 9329
2022-01-24 19:41:02.966 rip:163 INFO Watching for ripper to finish for 3260 more seconds
2022-01-24 19:41:13.046 rip:171 INFO   Found this many tiff files: 9604
2022-01-24 19:41:13.054 rip:163 INFO Watching for ripper to finish for 3250 more seconds
2022-01-24 19:41:23.156 rip:171 INFO   Found this many tiff files: 9839
2022-01-24 19:41:23.158 rip:163 INFO Watching for ripper to finish for 3240 more seconds
2022-01-24 19:41:33.253 rip:171 INFO   Found this many tiff files: 10045
2022-01-24 19:41:33.864 rip:163 INFO Watching for ripper to finish for 3230 more seconds
2022-01-24 19:41:44.028 rip:171 INFO   Found this many tiff files: 10309
2022-01-24 19:41:44.033 rip:163 INFO Watching for ripper to finish for 3220 more seconds
2022-01-24 19:41:54.137 rip:171 INFO   Found this many tiff files: 10615
2022-01-24 19:41:54.157 rip:163 INFO Watching for ripper to finish for 3210 more seconds
2022-01-24 19:42:04.259 rip:171 INFO   Found this many tiff files: 10861
2022-01-24 19:42:04.285 rip:163 INFO Watching for ripper to finish for 3200 more seconds
2022-01-24 19:42:14.397 rip:171 INFO   Found this many tiff files: 11159
2022-01-24 19:42:14.417 rip:163 INFO Watching for ripper to finish for 3190 more seconds
2022-01-24 19:42:24.525 rip:171 INFO   Found this many tiff files: 11487
2022-01-24 19:42:24.526 rip:163 INFO Watching for ripper to finish for 3180 more seconds
2022-01-24 19:42:34.635 rip:171 INFO   Found this many tiff files: 11738
2022-01-24 19:42:34.669 rip:163 INFO Watching for ripper to finish for 3170 more seconds
2022-01-24 19:42:44.753 rip:171 INFO   Found this many tiff files: 12009
2022-01-24 19:42:44.946 rip:163 INFO Watching for ripper to finish for 3160 more seconds
2022-01-24 19:42:55.063 rip:171 INFO   Found this many tiff files: 12281
2022-01-24 19:42:55.147 rip:163 INFO Watching for ripper to finish for 3150 more seconds
2022-01-24 19:43:05.261 rip:171 INFO   Found this many tiff files: 12541
2022-01-24 19:43:05.263 rip:163 INFO Watching for ripper to finish for 3140 more seconds
2022-01-24 19:43:15.379 rip:171 INFO   Found this many tiff files: 12808
2022-01-24 19:43:15.427 rip:163 INFO Watching for ripper to finish for 3130 more seconds
2022-01-24 19:43:25.522 rip:171 INFO   Found this many tiff files: 13064
2022-01-24 19:43:25.526 rip:163 INFO Watching for ripper to finish for 3120 more seconds
2022-01-24 19:43:35.651 rip:171 INFO   Found this many tiff files: 13333
2022-01-24 19:43:35.652 rip:163 INFO Watching for ripper to finish for 3110 more seconds
2022-01-24 19:43:45.758 rip:171 INFO   Found this many tiff files: 13593
2022-01-24 19:43:45.762 rip:163 INFO Watching for ripper to finish for 3100 more seconds
2022-01-24 19:43:55.886 rip:171 INFO   Found this many tiff files: 13832
2022-01-24 19:43:55.910 rip:163 INFO Watching for ripper to finish for 3090 more seconds
2022-01-24 19:44:06.039 rip:171 INFO   Found this many tiff files: 14087
2022-01-24 19:44:06.041 rip:163 INFO Watching for ripper to finish for 3080 more seconds
2022-01-24 19:44:16.183 rip:171 INFO   Found this many tiff files: 14364
2022-01-24 19:44:16.184 rip:163 INFO Watching for ripper to finish for 3070 more seconds
2022-01-24 19:44:26.313 rip:171 INFO   Found this many tiff files: 14599
2022-01-24 19:44:26.320 rip:163 INFO Watching for ripper to finish for 3060 more seconds
2022-01-24 19:44:36.444 rip:171 INFO   Found this many tiff files: 14850
2022-01-24 19:44:36.448 rip:163 INFO Watching for ripper to finish for 3050 more seconds
2022-01-24 19:44:46.574 rip:171 INFO   Found this many tiff files: 15085
2022-01-24 19:44:46.618 rip:163 INFO Watching for ripper to finish for 3040 more seconds
2022-01-24 19:44:56.749 rip:171 INFO   Found this many tiff files: 15336
2022-01-24 19:44:56.756 rip:163 INFO Watching for ripper to finish for 3030 more seconds
2022-01-24 19:45:06.911 rip:171 INFO   Found this many tiff files: 15625
2022-01-24 19:45:06.917 rip:163 INFO Watching for ripper to finish for 3020 more seconds
2022-01-24 19:45:17.049 rip:171 INFO   Found this many tiff files: 15864
2022-01-24 19:45:17.055 rip:163 INFO Watching for ripper to finish for 3010 more seconds
2022-01-24 19:45:27.188 rip:171 INFO   Found this many tiff files: 16106
2022-01-24 19:45:27.193 rip:163 INFO Watching for ripper to finish for 3000 more seconds
2022-01-24 19:45:37.327 rip:171 INFO   Found this many tiff files: 16397
2022-01-24 19:45:37.328 rip:163 INFO Watching for ripper to finish for 2990 more seconds
2022-01-24 19:45:47.469 rip:171 INFO   Found this many tiff files: 16675
2022-01-24 19:45:47.471 rip:163 INFO Watching for ripper to finish for 2980 more seconds
2022-01-24 19:45:57.619 rip:171 INFO   Found this many tiff files: 16940
2022-01-24 19:45:57.621 rip:163 INFO Watching for ripper to finish for 2970 more seconds
2022-01-24 19:46:07.752 rip:171 INFO   Found this many tiff files: 17200
2022-01-24 19:46:07.769 rip:163 INFO Watching for ripper to finish for 2960 more seconds
2022-01-24 19:46:17.926 rip:171 INFO   Found this many tiff files: 17443
2022-01-24 19:46:17.929 rip:163 INFO Watching for ripper to finish for 2950 more seconds
2022-01-24 19:46:28.056 rip:171 INFO   Found this many tiff files: 17728
2022-01-24 19:46:28.061 rip:163 INFO Watching for ripper to finish for 2940 more seconds
2022-01-24 19:46:38.230 rip:171 INFO   Found this many tiff files: 17997
2022-01-24 19:46:38.231 rip:163 INFO Watching for ripper to finish for 2930 more seconds
2022-01-24 19:46:48.382 rip:171 INFO   Found this many tiff files: 18274
2022-01-24 19:46:48.390 rip:163 INFO Watching for ripper to finish for 2920 more seconds
2022-01-24 19:46:58.546 rip:171 INFO   Found this many tiff files: 18547
2022-01-24 19:46:58.549 rip:163 INFO Watching for ripper to finish for 2910 more seconds
2022-01-24 19:47:08.696 rip:171 INFO   Found this many tiff files: 18819
2022-01-24 19:47:08.699 rip:163 INFO Watching for ripper to finish for 2900 more seconds
2022-01-24 19:47:18.857 rip:171 INFO   Found this many tiff files: 19097
2022-01-24 19:47:18.875 rip:163 INFO Watching for ripper to finish for 2890 more seconds
2022-01-24 19:47:29.052 rip:171 INFO   Found this many tiff files: 19337
2022-01-24 19:47:29.053 rip:163 INFO Watching for ripper to finish for 2880 more seconds
2022-01-24 19:47:39.212 rip:171 INFO   Found this many tiff files: 19611
2022-01-24 19:47:39.236 rip:163 INFO Watching for ripper to finish for 2870 more seconds
2022-01-24 19:47:49.398 rip:171 INFO   Found this many tiff files: 19896
2022-01-24 19:47:49.399 rip:163 INFO Watching for ripper to finish for 2860 more seconds
2022-01-24 19:47:59.566 rip:171 INFO   Found this many tiff files: 20166
2022-01-24 19:47:59.589 rip:163 INFO Watching for ripper to finish for 2850 more seconds
2022-01-24 19:48:09.767 rip:171 INFO   Found this many tiff files: 20407
2022-01-24 19:48:09.784 rip:163 INFO Watching for ripper to finish for 2840 more seconds
2022-01-24 19:48:19.955 rip:171 INFO   Found this many tiff files: 20651
2022-01-24 19:48:19.964 rip:163 INFO Watching for ripper to finish for 2830 more seconds
2022-01-24 19:48:30.121 rip:171 INFO   Found this many tiff files: 20920
2022-01-24 19:48:30.145 rip:163 INFO Watching for ripper to finish for 2820 more seconds
2022-01-24 19:48:40.308 rip:171 INFO   Found this many tiff files: 21152
2022-01-24 19:48:40.311 rip:163 INFO Watching for ripper to finish for 2810 more seconds
2022-01-24 19:48:50.480 rip:171 INFO   Found this many tiff files: 21419
2022-01-24 19:48:50.484 rip:163 INFO Watching for ripper to finish for 2800 more seconds
2022-01-24 19:49:00.617 rip:171 INFO   Found this many tiff files: 21690
2022-01-24 19:49:00.632 rip:163 INFO Watching for ripper to finish for 2790 more seconds
2022-01-24 19:49:10.800 rip:171 INFO   Found this many tiff files: 21932
2022-01-24 19:49:10.801 rip:163 INFO Watching for ripper to finish for 2780 more seconds
2022-01-24 19:49:20.977 rip:171 INFO   Found this many tiff files: 22182
2022-01-24 19:49:20.978 rip:163 INFO Watching for ripper to finish for 2770 more seconds
2022-01-24 19:49:31.151 rip:171 INFO   Found this many tiff files: 22402
2022-01-24 19:49:31.158 rip:163 INFO Watching for ripper to finish for 2760 more seconds
2022-01-24 19:49:41.398 rip:171 INFO   Found this many tiff files: 22629
2022-01-24 19:49:41.399 rip:163 INFO Watching for ripper to finish for 2750 more seconds
2022-01-24 19:49:51.575 rip:171 INFO   Found this many tiff files: 22883
2022-01-24 19:49:51.576 rip:163 INFO Watching for ripper to finish for 2740 more seconds
2022-01-24 19:50:01.741 rip:171 INFO   Found this many tiff files: 23129
2022-01-24 19:50:01.744 rip:163 INFO Watching for ripper to finish for 2730 more seconds
2022-01-24 19:50:11.923 rip:171 INFO   Found this many tiff files: 23380
2022-01-24 19:50:11.928 rip:163 INFO Watching for ripper to finish for 2720 more seconds
2022-01-24 19:50:22.116 rip:171 INFO   Found this many tiff files: 23621
2022-01-24 19:50:22.122 rip:163 INFO Watching for ripper to finish for 2710 more seconds
2022-01-24 19:50:32.265 rip:171 INFO   Found this many tiff files: 23870
2022-01-24 19:50:32.291 rip:163 INFO Watching for ripper to finish for 2700 more seconds
2022-01-24 19:50:42.417 rip:171 INFO   Found this many tiff files: 24086
2022-01-24 19:50:42.418 rip:163 INFO Watching for ripper to finish for 2690 more seconds
2022-01-24 19:50:52.669 rip:171 INFO   Found this many tiff files: 24307
2022-01-24 19:50:52.682 rip:163 INFO Watching for ripper to finish for 2680 more seconds
2022-01-24 19:51:02.881 rip:171 INFO   Found this many tiff files: 24556
2022-01-24 19:51:02.903 rip:163 INFO Watching for ripper to finish for 2670 more seconds
2022-01-24 19:51:13.088 rip:171 INFO   Found this many tiff files: 24785
2022-01-24 19:51:13.089 rip:163 INFO Watching for ripper to finish for 2660 more seconds
2022-01-24 19:51:23.292 rip:171 INFO   Found this many tiff files: 25006
2022-01-24 19:51:23.307 rip:163 INFO Watching for ripper to finish for 2650 more seconds
2022-01-24 19:51:33.549 rip:171 INFO   Found this many tiff files: 25231
2022-01-24 19:51:33.570 rip:163 INFO Watching for ripper to finish for 2640 more seconds
2022-01-24 19:51:43.745 rip:171 INFO   Found this many tiff files: 25454
2022-01-24 19:51:43.760 rip:163 INFO Watching for ripper to finish for 2630 more seconds
2022-01-24 19:51:53.967 rip:171 INFO   Found this many tiff files: 25697
2022-01-24 19:51:53.969 rip:163 INFO Watching for ripper to finish for 2620 more seconds
2022-01-24 19:52:04.182 rip:171 INFO   Found this many tiff files: 25942
2022-01-24 19:52:04.183 rip:163 INFO Watching for ripper to finish for 2610 more seconds
2022-01-24 19:52:14.384 rip:171 INFO   Found this many tiff files: 26200
2022-01-24 19:52:14.385 rip:163 INFO Watching for ripper to finish for 2600 more seconds
2022-01-24 19:52:24.583 rip:171 INFO   Found this many tiff files: 26441
2022-01-24 19:52:24.584 rip:163 INFO Watching for ripper to finish for 2590 more seconds
2022-01-24 19:52:34.798 rip:171 INFO   Found this many tiff files: 26657
2022-01-24 19:52:34.799 rip:163 INFO Watching for ripper to finish for 2580 more seconds
2022-01-24 19:52:44.999 rip:171 INFO   Found this many tiff files: 26893
2022-01-24 19:52:45.006 rip:163 INFO Watching for ripper to finish for 2570 more seconds
2022-01-24 19:52:55.216 rip:171 INFO   Found this many tiff files: 27111
2022-01-24 19:52:55.218 rip:163 INFO Watching for ripper to finish for 2560 more seconds
2022-01-24 19:53:05.408 rip:171 INFO   Found this many tiff files: 27329
2022-01-24 19:53:05.412 rip:163 INFO Watching for ripper to finish for 2550 more seconds
2022-01-24 19:53:15.641 rip:171 INFO   Found this many tiff files: 27554
2022-01-24 19:53:15.645 rip:163 INFO Watching for ripper to finish for 2540 more seconds
2022-01-24 19:53:25.857 rip:171 INFO   Found this many tiff files: 27799
2022-01-24 19:53:25.859 rip:163 INFO Watching for ripper to finish for 2530 more seconds
2022-01-24 19:53:36.066 rip:171 INFO   Found this many tiff files: 28029
2022-01-24 19:53:36.070 rip:163 INFO Watching for ripper to finish for 2520 more seconds
2022-01-24 19:53:46.286 rip:171 INFO   Found this many tiff files: 28255
2022-01-24 19:53:46.290 rip:163 INFO Watching for ripper to finish for 2510 more seconds
2022-01-24 19:53:56.535 rip:171 INFO   Found this many tiff files: 28478
2022-01-24 19:53:56.538 rip:163 INFO Watching for ripper to finish for 2500 more seconds
2022-01-24 19:54:06.754 rip:171 INFO   Found this many tiff files: 28688
2022-01-24 19:54:06.755 rip:163 INFO Watching for ripper to finish for 2490 more seconds
2022-01-24 19:54:16.969 rip:171 INFO   Found this many tiff files: 28894
2022-01-24 19:54:16.969 rip:163 INFO Watching for ripper to finish for 2480 more seconds
2022-01-24 19:54:27.133 rip:171 INFO   Found this many tiff files: 29120
2022-01-24 19:54:27.265 rip:163 INFO Watching for ripper to finish for 2470 more seconds
2022-01-24 19:54:37.485 rip:171 INFO   Found this many tiff files: 29327
2022-01-24 19:54:37.487 rip:163 INFO Watching for ripper to finish for 2460 more seconds
2022-01-24 19:54:47.728 rip:171 INFO   Found this many tiff files: 29539
2022-01-24 19:54:47.729 rip:163 INFO Watching for ripper to finish for 2450 more seconds
2022-01-24 19:54:57.938 rip:171 INFO   Found this many tiff files: 29762
2022-01-24 19:54:57.938 rip:163 INFO Watching for ripper to finish for 2440 more seconds
2022-01-24 19:55:08.172 rip:171 INFO   Found this many tiff files: 29989
2022-01-24 19:55:08.208 rip:163 INFO Watching for ripper to finish for 2430 more seconds
2022-01-24 19:55:18.526 rip:171 INFO   Found this many tiff files: 30204
2022-01-24 19:55:18.530 rip:163 INFO Watching for ripper to finish for 2420 more seconds
2022-01-24 19:55:28.746 rip:171 INFO   Found this many tiff files: 30427
2022-01-24 19:55:28.748 rip:163 INFO Watching for ripper to finish for 2410 more seconds
2022-01-24 19:55:39.021 rip:171 INFO   Found this many tiff files: 30642
2022-01-24 19:55:39.022 rip:163 INFO Watching for ripper to finish for 2400 more seconds
2022-01-24 19:55:49.238 rip:171 INFO   Found this many tiff files: 30849
2022-01-24 19:55:49.241 rip:163 INFO Watching for ripper to finish for 2390 more seconds
2022-01-24 19:55:59.463 rip:171 INFO   Found this many tiff files: 31060
2022-01-24 19:55:59.471 rip:163 INFO Watching for ripper to finish for 2380 more seconds
2022-01-24 19:56:09.698 rip:171 INFO   Found this many tiff files: 31276
2022-01-24 19:56:09.704 rip:163 INFO Watching for ripper to finish for 2370 more seconds
2022-01-24 19:56:19.901 rip:171 INFO   Found this many tiff files: 31497
2022-01-24 19:56:19.902 rip:163 INFO Watching for ripper to finish for 2360 more seconds
2022-01-24 19:56:30.130 rip:171 INFO   Found this many tiff files: 31704
2022-01-24 19:56:30.131 rip:163 INFO Watching for ripper to finish for 2350 more seconds
2022-01-24 19:56:40.365 rip:171 INFO   Found this many tiff files: 31893
2022-01-24 19:56:40.367 rip:163 INFO Watching for ripper to finish for 2340 more seconds
2022-01-24 19:56:50.609 rip:171 INFO   Found this many tiff files: 32104
2022-01-24 19:56:50.613 rip:163 INFO Watching for ripper to finish for 2330 more seconds
2022-01-24 19:57:00.840 rip:171 INFO   Found this many tiff files: 32311
2022-01-24 19:57:00.853 rip:163 INFO Watching for ripper to finish for 2320 more seconds
2022-01-24 19:57:11.097 rip:171 INFO   Found this many tiff files: 32508
2022-01-24 19:57:11.099 rip:163 INFO Watching for ripper to finish for 2310 more seconds
2022-01-24 19:57:21.346 rip:171 INFO   Found this many tiff files: 32718
2022-01-24 19:57:21.348 rip:163 INFO Watching for ripper to finish for 2300 more seconds
2022-01-24 19:57:31.576 rip:171 INFO   Found this many tiff files: 32921
2022-01-24 19:57:31.581 rip:163 INFO Watching for ripper to finish for 2290 more seconds
2022-01-24 19:57:41.820 rip:171 INFO   Found this many tiff files: 33127
2022-01-24 19:57:41.822 rip:163 INFO Watching for ripper to finish for 2280 more seconds
2022-01-24 19:57:52.067 rip:171 INFO   Found this many tiff files: 33333
2022-01-24 19:57:52.069 rip:163 INFO Watching for ripper to finish for 2270 more seconds
2022-01-24 19:58:02.318 rip:171 INFO   Found this many tiff files: 33537
2022-01-24 19:58:02.319 rip:163 INFO Watching for ripper to finish for 2260 more seconds
2022-01-24 19:58:12.553 rip:171 INFO   Found this many tiff files: 33755
2022-01-24 19:58:12.555 rip:163 INFO Watching for ripper to finish for 2250 more seconds
2022-01-24 19:58:22.893 rip:171 INFO   Found this many tiff files: 33950
2022-01-24 19:58:22.893 rip:163 INFO Watching for ripper to finish for 2240 more seconds
2022-01-24 19:58:33.154 rip:171 INFO   Found this many tiff files: 34172
2022-01-24 19:58:33.156 rip:163 INFO Watching for ripper to finish for 2230 more seconds
2022-01-24 19:58:43.334 rip:171 INFO   Found this many tiff files: 34370
2022-01-24 19:58:43.337 rip:163 INFO Watching for ripper to finish for 2220 more seconds
2022-01-24 19:58:53.585 rip:171 INFO   Found this many tiff files: 34564
2022-01-24 19:58:53.586 rip:163 INFO Watching for ripper to finish for 2210 more seconds
2022-01-24 19:59:03.853 rip:171 INFO   Found this many tiff files: 34774
2022-01-24 19:59:03.854 rip:163 INFO Watching for ripper to finish for 2200 more seconds
2022-01-24 19:59:14.124 rip:171 INFO   Found this many tiff files: 34978
2022-01-24 19:59:14.127 rip:163 INFO Watching for ripper to finish for 2190 more seconds
2022-01-24 19:59:24.371 rip:171 INFO   Found this many tiff files: 35188
2022-01-24 19:59:24.372 rip:163 INFO Watching for ripper to finish for 2180 more seconds
2022-01-24 19:59:34.626 rip:171 INFO   Found this many tiff files: 35398
2022-01-24 19:59:34.628 rip:163 INFO Watching for ripper to finish for 2170 more seconds
2022-01-24 19:59:44.891 rip:171 INFO   Found this many tiff files: 35611
2022-01-24 19:59:44.892 rip:163 INFO Watching for ripper to finish for 2160 more seconds
2022-01-24 19:59:55.144 rip:171 INFO   Found this many tiff files: 35813
2022-01-24 19:59:55.149 rip:163 INFO Watching for ripper to finish for 2150 more seconds
2022-01-24 20:00:05.389 rip:171 INFO   Found this many tiff files: 36008
2022-01-24 20:00:05.389 rip:163 INFO Watching for ripper to finish for 2140 more seconds
2022-01-24 20:00:15.642 rip:171 INFO   Found this many tiff files: 36222
2022-01-24 20:00:15.643 rip:163 INFO Watching for ripper to finish for 2130 more seconds
2022-01-24 20:00:25.903 rip:171 INFO   Found this many tiff files: 36432
2022-01-24 20:00:25.906 rip:163 INFO Watching for ripper to finish for 2120 more seconds
2022-01-24 20:00:36.184 rip:171 INFO   Found this many tiff files: 36629
2022-01-24 20:00:36.188 rip:163 INFO Watching for ripper to finish for 2110 more seconds
2022-01-24 20:00:46.455 rip:171 INFO   Found this many tiff files: 36827
2022-01-24 20:00:46.456 rip:163 INFO Watching for ripper to finish for 2100 more seconds
2022-01-24 20:00:56.706 rip:171 INFO   Found this many tiff files: 37020
2022-01-24 20:00:56.707 rip:163 INFO Watching for ripper to finish for 2090 more seconds
2022-01-24 20:01:07.012 rip:171 INFO   Found this many tiff files: 37223
2022-01-24 20:01:07.016 rip:163 INFO Watching for ripper to finish for 2080 more seconds
2022-01-24 20:01:17.283 rip:171 INFO   Found this many tiff files: 37409
2022-01-24 20:01:17.289 rip:163 INFO Watching for ripper to finish for 2070 more seconds
2022-01-24 20:01:27.565 rip:171 INFO   Found this many tiff files: 37620
2022-01-24 20:01:27.571 rip:163 INFO Watching for ripper to finish for 2060 more seconds
2022-01-24 20:01:38.028 rip:171 INFO   Found this many tiff files: 37803
2022-01-24 20:01:38.032 rip:163 INFO Watching for ripper to finish for 2050 more seconds
2022-01-24 20:01:48.284 rip:171 INFO   Found this many tiff files: 38014
2022-01-24 20:01:48.285 rip:163 INFO Watching for ripper to finish for 2040 more seconds
2022-01-24 20:01:58.555 rip:171 INFO   Found this many tiff files: 38213
2022-01-24 20:01:58.556 rip:163 INFO Watching for ripper to finish for 2030 more seconds
2022-01-24 20:02:08.828 rip:171 INFO   Found this many tiff files: 38417
2022-01-24 20:02:08.829 rip:163 INFO Watching for ripper to finish for 2020 more seconds
2022-01-24 20:02:19.099 rip:171 INFO   Found this many tiff files: 38602
2022-01-24 20:02:19.104 rip:163 INFO Watching for ripper to finish for 2010 more seconds
2022-01-24 20:02:29.405 rip:171 INFO   Found this many tiff files: 38797
2022-01-24 20:02:29.407 rip:163 INFO Watching for ripper to finish for 2000 more seconds
2022-01-24 20:02:39.702 rip:171 INFO   Found this many tiff files: 39006
2022-01-24 20:02:39.703 rip:163 INFO Watching for ripper to finish for 1990 more seconds
2022-01-24 20:02:49.963 rip:171 INFO   Found this many tiff files: 39196
2022-01-24 20:02:49.963 rip:163 INFO Watching for ripper to finish for 1980 more seconds
2022-01-24 20:03:00.245 rip:171 INFO   Found this many tiff files: 39406
2022-01-24 20:03:00.253 rip:163 INFO Watching for ripper to finish for 1970 more seconds
2022-01-24 20:03:10.535 rip:171 INFO   Found this many tiff files: 39603
2022-01-24 20:03:10.538 rip:163 INFO Watching for ripper to finish for 1960 more seconds
2022-01-24 20:03:20.842 rip:171 INFO   Found this many tiff files: 39796
2022-01-24 20:03:20.843 rip:163 INFO Watching for ripper to finish for 1950 more seconds
2022-01-24 20:03:31.165 rip:171 INFO   Found this many tiff files: 39989
2022-01-24 20:03:31.166 rip:163 INFO Watching for ripper to finish for 1940 more seconds
2022-01-24 20:03:41.472 rip:171 INFO   Found this many tiff files: 40179
2022-01-24 20:03:41.473 rip:163 INFO Watching for ripper to finish for 1930 more seconds
2022-01-24 20:03:51.784 rip:171 INFO   Found this many tiff files: 40375
2022-01-24 20:03:51.785 rip:163 INFO Watching for ripper to finish for 1920 more seconds
2022-01-24 20:04:02.058 rip:171 INFO   Found this many tiff files: 40575
2022-01-24 20:04:02.061 rip:163 INFO Watching for ripper to finish for 1910 more seconds
2022-01-24 20:04:12.369 rip:171 INFO   Found this many tiff files: 40769
2022-01-24 20:04:12.392 rip:163 INFO Watching for ripper to finish for 1900 more seconds
2022-01-24 20:04:22.679 rip:171 INFO   Found this many tiff files: 40955
2022-01-24 20:04:22.686 rip:163 INFO Watching for ripper to finish for 1890 more seconds
2022-01-24 20:04:32.982 rip:171 INFO   Found this many tiff files: 41139
2022-01-24 20:04:32.982 rip:163 INFO Watching for ripper to finish for 1880 more seconds
2022-01-24 20:04:43.268 rip:171 INFO   Found this many tiff files: 41327
2022-01-24 20:04:43.268 rip:163 INFO Watching for ripper to finish for 1870 more seconds
2022-01-24 20:04:53.572 rip:171 INFO   Found this many tiff files: 41519
2022-01-24 20:04:53.574 rip:163 INFO Watching for ripper to finish for 1860 more seconds
2022-01-24 20:05:03.873 rip:171 INFO   Found this many tiff files: 41729
2022-01-24 20:05:03.880 rip:163 INFO Watching for ripper to finish for 1850 more seconds
2022-01-24 20:05:14.176 rip:171 INFO   Found this many tiff files: 41900
2022-01-24 20:05:14.178 rip:163 INFO Watching for ripper to finish for 1840 more seconds
2022-01-24 20:05:24.475 rip:171 INFO   Found this many tiff files: 42081
2022-01-24 20:05:24.484 rip:163 INFO Watching for ripper to finish for 1830 more seconds
2022-01-24 20:05:34.786 rip:171 INFO   Found this many tiff files: 42263
2022-01-24 20:05:34.788 rip:163 INFO Watching for ripper to finish for 1820 more seconds
2022-01-24 20:05:45.054 rip:171 INFO   Found this many tiff files: 42447
2022-01-24 20:05:45.055 rip:163 INFO Watching for ripper to finish for 1810 more seconds
2022-01-24 20:05:55.355 rip:171 INFO   Found this many tiff files: 42640
2022-01-24 20:05:55.358 rip:163 INFO Watching for ripper to finish for 1800 more seconds
2022-01-24 20:06:05.656 rip:171 INFO   Found this many tiff files: 42821
2022-01-24 20:06:05.672 rip:163 INFO Watching for ripper to finish for 1790 more seconds
2022-01-24 20:06:15.974 rip:171 INFO   Found this many tiff files: 43019
2022-01-24 20:06:15.975 rip:163 INFO Watching for ripper to finish for 1780 more seconds
2022-01-24 20:06:26.280 rip:171 INFO   Found this many tiff files: 43217
2022-01-24 20:06:26.281 rip:163 INFO Watching for ripper to finish for 1770 more seconds
2022-01-24 20:06:36.591 rip:171 INFO   Found this many tiff files: 43419
2022-01-24 20:06:36.600 rip:163 INFO Watching for ripper to finish for 1760 more seconds
2022-01-24 20:06:46.912 rip:171 INFO   Found this many tiff files: 43603
2022-01-24 20:06:46.912 rip:163 INFO Watching for ripper to finish for 1750 more seconds
2022-01-24 20:06:57.239 rip:171 INFO   Found this many tiff files: 43795
2022-01-24 20:06:57.239 rip:163 INFO Watching for ripper to finish for 1740 more seconds
2022-01-24 20:07:07.554 rip:171 INFO   Found this many tiff files: 43980
2022-01-24 20:07:07.556 rip:163 INFO Watching for ripper to finish for 1730 more seconds
2022-01-24 20:07:17.877 rip:171 INFO   Found this many tiff files: 44156
2022-01-24 20:07:17.880 rip:163 INFO Watching for ripper to finish for 1720 more seconds
2022-01-24 20:07:28.204 rip:171 INFO   Found this many tiff files: 44345
2022-01-24 20:07:28.222 rip:163 INFO Watching for ripper to finish for 1710 more seconds
2022-01-24 20:07:38.590 rip:171 INFO   Found this many tiff files: 44533
2022-01-24 20:07:38.591 rip:163 INFO Watching for ripper to finish for 1700 more seconds
2022-01-24 20:07:48.922 rip:171 INFO   Found this many tiff files: 44713
2022-01-24 20:07:48.923 rip:163 INFO Watching for ripper to finish for 1690 more seconds
2022-01-24 20:07:59.250 rip:171 INFO   Found this many tiff files: 44914
2022-01-24 20:07:59.251 rip:163 INFO Watching for ripper to finish for 1680 more seconds
2022-01-24 20:08:09.579 rip:171 INFO   Found this many tiff files: 45107
2022-01-24 20:08:09.582 rip:163 INFO Watching for ripper to finish for 1670 more seconds
2022-01-24 20:08:19.908 rip:171 INFO   Found this many tiff files: 45290
2022-01-24 20:08:19.910 rip:163 INFO Watching for ripper to finish for 1660 more seconds
2022-01-24 20:08:30.247 rip:171 INFO   Found this many tiff files: 45434
2022-01-24 20:08:30.256 rip:163 INFO Watching for ripper to finish for 1650 more seconds
2022-01-24 20:08:40.574 rip:171 INFO   Found this many tiff files: 45614
2022-01-24 20:08:40.574 rip:163 INFO Watching for ripper to finish for 1640 more seconds
2022-01-24 20:08:50.894 rip:171 INFO   Found this many tiff files: 45787
2022-01-24 20:08:50.895 rip:163 INFO Watching for ripper to finish for 1630 more seconds
2022-01-24 20:09:01.217 rip:171 INFO   Found this many tiff files: 45979
2022-01-24 20:09:01.219 rip:163 INFO Watching for ripper to finish for 1620 more seconds
2022-01-24 20:09:11.575 rip:171 INFO   Found this many tiff files: 46169
2022-01-24 20:09:11.578 rip:163 INFO Watching for ripper to finish for 1610 more seconds
2022-01-24 20:09:21.912 rip:171 INFO   Found this many tiff files: 46357
2022-01-24 20:09:21.917 rip:163 INFO Watching for ripper to finish for 1600 more seconds
2022-01-24 20:09:32.254 rip:171 INFO   Found this many tiff files: 46548
2022-01-24 20:09:32.255 rip:163 INFO Watching for ripper to finish for 1590 more seconds
2022-01-24 20:09:42.606 rip:171 INFO   Found this many tiff files: 46723
2022-01-24 20:09:42.607 rip:163 INFO Watching for ripper to finish for 1580 more seconds
2022-01-24 20:09:52.935 rip:171 INFO   Found this many tiff files: 46911
2022-01-24 20:09:52.936 rip:163 INFO Watching for ripper to finish for 1570 more seconds
2022-01-24 20:10:03.271 rip:171 INFO   Found this many tiff files: 47090
2022-01-24 20:10:03.272 rip:163 INFO Watching for ripper to finish for 1560 more seconds
2022-01-24 20:10:13.603 rip:171 INFO   Found this many tiff files: 47270
2022-01-24 20:10:13.604 rip:163 INFO Watching for ripper to finish for 1550 more seconds
2022-01-24 20:10:23.954 rip:171 INFO   Found this many tiff files: 47282
2022-01-24 20:10:23.954 rip:163 INFO Watching for ripper to finish for 1540 more seconds
2022-01-24 20:10:34.335 rip:171 INFO   Found this many tiff files: 47282
2022-01-24 20:10:34.336 rip:174 INFO Detected ripping is complete
2022-01-24 20:10:44.346 rip:176 INFO Killing ripper
2022-01-24 20:10:44.347 rip:178 INFO Ripper has been killed
2022-01-24 20:10:44.397 rip:153 INFO Cleaned up!
