CSE012-plane1-20211126-SNLKT-ripper
/snlkt/data/_DATA/specialk_cs/2p/raw/CSE012/20211126
20211126_CSE012_plane1_-304.7_raw-073
5.5.64.500
45364
2022-01-24 19:31:33.674 rip:209 INFO Container Started for 20211126_CSE012_plane1_-304.7_raw-073
2022-01-24 19:31:33.674 rip:41 INFO Path available /data/20211126_CSE012_plane1_-304.7_raw-073
2022-01-24 19:31:33.681 rip:64 INFO Ripping from:
 /data/20211126_CSE012_plane1_-304.7_raw-073/20211126_CSE012_plane1_-304.7_raw-073_Cycle00001_VoltageRecording_001_VRFilelist.txt
 /data/20211126_CSE012_plane1_-304.7_raw-073/Cycle00001_Filelist.txt
 /data/20211126_CSE012_plane1_-304.7_raw-073/CYCLE_000001_RAWDATA_002013
 /data/20211126_CSE012_plane1_-304.7_raw-073/CYCLE_000001_RAWDATA_002014
 /data/20211126_CSE012_plane1_-304.7_raw-073/CYCLE_000001_RAWDATA_002015
 /data/20211126_CSE012_plane1_-304.7_raw-073/CYCLE_000001_RAWDATA_002016
 /data/20211126_CSE012_plane1_-304.7_raw-073/CYCLE_000001_RAWDATA_002017
 /data/20211126_CSE012_plane1_-304.7_raw-073/CYCLE_000001_RAWDATA_002018
 /data/20211126_CSE012_plane1_-304.7_raw-073/CYCLE_000001_RAWDATA_002019
 /data/20211126_CSE012_plane1_-304.7_raw-073/CYCLE_000001_RAWDATA_002020
 /data/20211126_CSE012_plane1_-304.7_raw-073/CYCLE_000001_RAWDATA_002021
 /data/20211126_CSE012_plane1_-304.7_raw-073/CYCLE_000001_RAWDATA_002022
 /data/20211126_CSE012_plane1_-304.7_raw-073/CYCLE_000001_RAWDATA_002023
 /data/20211126_CSE012_plane1_-304.7_raw-073/CYCLE_000001_RAWDATA_002024
 /data/20211126_CSE012_plane1_-304.7_raw-073/CYCLE_000001_RAWDATA_002025
 /data/20211126_CSE012_plane1_-304.7_raw-073/CYCLE_000001_RAWDATA_002026
 /data/20211126_CSE012_plane1_-304.7_raw-073/CYCLE_000001_RAWDATA_002027
 /data/20211126_CSE012_plane1_-304.7_raw-073/CYCLE_000001_RAWDATA_002028
 /data/20211126_CSE012_plane1_-304.7_raw-073/CYCLE_000001_RAWDATA_002029
 /data/20211126_CSE012_plane1_-304.7_raw-073/CYCLE_000001_RAWDATA_002030
 /data/20211126_CSE012_plane1_-304.7_raw-073/CYCLE_000001_RAWDATA_002031
 /data/20211126_CSE012_plane1_-304.7_raw-073/CYCLE_000001_RAWDATA_002032
 /data/20211126_CSE012_plane1_-304.7_raw-073/CYCLE_000001_RAWDATA_002033
 /data/20211126_CSE012_plane1_-304.7_raw-073/CYCLE_000001_RAWDATA_002034
 /data/20211126_CSE012_plane1_-304.7_raw-073/CYCLE_000001_RAWDATA_002035
 /data/20211126_CSE012_plane1_-304.7_raw-073/CYCLE_000001_RAWDATA_002036
 /data/20211126_CSE012_plane1_-304.7_raw-073/CYCLE_000001_RAWDATA_002037
 /data/20211126_CSE012_plane1_-304.7_raw-073/CYCLE_000001_RAWDATA_002038
 /data/20211126_CSE012_plane1_-304.7_raw-073/CYCLE_000001_RAWDATA_002039
 /data/20211126_CSE012_plane1_-304.7_raw-073/CYCLE_000001_RAWDATA_002040
 /data/20211126_CSE012_plane1_-304.7_raw-073/CYCLE_000001_RAWDATA_002041
 /data/20211126_CSE012_plane1_-304.7_raw-073/CYCLE_000001_RAWDATA_002042
 /data/20211126_CSE012_plane1_-304.7_raw-073/CYCLE_000001_RAWDATA_002043
 /data/20211126_CSE012_plane1_-304.7_raw-073/CYCLE_000001_RAWDATA_002044
 /data/20211126_CSE012_plane1_-304.7_raw-073/CYCLE_000001_RAWDATA_002045
 /data/20211126_CSE012_plane1_-304.7_raw-073/CYCLE_000001_RAWDATA_002046
 /data/20211126_CSE012_plane1_-304.7_raw-073/CYCLE_000001_RAWDATA_002047
2022-01-24 19:31:33.681 rip:67 INFO Ripping to: /temp/20211126_CSE012_plane1_-304.7_raw-073
2022-01-24 19:31:33.688 rip:94 INFO Ripping has started!
2022-01-24 19:31:38.694 rip:111 INFO Found .csv file for behavior: /temp/20211126_CSE012_plane1_-304.7_raw-073/20211126_CSE012_plane1_-304.7_raw-073_Cycle00001_VoltageRecording_001.csv
2022-01-24 19:31:38.694 rip:117 INFO Voltage Recording .csv size: 18195702
2022-01-24 19:31:48.705 rip:125 INFO Voltage Recording .csv size: 95308911
2022-01-24 19:31:48.706 rip:133 INFO Still ripping voltage recording...
2022-01-24 19:31:58.716 rip:125 INFO Voltage Recording .csv size: 172248354
2022-01-24 19:31:58.718 rip:133 INFO Still ripping voltage recording...
2022-01-24 19:32:08.728 rip:125 INFO Voltage Recording .csv size: 246567214
2022-01-24 19:32:08.729 rip:133 INFO Still ripping voltage recording...
2022-01-24 19:32:18.740 rip:125 INFO Voltage Recording .csv size: 323034190
2022-01-24 19:32:18.740 rip:133 INFO Still ripping voltage recording...
2022-01-24 19:32:28.750 rip:125 INFO Voltage Recording .csv size: 398167113
2022-01-24 19:32:28.752 rip:133 INFO Still ripping voltage recording...
2022-01-24 19:32:38.762 rip:125 INFO Voltage Recording .csv size: 476778332
2022-01-24 19:32:38.763 rip:133 INFO Still ripping voltage recording...
2022-01-24 19:32:48.769 rip:125 INFO Voltage Recording .csv size: 554166750
2022-01-24 19:32:48.771 rip:133 INFO Still ripping voltage recording...
2022-01-24 19:32:58.781 rip:125 INFO Voltage Recording .csv size: 629394103
2022-01-24 19:32:58.783 rip:133 INFO Still ripping voltage recording...
2022-01-24 19:33:08.794 rip:125 INFO Voltage Recording .csv size: 706968134
2022-01-24 19:33:08.796 rip:133 INFO Still ripping voltage recording...
2022-01-24 19:33:18.806 rip:125 INFO Voltage Recording .csv size: 778258776
2022-01-24 19:33:18.808 rip:133 INFO Still ripping voltage recording...
2022-01-24 19:33:28.818 rip:125 INFO Voltage Recording .csv size: 849731174
2022-01-24 19:33:28.819 rip:133 INFO Still ripping voltage recording...
2022-01-24 19:33:38.829 rip:125 INFO Voltage Recording .csv size: 924657077
2022-01-24 19:33:38.831 rip:133 INFO Still ripping voltage recording...
2022-01-24 19:33:48.841 rip:125 INFO Voltage Recording .csv size: 1000210888
2022-01-24 19:33:48.843 rip:133 INFO Still ripping voltage recording...
2022-01-24 19:33:58.853 rip:125 INFO Voltage Recording .csv size: 1077602893
2022-01-24 19:33:58.854 rip:133 INFO Still ripping voltage recording...
2022-01-24 19:34:08.864 rip:125 INFO Voltage Recording .csv size: 1149174221
2022-01-24 19:34:08.866 rip:133 INFO Still ripping voltage recording...
2022-01-24 19:34:18.876 rip:125 INFO Voltage Recording .csv size: 1220697007
2022-01-24 19:34:18.877 rip:133 INFO Still ripping voltage recording...
2022-01-24 19:34:28.881 rip:125 INFO Voltage Recording .csv size: 1294696719
2022-01-24 19:34:28.882 rip:133 INFO Still ripping voltage recording...
2022-01-24 19:34:38.892 rip:125 INFO Voltage Recording .csv size: 1369906800
2022-01-24 19:34:38.893 rip:133 INFO Still ripping voltage recording...
2022-01-24 19:34:48.894 rip:125 INFO Voltage Recording .csv size: 1445290275
2022-01-24 19:34:48.895 rip:133 INFO Still ripping voltage recording...
2022-01-24 19:34:58.905 rip:125 INFO Voltage Recording .csv size: 1522896245
2022-01-24 19:34:58.906 rip:133 INFO Still ripping voltage recording...
2022-01-24 19:35:08.915 rip:125 INFO Voltage Recording .csv size: 1599060674
2022-01-24 19:35:08.927 rip:133 INFO Still ripping voltage recording...
2022-01-24 19:35:18.937 rip:125 INFO Voltage Recording .csv size: 1671903706
2022-01-24 19:35:18.938 rip:133 INFO Still ripping voltage recording...
2022-01-24 19:35:28.948 rip:125 INFO Voltage Recording .csv size: 1745313148
2022-01-24 19:35:28.954 rip:133 INFO Still ripping voltage recording...
2022-01-24 19:35:38.965 rip:125 INFO Voltage Recording .csv size: 1818007342
2022-01-24 19:35:38.995 rip:133 INFO Still ripping voltage recording...
2022-01-24 19:35:49.006 rip:125 INFO Voltage Recording .csv size: 1818063089
2022-01-24 19:35:49.012 rip:133 INFO Still ripping voltage recording...
2022-01-24 19:35:59.022 rip:125 INFO Voltage Recording .csv size: 1818063089
2022-01-24 19:35:59.026 rip:139 INFO Voltage .csv Ripping Complete!
2022-01-24 19:35:59.026 rip:160 INFO Starting to rip tiff files...
2022-01-24 19:35:59.026 rip:163 INFO Watching for ripper to finish for 3600 more seconds
2022-01-24 19:36:09.044 rip:171 INFO   Found this many tiff files: 480
2022-01-24 19:36:09.045 rip:163 INFO Watching for ripper to finish for 3590 more seconds
2022-01-24 19:36:19.063 rip:171 INFO   Found this many tiff files: 692
2022-01-24 19:36:19.083 rip:163 INFO Watching for ripper to finish for 3580 more seconds
2022-01-24 19:36:29.104 rip:171 INFO   Found this many tiff files: 942
2022-01-24 19:36:29.116 rip:163 INFO Watching for ripper to finish for 3570 more seconds
2022-01-24 19:36:39.138 rip:171 INFO   Found this many tiff files: 1160
2022-01-24 19:36:39.142 rip:163 INFO Watching for ripper to finish for 3560 more seconds
2022-01-24 19:36:49.177 rip:171 INFO   Found this many tiff files: 1389
2022-01-24 19:36:49.179 rip:163 INFO Watching for ripper to finish for 3550 more seconds
2022-01-24 19:36:59.203 rip:171 INFO   Found this many tiff files: 1641
2022-01-24 19:36:59.205 rip:163 INFO Watching for ripper to finish for 3540 more seconds
2022-01-24 19:37:09.233 rip:171 INFO   Found this many tiff files: 1900
2022-01-24 19:37:09.236 rip:163 INFO Watching for ripper to finish for 3530 more seconds
2022-01-24 19:37:19.262 rip:171 INFO   Found this many tiff files: 2200
2022-01-24 19:37:19.285 rip:163 INFO Watching for ripper to finish for 3520 more seconds
2022-01-24 19:37:29.311 rip:171 INFO   Found this many tiff files: 2485
2022-01-24 19:37:29.314 rip:163 INFO Watching for ripper to finish for 3510 more seconds
2022-01-24 19:37:39.352 rip:171 INFO   Found this many tiff files: 2767
2022-01-24 19:37:39.355 rip:163 INFO Watching for ripper to finish for 3500 more seconds
2022-01-24 19:37:49.392 rip:171 INFO   Found this many tiff files: 3037
2022-01-24 19:37:49.395 rip:163 INFO Watching for ripper to finish for 3490 more seconds
2022-01-24 19:37:59.439 rip:171 INFO   Found this many tiff files: 3248
2022-01-24 19:37:59.443 rip:163 INFO Watching for ripper to finish for 3480 more seconds
2022-01-24 19:38:09.486 rip:171 INFO   Found this many tiff files: 3534
2022-01-24 19:38:09.488 rip:163 INFO Watching for ripper to finish for 3470 more seconds
2022-01-24 19:38:19.532 rip:171 INFO   Found this many tiff files: 3823
2022-01-24 19:38:19.542 rip:163 INFO Watching for ripper to finish for 3460 more seconds
2022-01-24 19:38:29.576 rip:171 INFO   Found this many tiff files: 4088
2022-01-24 19:38:29.588 rip:163 INFO Watching for ripper to finish for 3450 more seconds
2022-01-24 19:38:39.625 rip:171 INFO   Found this many tiff files: 4381
2022-01-24 19:38:39.651 rip:163 INFO Watching for ripper to finish for 3440 more seconds
2022-01-24 19:38:49.691 rip:171 INFO   Found this many tiff files: 4645
2022-01-24 19:38:49.705 rip:163 INFO Watching for ripper to finish for 3430 more seconds
2022-01-24 19:38:59.762 rip:171 INFO   Found this many tiff files: 4911
2022-01-24 19:38:59.772 rip:163 INFO Watching for ripper to finish for 3420 more seconds
2022-01-24 19:39:09.844 rip:171 INFO   Found this many tiff files: 5152
2022-01-24 19:39:09.856 rip:163 INFO Watching for ripper to finish for 3410 more seconds
2022-01-24 19:39:19.906 rip:171 INFO   Found this many tiff files: 5409
2022-01-24 19:39:19.933 rip:163 INFO Watching for ripper to finish for 3400 more seconds
2022-01-24 19:39:30.016 rip:171 INFO   Found this many tiff files: 5688
2022-01-24 19:39:30.018 rip:163 INFO Watching for ripper to finish for 3390 more seconds
2022-01-24 19:39:40.096 rip:171 INFO   Found this many tiff files: 5931
2022-01-24 19:39:40.098 rip:163 INFO Watching for ripper to finish for 3380 more seconds
2022-01-24 19:39:50.144 rip:171 INFO   Found this many tiff files: 6206
2022-01-24 19:39:50.159 rip:163 INFO Watching for ripper to finish for 3370 more seconds
2022-01-24 19:40:00.214 rip:171 INFO   Found this many tiff files: 6495
2022-01-24 19:40:00.220 rip:163 INFO Watching for ripper to finish for 3360 more seconds
2022-01-24 19:40:10.276 rip:171 INFO   Found this many tiff files: 6779
2022-01-24 19:40:10.313 rip:163 INFO Watching for ripper to finish for 3350 more seconds
2022-01-24 19:40:20.364 rip:171 INFO   Found this many tiff files: 7028
2022-01-24 19:40:20.366 rip:163 INFO Watching for ripper to finish for 3340 more seconds
2022-01-24 19:40:30.429 rip:171 INFO   Found this many tiff files: 7331
2022-01-24 19:40:30.449 rip:163 INFO Watching for ripper to finish for 3330 more seconds
2022-01-24 19:40:40.506 rip:171 INFO   Found this many tiff files: 7610
2022-01-24 19:40:40.508 rip:163 INFO Watching for ripper to finish for 3320 more seconds
2022-01-24 19:40:50.589 rip:171 INFO   Found this many tiff files: 7867
2022-01-24 19:40:50.591 rip:163 INFO Watching for ripper to finish for 3310 more seconds
2022-01-24 19:41:00.672 rip:171 INFO   Found this many tiff files: 8148
2022-01-24 19:41:00.674 rip:163 INFO Watching for ripper to finish for 3300 more seconds
2022-01-24 19:41:10.761 rip:171 INFO   Found this many tiff files: 8419
2022-01-24 19:41:10.765 rip:163 INFO Watching for ripper to finish for 3290 more seconds
2022-01-24 19:41:20.859 rip:171 INFO   Found this many tiff files: 8700
2022-01-24 19:41:20.867 rip:163 INFO Watching for ripper to finish for 3280 more seconds
2022-01-24 19:41:30.956 rip:171 INFO   Found this many tiff files: 9024
2022-01-24 19:41:30.958 rip:163 INFO Watching for ripper to finish for 3270 more seconds
2022-01-24 19:41:41.027 rip:171 INFO   Found this many tiff files: 9325
2022-01-24 19:41:41.028 rip:163 INFO Watching for ripper to finish for 3260 more seconds
2022-01-24 19:41:51.124 rip:171 INFO   Found this many tiff files: 9646
2022-01-24 19:41:51.125 rip:163 INFO Watching for ripper to finish for 3250 more seconds
2022-01-24 19:42:01.218 rip:171 INFO   Found this many tiff files: 9914
2022-01-24 19:42:01.220 rip:163 INFO Watching for ripper to finish for 3240 more seconds
2022-01-24 19:42:11.330 rip:171 INFO   Found this many tiff files: 10182
2022-01-24 19:42:11.334 rip:163 INFO Watching for ripper to finish for 3230 more seconds
2022-01-24 19:42:21.436 rip:171 INFO   Found this many tiff files: 10454
2022-01-24 19:42:21.437 rip:163 INFO Watching for ripper to finish for 3220 more seconds
2022-01-24 19:42:31.539 rip:171 INFO   Found this many tiff files: 10708
2022-01-24 19:42:31.546 rip:163 INFO Watching for ripper to finish for 3210 more seconds
2022-01-24 19:42:41.639 rip:171 INFO   Found this many tiff files: 11003
2022-01-24 19:42:41.642 rip:163 INFO Watching for ripper to finish for 3200 more seconds
2022-01-24 19:42:51.748 rip:171 INFO   Found this many tiff files: 11267
2022-01-24 19:42:51.749 rip:163 INFO Watching for ripper to finish for 3190 more seconds
2022-01-24 19:43:01.859 rip:171 INFO   Found this many tiff files: 11518
2022-01-24 19:43:01.860 rip:163 INFO Watching for ripper to finish for 3180 more seconds
2022-01-24 19:43:11.970 rip:171 INFO   Found this many tiff files: 11771
2022-01-24 19:43:11.982 rip:163 INFO Watching for ripper to finish for 3170 more seconds
2022-01-24 19:43:22.092 rip:171 INFO   Found this many tiff files: 12001
2022-01-24 19:43:22.093 rip:163 INFO Watching for ripper to finish for 3160 more seconds
2022-01-24 19:43:32.188 rip:171 INFO   Found this many tiff files: 12276
2022-01-24 19:43:32.194 rip:163 INFO Watching for ripper to finish for 3150 more seconds
2022-01-24 19:43:42.311 rip:171 INFO   Found this many tiff files: 12523
2022-01-24 19:43:42.312 rip:163 INFO Watching for ripper to finish for 3140 more seconds
2022-01-24 19:43:52.425 rip:171 INFO   Found this many tiff files: 12763
2022-01-24 19:43:52.426 rip:163 INFO Watching for ripper to finish for 3130 more seconds
2022-01-24 19:44:02.598 rip:171 INFO   Found this many tiff files: 13006
2022-01-24 19:44:02.603 rip:163 INFO Watching for ripper to finish for 3120 more seconds
2022-01-24 19:44:12.723 rip:171 INFO   Found this many tiff files: 13265
2022-01-24 19:44:12.733 rip:163 INFO Watching for ripper to finish for 3110 more seconds
2022-01-24 19:44:22.854 rip:171 INFO   Found this many tiff files: 13499
2022-01-24 19:44:22.856 rip:163 INFO Watching for ripper to finish for 3100 more seconds
2022-01-24 19:44:32.969 rip:171 INFO   Found this many tiff files: 13728
2022-01-24 19:44:32.969 rip:163 INFO Watching for ripper to finish for 3090 more seconds
2022-01-24 19:44:43.101 rip:171 INFO   Found this many tiff files: 13954
2022-01-24 19:44:43.103 rip:163 INFO Watching for ripper to finish for 3080 more seconds
2022-01-24 19:44:53.229 rip:171 INFO   Found this many tiff files: 14188
2022-01-24 19:44:53.232 rip:163 INFO Watching for ripper to finish for 3070 more seconds
2022-01-24 19:45:03.344 rip:171 INFO   Found this many tiff files: 14453
2022-01-24 19:45:03.347 rip:163 INFO Watching for ripper to finish for 3060 more seconds
2022-01-24 19:45:13.478 rip:171 INFO   Found this many tiff files: 14677
2022-01-24 19:45:13.482 rip:163 INFO Watching for ripper to finish for 3050 more seconds
2022-01-24 19:45:23.619 rip:171 INFO   Found this many tiff files: 14942
2022-01-24 19:45:23.621 rip:163 INFO Watching for ripper to finish for 3040 more seconds
2022-01-24 19:45:33.748 rip:171 INFO   Found this many tiff files: 15209
2022-01-24 19:45:33.749 rip:163 INFO Watching for ripper to finish for 3030 more seconds
2022-01-24 19:45:43.876 rip:171 INFO   Found this many tiff files: 15452
2022-01-24 19:45:43.880 rip:163 INFO Watching for ripper to finish for 3020 more seconds
2022-01-24 19:45:54.007 rip:171 INFO   Found this many tiff files: 15714
2022-01-24 19:45:54.014 rip:163 INFO Watching for ripper to finish for 3010 more seconds
2022-01-24 19:46:04.152 rip:171 INFO   Found this many tiff files: 15974
2022-01-24 19:46:04.158 rip:163 INFO Watching for ripper to finish for 3000 more seconds
2022-01-24 19:46:14.295 rip:171 INFO   Found this many tiff files: 16250
2022-01-24 19:46:14.325 rip:163 INFO Watching for ripper to finish for 2990 more seconds
2022-01-24 19:46:24.463 rip:171 INFO   Found this many tiff files: 16500
2022-01-24 19:46:24.463 rip:163 INFO Watching for ripper to finish for 2980 more seconds
2022-01-24 19:46:34.603 rip:171 INFO   Found this many tiff files: 16756
2022-01-24 19:46:34.622 rip:163 INFO Watching for ripper to finish for 2970 more seconds
2022-01-24 19:46:44.770 rip:171 INFO   Found this many tiff files: 16987
2022-01-24 19:46:44.774 rip:163 INFO Watching for ripper to finish for 2960 more seconds
2022-01-24 19:46:54.913 rip:171 INFO   Found this many tiff files: 17221
2022-01-24 19:46:54.914 rip:163 INFO Watching for ripper to finish for 2950 more seconds
2022-01-24 19:47:05.027 rip:171 INFO   Found this many tiff files: 17472
2022-01-24 19:47:05.029 rip:163 INFO Watching for ripper to finish for 2940 more seconds
2022-01-24 19:47:15.175 rip:171 INFO   Found this many tiff files: 17729
2022-01-24 19:47:15.178 rip:163 INFO Watching for ripper to finish for 2930 more seconds
2022-01-24 19:47:25.326 rip:171 INFO   Found this many tiff files: 17992
2022-01-24 19:47:25.365 rip:163 INFO Watching for ripper to finish for 2920 more seconds
2022-01-24 19:47:35.508 rip:171 INFO   Found this many tiff files: 18239
2022-01-24 19:47:35.512 rip:163 INFO Watching for ripper to finish for 2910 more seconds
2022-01-24 19:47:45.668 rip:171 INFO   Found this many tiff files: 18483
2022-01-24 19:47:45.687 rip:163 INFO Watching for ripper to finish for 2900 more seconds
2022-01-24 19:47:55.830 rip:171 INFO   Found this many tiff files: 18714
2022-01-24 19:47:55.834 rip:163 INFO Watching for ripper to finish for 2890 more seconds
2022-01-24 19:48:06.009 rip:171 INFO   Found this many tiff files: 18956
2022-01-24 19:48:06.018 rip:163 INFO Watching for ripper to finish for 2880 more seconds
2022-01-24 19:48:16.172 rip:171 INFO   Found this many tiff files: 19196
2022-01-24 19:48:16.181 rip:163 INFO Watching for ripper to finish for 2870 more seconds
2022-01-24 19:48:26.339 rip:171 INFO   Found this many tiff files: 19450
2022-01-24 19:48:26.341 rip:163 INFO Watching for ripper to finish for 2860 more seconds
2022-01-24 19:48:36.520 rip:171 INFO   Found this many tiff files: 19690
2022-01-24 19:48:36.530 rip:163 INFO Watching for ripper to finish for 2850 more seconds
2022-01-24 19:48:46.687 rip:171 INFO   Found this many tiff files: 19942
2022-01-24 19:48:46.688 rip:163 INFO Watching for ripper to finish for 2840 more seconds
2022-01-24 19:48:56.869 rip:171 INFO   Found this many tiff files: 20186
2022-01-24 19:48:56.881 rip:163 INFO Watching for ripper to finish for 2830 more seconds
2022-01-24 19:49:07.049 rip:171 INFO   Found this many tiff files: 20418
2022-01-24 19:49:07.053 rip:163 INFO Watching for ripper to finish for 2820 more seconds
2022-01-24 19:49:17.234 rip:171 INFO   Found this many tiff files: 20661
2022-01-24 19:49:17.242 rip:163 INFO Watching for ripper to finish for 2810 more seconds
2022-01-24 19:49:27.407 rip:171 INFO   Found this many tiff files: 20911
2022-01-24 19:49:27.408 rip:163 INFO Watching for ripper to finish for 2800 more seconds
2022-01-24 19:49:37.598 rip:171 INFO   Found this many tiff files: 21156
2022-01-24 19:49:37.601 rip:163 INFO Watching for ripper to finish for 2790 more seconds
2022-01-24 19:49:47.772 rip:171 INFO   Found this many tiff files: 21394
2022-01-24 19:49:47.776 rip:163 INFO Watching for ripper to finish for 2780 more seconds
2022-01-24 19:49:57.953 rip:171 INFO   Found this many tiff files: 21615
2022-01-24 19:49:57.956 rip:163 INFO Watching for ripper to finish for 2770 more seconds
2022-01-24 19:50:08.118 rip:171 INFO   Found this many tiff files: 21841
2022-01-24 19:50:08.121 rip:163 INFO Watching for ripper to finish for 2760 more seconds
2022-01-24 19:50:18.277 rip:171 INFO   Found this many tiff files: 22065
2022-01-24 19:50:18.278 rip:163 INFO Watching for ripper to finish for 2750 more seconds
2022-01-24 19:50:28.460 rip:171 INFO   Found this many tiff files: 22295
2022-01-24 19:50:28.461 rip:163 INFO Watching for ripper to finish for 2740 more seconds
2022-01-24 19:50:38.635 rip:171 INFO   Found this many tiff files: 22524
2022-01-24 19:50:38.636 rip:163 INFO Watching for ripper to finish for 2730 more seconds
2022-01-24 19:50:48.829 rip:171 INFO   Found this many tiff files: 22734
2022-01-24 19:50:48.833 rip:163 INFO Watching for ripper to finish for 2720 more seconds
2022-01-24 19:50:59.014 rip:171 INFO   Found this many tiff files: 22957
2022-01-24 19:50:59.016 rip:163 INFO Watching for ripper to finish for 2710 more seconds
2022-01-24 19:51:09.204 rip:171 INFO   Found this many tiff files: 23210
2022-01-24 19:51:09.208 rip:163 INFO Watching for ripper to finish for 2700 more seconds
2022-01-24 19:51:19.428 rip:171 INFO   Found this many tiff files: 23450
2022-01-24 19:51:19.430 rip:163 INFO Watching for ripper to finish for 2690 more seconds
2022-01-24 19:51:29.623 rip:171 INFO   Found this many tiff files: 23678
2022-01-24 19:51:29.624 rip:163 INFO Watching for ripper to finish for 2680 more seconds
2022-01-24 19:51:39.799 rip:171 INFO   Found this many tiff files: 23901
2022-01-24 19:51:39.805 rip:163 INFO Watching for ripper to finish for 2670 more seconds
2022-01-24 19:51:49.997 rip:171 INFO   Found this many tiff files: 24111
2022-01-24 19:51:49.998 rip:163 INFO Watching for ripper to finish for 2660 more seconds
2022-01-24 19:52:00.206 rip:171 INFO   Found this many tiff files: 24330
2022-01-24 19:52:00.215 rip:163 INFO Watching for ripper to finish for 2650 more seconds
2022-01-24 19:52:10.345 rip:171 INFO   Found this many tiff files: 24585
2022-01-24 19:52:10.346 rip:163 INFO Watching for ripper to finish for 2640 more seconds
2022-01-24 19:52:20.558 rip:171 INFO   Found this many tiff files: 24818
2022-01-24 19:52:20.561 rip:163 INFO Watching for ripper to finish for 2630 more seconds
2022-01-24 19:52:30.736 rip:171 INFO   Found this many tiff files: 25055
2022-01-24 19:52:30.739 rip:163 INFO Watching for ripper to finish for 2620 more seconds
2022-01-24 19:52:40.962 rip:171 INFO   Found this many tiff files: 25275
2022-01-24 19:52:40.966 rip:163 INFO Watching for ripper to finish for 2610 more seconds
2022-01-24 19:52:51.156 rip:171 INFO   Found this many tiff files: 25499
2022-01-24 19:52:51.160 rip:163 INFO Watching for ripper to finish for 2600 more seconds
2022-01-24 19:53:01.353 rip:171 INFO   Found this many tiff files: 25724
2022-01-24 19:53:01.355 rip:163 INFO Watching for ripper to finish for 2590 more seconds
2022-01-24 19:53:11.535 rip:171 INFO   Found this many tiff files: 25940
2022-01-24 19:53:11.536 rip:163 INFO Watching for ripper to finish for 2580 more seconds
2022-01-24 19:53:21.745 rip:171 INFO   Found this many tiff files: 26165
2022-01-24 19:53:21.748 rip:163 INFO Watching for ripper to finish for 2570 more seconds
2022-01-24 19:53:31.940 rip:171 INFO   Found this many tiff files: 26398
2022-01-24 19:53:31.942 rip:163 INFO Watching for ripper to finish for 2560 more seconds
2022-01-24 19:53:42.151 rip:171 INFO   Found this many tiff files: 26625
2022-01-24 19:53:42.153 rip:163 INFO Watching for ripper to finish for 2550 more seconds
2022-01-24 19:53:52.345 rip:171 INFO   Found this many tiff files: 26840
2022-01-24 19:53:52.346 rip:163 INFO Watching for ripper to finish for 2540 more seconds
2022-01-24 19:54:02.549 rip:171 INFO   Found this many tiff files: 27081
2022-01-24 19:54:02.558 rip:163 INFO Watching for ripper to finish for 2530 more seconds
2022-01-24 19:54:12.779 rip:171 INFO   Found this many tiff files: 27315
2022-01-24 19:54:12.782 rip:163 INFO Watching for ripper to finish for 2520 more seconds
2022-01-24 19:54:22.979 rip:171 INFO   Found this many tiff files: 27551
2022-01-24 19:54:22.990 rip:163 INFO Watching for ripper to finish for 2510 more seconds
2022-01-24 19:54:33.219 rip:171 INFO   Found this many tiff files: 27767
2022-01-24 19:54:33.224 rip:163 INFO Watching for ripper to finish for 2500 more seconds
2022-01-24 19:54:43.426 rip:171 INFO   Found this many tiff files: 28014
2022-01-24 19:54:43.430 rip:163 INFO Watching for ripper to finish for 2490 more seconds
2022-01-24 19:54:53.631 rip:171 INFO   Found this many tiff files: 28226
2022-01-24 19:54:53.636 rip:163 INFO Watching for ripper to finish for 2480 more seconds
2022-01-24 19:55:03.861 rip:171 INFO   Found this many tiff files: 28436
2022-01-24 19:55:03.864 rip:163 INFO Watching for ripper to finish for 2470 more seconds
2022-01-24 19:55:14.072 rip:171 INFO   Found this many tiff files: 28665
2022-01-24 19:55:14.074 rip:163 INFO Watching for ripper to finish for 2460 more seconds
2022-01-24 19:55:24.306 rip:171 INFO   Found this many tiff files: 28900
2022-01-24 19:55:24.310 rip:163 INFO Watching for ripper to finish for 2450 more seconds
2022-01-24 19:55:34.488 rip:171 INFO   Found this many tiff files: 29106
2022-01-24 19:55:34.490 rip:163 INFO Watching for ripper to finish for 2440 more seconds
2022-01-24 19:55:44.732 rip:171 INFO   Found this many tiff files: 29315
2022-01-24 19:55:44.735 rip:163 INFO Watching for ripper to finish for 2430 more seconds
2022-01-24 19:55:54.963 rip:171 INFO   Found this many tiff files: 29531
2022-01-24 19:55:54.964 rip:163 INFO Watching for ripper to finish for 2420 more seconds
2022-01-24 19:56:05.139 rip:171 INFO   Found this many tiff files: 29727
2022-01-24 19:56:05.140 rip:163 INFO Watching for ripper to finish for 2410 more seconds
2022-01-24 19:56:15.369 rip:171 INFO   Found this many tiff files: 29947
2022-01-24 19:56:15.371 rip:163 INFO Watching for ripper to finish for 2400 more seconds
2022-01-24 19:56:25.608 rip:171 INFO   Found this many tiff files: 30161
2022-01-24 19:56:25.608 rip:163 INFO Watching for ripper to finish for 2390 more seconds
2022-01-24 19:56:35.821 rip:171 INFO   Found this many tiff files: 30359
2022-01-24 19:56:35.821 rip:163 INFO Watching for ripper to finish for 2380 more seconds
2022-01-24 19:56:46.050 rip:171 INFO   Found this many tiff files: 30585
2022-01-24 19:56:46.055 rip:163 INFO Watching for ripper to finish for 2370 more seconds
2022-01-24 19:56:56.290 rip:171 INFO   Found this many tiff files: 30817
2022-01-24 19:56:56.301 rip:163 INFO Watching for ripper to finish for 2360 more seconds
2022-01-24 19:57:06.519 rip:171 INFO   Found this many tiff files: 31035
2022-01-24 19:57:06.520 rip:163 INFO Watching for ripper to finish for 2350 more seconds
2022-01-24 19:57:16.751 rip:171 INFO   Found this many tiff files: 31240
2022-01-24 19:57:16.753 rip:163 INFO Watching for ripper to finish for 2340 more seconds
2022-01-24 19:57:27.002 rip:171 INFO   Found this many tiff files: 31460
2022-01-24 19:57:27.007 rip:163 INFO Watching for ripper to finish for 2330 more seconds
2022-01-24 19:57:37.233 rip:171 INFO   Found this many tiff files: 31665
2022-01-24 19:57:37.235 rip:163 INFO Watching for ripper to finish for 2320 more seconds
2022-01-24 19:57:47.473 rip:171 INFO   Found this many tiff files: 31889
2022-01-24 19:57:47.475 rip:163 INFO Watching for ripper to finish for 2310 more seconds
2022-01-24 19:57:57.764 rip:171 INFO   Found this many tiff files: 32104
2022-01-24 19:57:57.768 rip:163 INFO Watching for ripper to finish for 2300 more seconds
2022-01-24 19:58:08.018 rip:171 INFO   Found this many tiff files: 32315
2022-01-24 19:58:08.019 rip:163 INFO Watching for ripper to finish for 2290 more seconds
2022-01-24 19:58:18.231 rip:171 INFO   Found this many tiff files: 32524
2022-01-24 19:58:18.232 rip:163 INFO Watching for ripper to finish for 2280 more seconds
2022-01-24 19:58:28.421 rip:171 INFO   Found this many tiff files: 32733
2022-01-24 19:58:28.424 rip:163 INFO Watching for ripper to finish for 2270 more seconds
2022-01-24 19:58:38.682 rip:171 INFO   Found this many tiff files: 32940
2022-01-24 19:58:38.685 rip:163 INFO Watching for ripper to finish for 2260 more seconds
2022-01-24 19:58:48.912 rip:171 INFO   Found this many tiff files: 33140
2022-01-24 19:58:48.927 rip:163 INFO Watching for ripper to finish for 2250 more seconds
2022-01-24 19:58:59.168 rip:171 INFO   Found this many tiff files: 33352
2022-01-24 19:58:59.169 rip:163 INFO Watching for ripper to finish for 2240 more seconds
2022-01-24 19:59:09.422 rip:171 INFO   Found this many tiff files: 33573
2022-01-24 19:59:09.425 rip:163 INFO Watching for ripper to finish for 2230 more seconds
2022-01-24 19:59:19.655 rip:171 INFO   Found this many tiff files: 33776
2022-01-24 19:59:19.656 rip:163 INFO Watching for ripper to finish for 2220 more seconds
2022-01-24 19:59:29.941 rip:171 INFO   Found this many tiff files: 33984
2022-01-24 19:59:29.942 rip:163 INFO Watching for ripper to finish for 2210 more seconds
2022-01-24 19:59:40.205 rip:171 INFO   Found this many tiff files: 34183
2022-01-24 19:59:40.206 rip:163 INFO Watching for ripper to finish for 2200 more seconds
2022-01-24 19:59:50.463 rip:171 INFO   Found this many tiff files: 34395
2022-01-24 19:59:50.476 rip:163 INFO Watching for ripper to finish for 2190 more seconds
2022-01-24 20:00:00.692 rip:171 INFO   Found this many tiff files: 34615
2022-01-24 20:00:00.693 rip:163 INFO Watching for ripper to finish for 2180 more seconds
2022-01-24 20:00:10.941 rip:171 INFO   Found this many tiff files: 34806
2022-01-24 20:00:10.942 rip:163 INFO Watching for ripper to finish for 2170 more seconds
2022-01-24 20:00:21.186 rip:171 INFO   Found this many tiff files: 35008
2022-01-24 20:00:21.191 rip:163 INFO Watching for ripper to finish for 2160 more seconds
2022-01-24 20:00:31.459 rip:171 INFO   Found this many tiff files: 35192
2022-01-24 20:00:31.460 rip:163 INFO Watching for ripper to finish for 2150 more seconds
2022-01-24 20:00:41.691 rip:171 INFO   Found this many tiff files: 35393
2022-01-24 20:00:41.692 rip:163 INFO Watching for ripper to finish for 2140 more seconds
2022-01-24 20:00:51.951 rip:171 INFO   Found this many tiff files: 35592
2022-01-24 20:00:51.952 rip:163 INFO Watching for ripper to finish for 2130 more seconds
2022-01-24 20:01:02.199 rip:171 INFO   Found this many tiff files: 35817
2022-01-24 20:01:02.206 rip:163 INFO Watching for ripper to finish for 2120 more seconds
2022-01-24 20:01:12.479 rip:171 INFO   Found this many tiff files: 36013
2022-01-24 20:01:12.481 rip:163 INFO Watching for ripper to finish for 2110 more seconds
2022-01-24 20:01:22.730 rip:171 INFO   Found this many tiff files: 36193
2022-01-24 20:01:22.737 rip:163 INFO Watching for ripper to finish for 2100 more seconds
2022-01-24 20:01:33.003 rip:171 INFO   Found this many tiff files: 36396
2022-01-24 20:01:33.006 rip:163 INFO Watching for ripper to finish for 2090 more seconds
2022-01-24 20:01:43.276 rip:171 INFO   Found this many tiff files: 36589
2022-01-24 20:01:43.277 rip:163 INFO Watching for ripper to finish for 2080 more seconds
2022-01-24 20:01:53.564 rip:171 INFO   Found this many tiff files: 36785
2022-01-24 20:01:53.566 rip:163 INFO Watching for ripper to finish for 2070 more seconds
2022-01-24 20:02:03.880 rip:171 INFO   Found this many tiff files: 36985
2022-01-24 20:02:03.881 rip:163 INFO Watching for ripper to finish for 2060 more seconds
2022-01-24 20:02:14.124 rip:171 INFO   Found this many tiff files: 37171
2022-01-24 20:02:14.128 rip:163 INFO Watching for ripper to finish for 2050 more seconds
2022-01-24 20:02:24.408 rip:171 INFO   Found this many tiff files: 37361
2022-01-24 20:02:24.409 rip:163 INFO Watching for ripper to finish for 2040 more seconds
2022-01-24 20:02:34.686 rip:171 INFO   Found this many tiff files: 37549
2022-01-24 20:02:34.696 rip:163 INFO Watching for ripper to finish for 2030 more seconds
2022-01-24 20:02:44.980 rip:171 INFO   Found this many tiff files: 37744
2022-01-24 20:02:44.981 rip:163 INFO Watching for ripper to finish for 2020 more seconds
2022-01-24 20:02:55.265 rip:171 INFO   Found this many tiff files: 37955
2022-01-24 20:02:55.265 rip:163 INFO Watching for ripper to finish for 2010 more seconds
2022-01-24 20:03:05.517 rip:171 INFO   Found this many tiff files: 38155
2022-01-24 20:03:05.519 rip:163 INFO Watching for ripper to finish for 2000 more seconds
2022-01-24 20:03:15.782 rip:171 INFO   Found this many tiff files: 38373
2022-01-24 20:03:15.788 rip:163 INFO Watching for ripper to finish for 1990 more seconds
2022-01-24 20:03:26.055 rip:171 INFO   Found this many tiff files: 38574
2022-01-24 20:03:26.056 rip:163 INFO Watching for ripper to finish for 1980 more seconds
2022-01-24 20:03:36.350 rip:171 INFO   Found this many tiff files: 38781
2022-01-24 20:03:36.358 rip:163 INFO Watching for ripper to finish for 1970 more seconds
2022-01-24 20:03:46.639 rip:171 INFO   Found this many tiff files: 38975
2022-01-24 20:03:46.641 rip:163 INFO Watching for ripper to finish for 1960 more seconds
2022-01-24 20:03:56.865 rip:171 INFO   Found this many tiff files: 39173
2022-01-24 20:03:56.866 rip:163 INFO Watching for ripper to finish for 1950 more seconds
2022-01-24 20:04:07.113 rip:171 INFO   Found this many tiff files: 39372
2022-01-24 20:04:07.116 rip:163 INFO Watching for ripper to finish for 1940 more seconds
2022-01-24 20:04:17.400 rip:171 INFO   Found this many tiff files: 39557
2022-01-24 20:04:17.437 rip:163 INFO Watching for ripper to finish for 1930 more seconds
2022-01-24 20:04:27.714 rip:171 INFO   Found this many tiff files: 39758
2022-01-24 20:04:27.725 rip:163 INFO Watching for ripper to finish for 1920 more seconds
2022-01-24 20:04:38.023 rip:171 INFO   Found this many tiff files: 39941
2022-01-24 20:04:38.028 rip:163 INFO Watching for ripper to finish for 1910 more seconds
2022-01-24 20:04:48.329 rip:171 INFO   Found this many tiff files: 40135
2022-01-24 20:04:48.335 rip:163 INFO Watching for ripper to finish for 1900 more seconds
2022-01-24 20:04:58.627 rip:171 INFO   Found this many tiff files: 40316
2022-01-24 20:04:58.635 rip:163 INFO Watching for ripper to finish for 1890 more seconds
2022-01-24 20:05:08.938 rip:171 INFO   Found this many tiff files: 40498
2022-01-24 20:05:08.939 rip:163 INFO Watching for ripper to finish for 1880 more seconds
2022-01-24 20:05:19.210 rip:171 INFO   Found this many tiff files: 40665
2022-01-24 20:05:19.211 rip:163 INFO Watching for ripper to finish for 1870 more seconds
2022-01-24 20:05:29.495 rip:171 INFO   Found this many tiff files: 40854
2022-01-24 20:05:29.496 rip:163 INFO Watching for ripper to finish for 1860 more seconds
2022-01-24 20:05:39.780 rip:171 INFO   Found this many tiff files: 41030
2022-01-24 20:05:39.781 rip:163 INFO Watching for ripper to finish for 1850 more seconds
2022-01-24 20:05:50.073 rip:171 INFO   Found this many tiff files: 41213
2022-01-24 20:05:50.074 rip:163 INFO Watching for ripper to finish for 1840 more seconds
2022-01-24 20:06:00.368 rip:171 INFO   Found this many tiff files: 41399
2022-01-24 20:06:00.371 rip:163 INFO Watching for ripper to finish for 1830 more seconds
2022-01-24 20:06:10.677 rip:171 INFO   Found this many tiff files: 41594
2022-01-24 20:06:10.688 rip:163 INFO Watching for ripper to finish for 1820 more seconds
2022-01-24 20:06:21.021 rip:171 INFO   Found this many tiff files: 41786
2022-01-24 20:06:21.022 rip:163 INFO Watching for ripper to finish for 1810 more seconds
2022-01-24 20:06:31.335 rip:171 INFO   Found this many tiff files: 41978
2022-01-24 20:06:31.336 rip:163 INFO Watching for ripper to finish for 1800 more seconds
2022-01-24 20:06:41.636 rip:171 INFO   Found this many tiff files: 42155
2022-01-24 20:06:41.637 rip:163 INFO Watching for ripper to finish for 1790 more seconds
2022-01-24 20:06:51.953 rip:171 INFO   Found this many tiff files: 42347
2022-01-24 20:06:51.957 rip:163 INFO Watching for ripper to finish for 1780 more seconds
2022-01-24 20:07:02.248 rip:171 INFO   Found this many tiff files: 42528
2022-01-24 20:07:02.249 rip:163 INFO Watching for ripper to finish for 1770 more seconds
2022-01-24 20:07:12.639 rip:171 INFO   Found this many tiff files: 42710
2022-01-24 20:07:12.639 rip:163 INFO Watching for ripper to finish for 1760 more seconds
2022-01-24 20:07:22.934 rip:171 INFO   Found this many tiff files: 42884
2022-01-24 20:07:22.935 rip:163 INFO Watching for ripper to finish for 1750 more seconds
2022-01-24 20:07:33.174 rip:171 INFO   Found this many tiff files: 43074
2022-01-24 20:07:33.175 rip:163 INFO Watching for ripper to finish for 1740 more seconds
2022-01-24 20:07:43.581 rip:171 INFO   Found this many tiff files: 43266
2022-01-24 20:07:43.591 rip:163 INFO Watching for ripper to finish for 1730 more seconds
2022-01-24 20:07:53.894 rip:171 INFO   Found this many tiff files: 43453
2022-01-24 20:07:53.895 rip:163 INFO Watching for ripper to finish for 1720 more seconds
2022-01-24 20:08:04.209 rip:171 INFO   Found this many tiff files: 43649
2022-01-24 20:08:04.210 rip:163 INFO Watching for ripper to finish for 1710 more seconds
2022-01-24 20:08:14.532 rip:171 INFO   Found this many tiff files: 43834
2022-01-24 20:08:14.533 rip:163 INFO Watching for ripper to finish for 1700 more seconds
2022-01-24 20:08:24.830 rip:171 INFO   Found this many tiff files: 43998
2022-01-24 20:08:24.830 rip:163 INFO Watching for ripper to finish for 1690 more seconds
2022-01-24 20:08:35.149 rip:171 INFO   Found this many tiff files: 44169
2022-01-24 20:08:35.153 rip:163 INFO Watching for ripper to finish for 1680 more seconds
2022-01-24 20:08:45.490 rip:171 INFO   Found this many tiff files: 44358
2022-01-24 20:08:45.491 rip:163 INFO Watching for ripper to finish for 1670 more seconds
2022-01-24 20:08:55.818 rip:171 INFO   Found this many tiff files: 44539
2022-01-24 20:08:55.829 rip:163 INFO Watching for ripper to finish for 1660 more seconds
2022-01-24 20:09:06.167 rip:171 INFO   Found this many tiff files: 44737
2022-01-24 20:09:06.171 rip:163 INFO Watching for ripper to finish for 1650 more seconds
2022-01-24 20:09:16.494 rip:171 INFO   Found this many tiff files: 44932
2022-01-24 20:09:16.495 rip:163 INFO Watching for ripper to finish for 1640 more seconds
2022-01-24 20:09:26.826 rip:171 INFO   Found this many tiff files: 45127
2022-01-24 20:09:26.833 rip:163 INFO Watching for ripper to finish for 1630 more seconds
2022-01-24 20:09:37.158 rip:171 INFO   Found this many tiff files: 45314
2022-01-24 20:09:37.158 rip:163 INFO Watching for ripper to finish for 1620 more seconds
2022-01-24 20:09:47.505 rip:171 INFO   Found this many tiff files: 45364
2022-01-24 20:09:47.507 rip:163 INFO Watching for ripper to finish for 1610 more seconds
2022-01-24 20:09:57.883 rip:171 INFO   Found this many tiff files: 45364
2022-01-24 20:09:57.884 rip:174 INFO Detected ripping is complete
2022-01-24 20:10:07.895 rip:176 INFO Killing ripper
2022-01-24 20:10:07.896 rip:178 INFO Ripper has been killed
2022-01-24 20:10:07.927 rip:153 INFO Cleaned up!
