CSE012-plane1-SNLKT-ripper
/snlkt/data/_DATA/specialk_cs/2p/raw/CSE012/20211112
20211112_CSE012_plane1_-317.025_raw-033
5.5.64.500
46293
CSE012-plane1-SNLKT-ripper
/snlkt/data/_DATA/specialk_cs/2p/raw/CSE012/20211119
20211119_CSE012_plane1_-257.25_raw-053
5.5.64.500
46356
CSE012-plane1-SNLKT-ripper
/snlkt/data/_DATA/specialk_cs/2p/raw/CSE012/20211126
20211126_CSE012_plane1_-304.7_raw-073
5.5.64.500
45364
CSE012-plane1-SNLKT-ripper
/snlkt/data/_DATA/specialk_cs/2p/raw/CSE012/20211203
20211203_CSE012_plane1_-349.825_raw-091
5.5.64.500
45153
CSE012-plane1-SNLKT-ripper
/snlkt/data/_DATA/specialk_cs/2p/raw/CSE012/20211210
20211210_CSE012_plane1_-281.275_raw-109
5.5.64.500
47282
2022-01-24 19:26:03.834 rip:209 INFO Container Started for 20211112_CSE012_plane1_-317.025_raw-033
2022-01-24 19:26:03.835 rip:41 INFO Path available /data/20211112_CSE012_plane1_-317.025_raw-033
2022-01-24 19:26:03.841 rip:64 INFO Ripping from:
 /data/20211112_CSE012_plane1_-317.025_raw-033/20211112_CSE012_plane1_-317.025_raw-033_Cycle00001_VoltageRecording_001_VRFilelist.txt
 /data/20211112_CSE012_plane1_-317.025_raw-033/Cycle00001_Filelist.txt
 /data/20211112_CSE012_plane1_-317.025_raw-033/CYCLE_000001_RAWDATA_002011
 /data/20211112_CSE012_plane1_-317.025_raw-033/CYCLE_000001_RAWDATA_002012
 /data/20211112_CSE012_plane1_-317.025_raw-033/CYCLE_000001_RAWDATA_002013
 /data/20211112_CSE012_plane1_-317.025_raw-033/CYCLE_000001_RAWDATA_002014
 /data/20211112_CSE012_plane1_-317.025_raw-033/CYCLE_000001_RAWDATA_002015
 /data/20211112_CSE012_plane1_-317.025_raw-033/CYCLE_000001_RAWDATA_002016
 /data/20211112_CSE012_plane1_-317.025_raw-033/CYCLE_000001_RAWDATA_002017
 /data/20211112_CSE012_plane1_-317.025_raw-033/CYCLE_000001_RAWDATA_002018
 /data/20211112_CSE012_plane1_-317.025_raw-033/CYCLE_000001_RAWDATA_002019
 /data/20211112_CSE012_plane1_-317.025_raw-033/CYCLE_000001_RAWDATA_002020
 /data/20211112_CSE012_plane1_-317.025_raw-033/CYCLE_000001_RAWDATA_002021
 /data/20211112_CSE012_plane1_-317.025_raw-033/CYCLE_000001_RAWDATA_002022
 /data/20211112_CSE012_plane1_-317.025_raw-033/CYCLE_000001_RAWDATA_002023
 /data/20211112_CSE012_plane1_-317.025_raw-033/CYCLE_000001_RAWDATA_002024
 /data/20211112_CSE012_plane1_-317.025_raw-033/CYCLE_000001_RAWDATA_002025
 /data/20211112_CSE012_plane1_-317.025_raw-033/CYCLE_000001_RAWDATA_002026
 /data/20211112_CSE012_plane1_-317.025_raw-033/CYCLE_000001_RAWDATA_002027
 /data/20211112_CSE012_plane1_-317.025_raw-033/CYCLE_000001_RAWDATA_002028
 /data/20211112_CSE012_plane1_-317.025_raw-033/CYCLE_000001_RAWDATA_002029
 /data/20211112_CSE012_plane1_-317.025_raw-033/CYCLE_000001_RAWDATA_002030
 /data/20211112_CSE012_plane1_-317.025_raw-033/CYCLE_000001_RAWDATA_002031
 /data/20211112_CSE012_plane1_-317.025_raw-033/CYCLE_000001_RAWDATA_002032
 /data/20211112_CSE012_plane1_-317.025_raw-033/CYCLE_000001_RAWDATA_002033
 /data/20211112_CSE012_plane1_-317.025_raw-033/CYCLE_000001_RAWDATA_002034
 /data/20211112_CSE012_plane1_-317.025_raw-033/CYCLE_000001_RAWDATA_002035
 /data/20211112_CSE012_plane1_-317.025_raw-033/CYCLE_000001_RAWDATA_002036
 /data/20211112_CSE012_plane1_-317.025_raw-033/CYCLE_000001_RAWDATA_002037
 /data/20211112_CSE012_plane1_-317.025_raw-033/CYCLE_000001_RAWDATA_002038
 /data/20211112_CSE012_plane1_-317.025_raw-033/CYCLE_000001_RAWDATA_002039
 /data/20211112_CSE012_plane1_-317.025_raw-033/CYCLE_000001_RAWDATA_002040
 /data/20211112_CSE012_plane1_-317.025_raw-033/CYCLE_000001_RAWDATA_002041
 /data/20211112_CSE012_plane1_-317.025_raw-033/CYCLE_000001_RAWDATA_002042
 /data/20211112_CSE012_plane1_-317.025_raw-033/CYCLE_000001_RAWDATA_002043
 /data/20211112_CSE012_plane1_-317.025_raw-033/CYCLE_000001_RAWDATA_002044
 /data/20211112_CSE012_plane1_-317.025_raw-033/CYCLE_000001_RAWDATA_002045
2022-01-24 19:26:03.841 rip:67 INFO Ripping to: /temp/20211112_CSE012_plane1_-317.025_raw-033
2022-01-24 19:26:03.848 rip:94 INFO Ripping has started!
CSE012-plane1-SNLKT-ripper
/snlkt/data/_DATA/specialk_cs/2p/raw/CSE012/20211215
20211215_CSE012_plane1_-322.225_raw-127
5.5.64.500
47162
2022-01-24 19:26:08.854 rip:111 INFO Found .csv file for behavior: /temp/20211112_CSE012_plane1_-317.025_raw-033/20211112_CSE012_plane1_-317.025_raw-033_Cycle00001_VoltageRecording_001.csv
2022-01-24 19:26:08.855 rip:117 INFO Voltage Recording .csv size: 25553323
2022-01-24 19:26:18.866 rip:125 INFO Voltage Recording .csv size: 124148194
2022-01-24 19:26:18.867 rip:133 INFO Still ripping voltage recording...
2022-01-24 19:26:28.877 rip:125 INFO Voltage Recording .csv size: 221749036
2022-01-24 19:26:28.879 rip:133 INFO Still ripping voltage recording...
2022-01-24 19:26:38.889 rip:125 INFO Voltage Recording .csv size: 314975009
2022-01-24 19:26:38.891 rip:133 INFO Still ripping voltage recording...
